Log file open, 12/13/16 18:10:25
LogInit:Display: Running engine for game: MyProject5
LogPlatformFile: Not using cached read wrapper
LogInit:Display: RandInit(-143544781) SRandInit(-143544781).
LogTaskGraph: Started task graph with 5 named threads and 8 total threads with 1 sets of task threads.
LogStats: Stats thread started at 0.079230
LogPluginManager: Loaded Plugin Paper2D, From C:/UE4/UnrealEngine/Epic Games/4.14/Engine/Plugins/2D/Paper2D/Paper2D.uplugin
LogPluginManager: Loaded Plugin LightPropagationVolume, From C:/UE4/UnrealEngine/Epic Games/4.14/Engine/Plugins/Blendables/LightPropagationVolume/LightPropagationVolume.uplugin
LogPluginManager: Loaded Plugin BlankPlugin, From C:/UE4/UnrealEngine/Epic Games/4.14/Engine/Plugins/Developer/BlankPlugin/BlankPlugin.uplugin
LogPluginManager: Loaded Plugin CodeLiteSourceCodeAccess, From C:/UE4/UnrealEngine/Epic Games/4.14/Engine/Plugins/Developer/CodeLiteSourceCodeAccess/CodeLiteSourceCodeAccess.uplugin
LogPluginManager: Loaded Plugin GitSourceControl, From C:/UE4/UnrealEngine/Epic Games/4.14/Engine/Plugins/Developer/GitSourceControl/GitSourceControl.uplugin
LogPluginManager: Loaded Plugin KDevelopSourceCodeAccess, From C:/UE4/UnrealEngine/Epic Games/4.14/Engine/Plugins/Developer/KDevelopSourceCodeAccess/KDevelopSourceCodeAccess.uplugin
LogPluginManager: Loaded Plugin NullSourceCodeAccess, From C:/UE4/UnrealEngine/Epic Games/4.14/Engine/Plugins/Developer/NullSourceCodeAccess/NullSourceCodeAccess.uplugin
LogPluginManager: Loaded Plugin OneSkyLocalizationService, From C:/UE4/UnrealEngine/Epic Games/4.14/Engine/Plugins/Developer/OneSkyLocalizationService/OneSkyLocalizationService.uplugin
LogPluginManager: Loaded Plugin PerforceSourceControl, From C:/UE4/UnrealEngine/Epic Games/4.14/Engine/Plugins/Developer/PerforceSourceControl/PerforceSourceControl.uplugin
LogPluginManager: Loaded Plugin SubversionSourceControl, From C:/UE4/UnrealEngine/Epic Games/4.14/Engine/Plugins/Developer/SubversionSourceControl/SubversionSourceControl.uplugin
LogPluginManager: Loaded Plugin UObjectPlugin, From C:/UE4/UnrealEngine/Epic Games/4.14/Engine/Plugins/Developer/UObjectPlugin/UObjectPlugin.uplugin
LogPluginManager: Loaded Plugin VisualStudioSourceCodeAccess, From C:/UE4/UnrealEngine/Epic Games/4.14/Engine/Plugins/Developer/VisualStudioSourceCodeAccess/VisualStudioSourceCodeAccess.uplugin
LogPluginManager: Loaded Plugin XCodeSourceCodeAccess, From C:/UE4/UnrealEngine/Epic Games/4.14/Engine/Plugins/Developer/XCodeSourceCodeAccess/XCodeSourceCodeAccess.uplugin
LogPluginManager: Loaded Plugin AudioCapture, From C:/UE4/UnrealEngine/Epic Games/4.14/Engine/Plugins/Editor/AudioCapture/AudioCapture.uplugin
LogPluginManager: Loaded Plugin EpicSurvey, From C:/UE4/UnrealEngine/Epic Games/4.14/Engine/Plugins/Editor/EpicSurvey/EpicSurvey.uplugin
LogPluginManager: Loaded Plugin MacGraphicsSwitching, From C:/UE4/UnrealEngine/Epic Games/4.14/Engine/Plugins/Editor/MacGraphicsSwitching/MacGraphicsSwitching.uplugin
LogPluginManager: Loaded Plugin MobileLauncherProfileWizard, From C:/UE4/UnrealEngine/Epic Games/4.14/Engine/Plugins/Editor/MobileLauncherProfileWizard/MobileLauncherProfileWizard.uplugin
LogPluginManager: Loaded Plugin PluginBrowser, From C:/UE4/UnrealEngine/Epic Games/4.14/Engine/Plugins/Editor/PluginBrowser/PluginBrowser.uplugin
LogPluginManager: Loaded Plugin SpeedTreeImporter, From C:/UE4/UnrealEngine/Epic Games/4.14/Engine/Plugins/Editor/SpeedTreeImporter/SpeedTreeImporter.uplugin
LogPluginManager: Loaded Plugin SuperSearchEditor, From C:/UE4/UnrealEngine/Epic Games/4.14/Engine/Plugins/Editor/SuperSearchEditor/SuperSearchEditor.uplugin
LogPluginManager: Loaded Plugin AlembicImporter, From C:/UE4/UnrealEngine/Epic Games/4.14/Engine/Plugins/Experimental/AlembicImporter/AlembicImporter.uplugin
LogPluginManager: Loaded Plugin BlueprintStats, From C:/UE4/UnrealEngine/Epic Games/4.14/Engine/Plugins/Experimental/BlueprintStats/BlueprintStats.uplugin
LogPluginManager: Loaded Plugin CharacterAI, From C:/UE4/UnrealEngine/Epic Games/4.14/Engine/Plugins/Experimental/CharacterAI/CharacterAI.uplugin
LogPluginManager: Loaded Plugin CodeEditor, From C:/UE4/UnrealEngine/Epic Games/4.14/Engine/Plugins/Experimental/CodeEditor/CodeEditor.uplugin
LogPluginManager: Loaded Plugin CodeView, From C:/UE4/UnrealEngine/Epic Games/4.14/Engine/Plugins/Experimental/CodeView/CodeView.uplugin
LogPluginManager: Loaded Plugin HTML5Networking, From C:/UE4/UnrealEngine/Epic Games/4.14/Engine/Plugins/Experimental/HTML5Networking/HTML5Networking.uplugin
LogPluginManager: Loaded Plugin OSVR, From C:/UE4/UnrealEngine/Epic Games/4.14/Engine/Plugins/Experimental/OSVR/OSVR.uplugin
LogPluginManager: Loaded Plugin Phya, From C:/UE4/UnrealEngine/Epic Games/4.14/Engine/Plugins/Experimental/Phya/Phya.uplugin
LogPluginManager: Loaded Plugin SignificanceManager, From C:/UE4/UnrealEngine/Epic Games/4.14/Engine/Plugins/Experimental/SignificanceManager/SignificanceManager.uplugin
LogPluginManager: Loaded Plugin SimpleHMD, From C:/UE4/UnrealEngine/Epic Games/4.14/Engine/Plugins/Experimental/SimpleHMD/SimpleHMD.uplugin
LogPluginManager: Loaded Plugin StereoPanorama, From C:/UE4/UnrealEngine/Epic Games/4.14/Engine/Plugins/Experimental/StereoPanorama/StereoPanorama.uplugin
LogPluginManager: Loaded Plugin StructBox, From C:/UE4/UnrealEngine/Epic Games/4.14/Engine/Plugins/Experimental/StructBox/StructBox.uplugin
LogPluginManager: Loaded Plugin AndroidMedia, From C:/UE4/UnrealEngine/Epic Games/4.14/Engine/Plugins/Media/AndroidMedia/AndroidMedia.uplugin
LogPluginManager: Loaded Plugin AvfMedia, From C:/UE4/UnrealEngine/Epic Games/4.14/Engine/Plugins/Media/AvfMedia/AvfMedia.uplugin
LogPluginManager: Loaded Plugin MediaPlayerEditor, From C:/UE4/UnrealEngine/Epic Games/4.14/Engine/Plugins/Media/MediaPlayerEditor/MediaPlayerEditor.uplugin
LogPluginManager: Loaded Plugin WmfMedia, From C:/UE4/UnrealEngine/Epic Games/4.14/Engine/Plugins/Media/WmfMedia/WmfMedia.uplugin
LogPluginManager: Loaded Plugin MessagingDebugger, From C:/UE4/UnrealEngine/Epic Games/4.14/Engine/Plugins/Messaging/MessagingDebugger/MessagingDebugger.uplugin
LogPluginManager: Loaded Plugin TcpMessaging, From C:/UE4/UnrealEngine/Epic Games/4.14/Engine/Plugins/Messaging/TcpMessaging/TcpMessaging.uplugin
LogPluginManager: Loaded Plugin UdpMessaging, From C:/UE4/UnrealEngine/Epic Games/4.14/Engine/Plugins/Messaging/UdpMessaging/UdpMessaging.uplugin
LogPluginManager: Loaded Plugin LevelSequenceEditor, From C:/UE4/UnrealEngine/Epic Games/4.14/Engine/Plugins/MovieScene/LevelSequenceEditor/LevelSequenceEditor.uplugin
LogPluginManager: Loaded Plugin MatineeToLevelSequence, From C:/UE4/UnrealEngine/Epic Games/4.14/Engine/Plugins/MovieScene/MatineeToLevelSequence/MatineeToLevelSequence.uplugin
LogPluginManager: Loaded Plugin NetcodeUnitTest, From C:/UE4/UnrealEngine/Epic Games/4.14/Engine/Plugins/NetcodeUnitTest/NetcodeUnitTest/NetcodeUnitTest.uplugin
LogPluginManager: Loaded Plugin NUTUnrealEngine4, From C:/UE4/UnrealEngine/Epic Games/4.14/Engine/Plugins/NetcodeUnitTest/NUTUnrealEngine4/NUTUnrealEngine4.uplugin
LogPluginManager: Loaded Plugin OnlineSubsystemGameCircle, From C:/UE4/UnrealEngine/Epic Games/4.14/Engine/Plugins/Online/Android/OnlineSubsystemGameCircle/OnlineSubsystemGameCircle.uplugin
LogPluginManager: Loaded Plugin OnlineSubsystemGooglePlay, From C:/UE4/UnrealEngine/Epic Games/4.14/Engine/Plugins/Online/Android/OnlineSubsystemGooglePlay/OnlineSubsystemGooglePlay.uplugin
LogPluginManager: Loaded Plugin OnlineSubsystemIOS, From C:/UE4/UnrealEngine/Epic Games/4.14/Engine/Plugins/Online/IOS/OnlineSubsystemIOS/OnlineSubsystemIOS.uplugin
LogPluginManager: Loaded Plugin OnlineFramework, From C:/UE4/UnrealEngine/Epic Games/4.14/Engine/Plugins/Online/OnlineFramework/OnlineFramework.uplugin
LogPluginManager: Loaded Plugin OnlineSubsystem, From C:/UE4/UnrealEngine/Epic Games/4.14/Engine/Plugins/Online/OnlineSubsystem/OnlineSubsystem.uplugin
LogPluginManager: Loaded Plugin OnlineSubsystemAmazon, From C:/UE4/UnrealEngine/Epic Games/4.14/Engine/Plugins/Online/OnlineSubsystemAmazon/OnlineSubsystemAmazon.uplugin
LogPluginManager: Loaded Plugin OnlineSubsystemFacebook, From C:/UE4/UnrealEngine/Epic Games/4.14/Engine/Plugins/Online/OnlineSubsystemFacebook/OnlineSubsystemFacebook.uplugin
LogPluginManager: Loaded Plugin OnlineSubsystemNull, From C:/UE4/UnrealEngine/Epic Games/4.14/Engine/Plugins/Online/OnlineSubsystemNull/OnlineSubsystemNull.uplugin
LogPluginManager: Loaded Plugin OnlineSubsystemOculus, From C:/UE4/UnrealEngine/Epic Games/4.14/Engine/Plugins/Online/OnlineSubsystemOculus/OnlineSubsystemOculus.uplugin
LogPluginManager: Loaded Plugin OnlineSubsystemSteam, From C:/UE4/UnrealEngine/Epic Games/4.14/Engine/Plugins/Online/OnlineSubsystemSteam/OnlineSubsystemSteam.uplugin
LogPluginManager: Loaded Plugin OnlineSubsystemUtils, From C:/UE4/UnrealEngine/Epic Games/4.14/Engine/Plugins/Online/OnlineSubsystemUtils/OnlineSubsystemUtils.uplugin
LogPluginManager: Loaded Plugin IOSTapJoy, From C:/UE4/UnrealEngine/Epic Games/4.14/Engine/Plugins/Runtime/Advertising/IOSTapJoy/IOSTapJoy.uplugin
LogPluginManager: Loaded Plugin AnalyticsBlueprintLibrary, From C:/UE4/UnrealEngine/Epic Games/4.14/Engine/Plugins/Runtime/Analytics/AnalyticsBlueprintLibrary/AnalyticsBlueprintLibrary.uplugin
LogPluginManager: Loaded Plugin AnalyticsMulticast, From C:/UE4/UnrealEngine/Epic Games/4.14/Engine/Plugins/Runtime/Analytics/AnalyticsMulticast/AnalyticsMulticast.uplugin
LogPluginManager: Loaded Plugin Apsalar, From C:/UE4/UnrealEngine/Epic Games/4.14/Engine/Plugins/Runtime/Analytics/Apsalar/Apsalar.uplugin
LogPluginManager: Loaded Plugin FileLogging, From C:/UE4/UnrealEngine/Epic Games/4.14/Engine/Plugins/Runtime/Analytics/FileLogging/FileLogging.uplugin
LogPluginManager: Loaded Plugin Flurry, From C:/UE4/UnrealEngine/Epic Games/4.14/Engine/Plugins/Runtime/Analytics/Flurry/Flurry.uplugin
LogPluginManager: Loaded Plugin AndroidDeviceProfileSelector, From C:/UE4/UnrealEngine/Epic Games/4.14/Engine/Plugins/Runtime/AndroidDeviceProfileSelector/AndroidDeviceProfileSelector.uplugin
LogPluginManager: Loaded Plugin AndroidMoviePlayer, From C:/UE4/UnrealEngine/Epic Games/4.14/Engine/Plugins/Runtime/AndroidMoviePlayer/AndroidMoviePlayer.uplugin
LogPluginManager: Loaded Plugin AppleMoviePlayer, From C:/UE4/UnrealEngine/Epic Games/4.14/Engine/Plugins/Runtime/AppleMoviePlayer/AppleMoviePlayer.uplugin
LogPluginManager: Loaded Plugin ArchVisCharacter, From C:/UE4/UnrealEngine/Epic Games/4.14/Engine/Plugins/Runtime/ArchVisCharacter/ArchVisCharacter.uplugin
LogPluginManager: Loaded Plugin CableComponent, From C:/UE4/UnrealEngine/Epic Games/4.14/Engine/Plugins/Runtime/CableComponent/CableComponent.uplugin
LogPluginManager: Loaded Plugin CustomMeshComponent, From C:/UE4/UnrealEngine/Epic Games/4.14/Engine/Plugins/Runtime/CustomMeshComponent/CustomMeshComponent.uplugin
LogPluginManager: Loaded Plugin ExampleDeviceProfileSelector, From C:/UE4/UnrealEngine/Epic Games/4.14/Engine/Plugins/Runtime/ExampleDeviceProfileSelector/ExampleDeviceProfileSelector.uplugin
LogPluginManager: Loaded Plugin GearVR, From C:/UE4/UnrealEngine/Epic Games/4.14/Engine/Plugins/Runtime/GearVR/GearVR.uplugin
LogPluginManager: Loaded Plugin GoogleVRController, From C:/UE4/UnrealEngine/Epic Games/4.14/Engine/Plugins/Runtime/GoogleVR/GoogleVRController/GoogleVRController.uplugin
LogPluginManager: Loaded Plugin GoogleVRHMD, From C:/UE4/UnrealEngine/Epic Games/4.14/Engine/Plugins/Runtime/GoogleVR/GoogleVRHMD/GoogleVRHMD.uplugin
LogPluginManager: Loaded Plugin IOSDeviceProfileSelector, From C:/UE4/UnrealEngine/Epic Games/4.14/Engine/Plugins/Runtime/IOSDeviceProfileSelector/IOSDeviceProfileSelector.uplugin
LogPluginManager: Loaded Plugin LeapMotion, From C:/UE4/UnrealEngine/Epic Games/4.14/Engine/Plugins/Runtime/LeapMotion/LeapMotion.uplugin
LogPluginManager: Loaded Plugin LinuxDeviceProfileSelector, From C:/UE4/UnrealEngine/Epic Games/4.14/Engine/Plugins/Runtime/LinuxDeviceProfileSelector/LinuxDeviceProfileSelector.uplugin
LogPluginManager: Loaded Plugin MIDIDevice, From C:/UE4/UnrealEngine/Epic Games/4.14/Engine/Plugins/Runtime/MIDIDevice/MIDIDevice.uplugin
LogPluginManager: Loaded Plugin MobilePatchingUtils, From C:/UE4/UnrealEngine/Epic Games/4.14/Engine/Plugins/Runtime/MobilePatchingUtils/MobilePatchingUtils.uplugin
LogPluginManager: Loaded Plugin Ansel, From C:/UE4/UnrealEngine/Epic Games/4.14/Engine/Plugins/Runtime/Nvidia/Ansel/Ansel.uplugin
LogPluginManager: Loaded Plugin OculusAudio, From C:/UE4/UnrealEngine/Epic Games/4.14/Engine/Plugins/Runtime/OculusAudio/OculusAudio.uplugin
LogPluginManager: Loaded Plugin OculusInput, From C:/UE4/UnrealEngine/Epic Games/4.14/Engine/Plugins/Runtime/OculusInput/OculusInput.uplugin
LogPluginManager: Loaded Plugin OculusLibrary, From C:/UE4/UnrealEngine/Epic Games/4.14/Engine/Plugins/Runtime/OculusLibrary/OculusLibrary.uplugin
LogPluginManager: Loaded Plugin OculusRift, From C:/UE4/UnrealEngine/Epic Games/4.14/Engine/Plugins/Runtime/OculusRift/OculusRift.uplugin
LogPluginManager: Loaded Plugin Oodle, From C:/UE4/UnrealEngine/Epic Games/4.14/Engine/Plugins/Runtime/PacketHandlers/CompressionComponents/Oodle/Oodle.uplugin
LogPluginManager: Loaded Plugin ProceduralMeshComponent, From C:/UE4/UnrealEngine/Epic Games/4.14/Engine/Plugins/Runtime/ProceduralMeshComponent/ProceduralMeshComponent.uplugin
LogPluginManager: Loaded Plugin SoundMod, From C:/UE4/UnrealEngine/Epic Games/4.14/Engine/Plugins/Runtime/SoundMod/SoundMod.uplugin
LogPluginManager: Loaded Plugin SoundVisualizations, From C:/UE4/UnrealEngine/Epic Games/4.14/Engine/Plugins/Runtime/SoundVisualizations/SoundVisualizations.uplugin
LogPluginManager: Loaded Plugin SteamController, From C:/UE4/UnrealEngine/Epic Games/4.14/Engine/Plugins/Runtime/Steam/SteamController/SteamController.uplugin
LogPluginManager: Loaded Plugin SteamVR, From C:/UE4/UnrealEngine/Epic Games/4.14/Engine/Plugins/Runtime/Steam/SteamVR/SteamVR.uplugin
LogPluginManager: Loaded Plugin WebBrowserWidget, From C:/UE4/UnrealEngine/Epic Games/4.14/Engine/Plugins/Runtime/WebBrowserWidget/WebBrowserWidget.uplugin
LogPluginManager: Loaded Plugin WindowsDeviceProfileSelector, From C:/UE4/UnrealEngine/Epic Games/4.14/Engine/Plugins/Runtime/WindowsDeviceProfileSelector/WindowsDeviceProfileSelector.uplugin
LogPluginManager: Loaded Plugin WindowsMoviePlayer, From C:/UE4/UnrealEngine/Epic Games/4.14/Engine/Plugins/Runtime/WindowsMoviePlayer/WindowsMoviePlayer.uplugin
LogPluginManager: Loaded Plugin ScriptPlugin, From C:/UE4/UnrealEngine/Epic Games/4.14/Engine/Plugins/ScriptPlugin/ScriptPlugin.uplugin
LogPluginManager: Loaded Plugin SlateRemote, From C:/UE4/UnrealEngine/Epic Games/4.14/Engine/Plugins/Slate/SlateRemote/SlateRemote.uplugin
LogPluginManager: Loaded Plugin EditorTests, From C:/UE4/UnrealEngine/Epic Games/4.14/Engine/Plugins/Tests/EditorTests/EditorTests.uplugin
LogPluginManager: Loaded Plugin FbxAutomationTestBuilder, From C:/UE4/UnrealEngine/Epic Games/4.14/Engine/Plugins/Tests/FbxAutomationTestBuilder/FbxAutomationTestBuilder.uplugin
LogPluginManager: Loaded Plugin FunctionalTestingEditor, From C:/UE4/UnrealEngine/Epic Games/4.14/Engine/Plugins/Tests/FunctionalTestingEditor/FunctionalTestingEditor.uplugin
LogPluginManager: Loaded Plugin RuntimeTests, From C:/UE4/UnrealEngine/Epic Games/4.14/Engine/Plugins/Tests/RuntimeTests/RuntimeTests.uplugin
LogPluginManager: Loaded Plugin ScreenshotTools, From C:/UE4/UnrealEngine/Epic Games/4.14/Engine/Plugins/Tests/ScreenshotTools/ScreenshotTools.uplugin
LogInit: Using libcurl 7.47.1
LogInit:  - built for x86_64-pc-win32
LogInit:  - supports SSL with OpenSSL/1.0.2g
LogInit:  - supports HTTP deflate (compression) using libz 1.2.8
LogInit:  - other features:
LogInit:      CURL_VERSION_SSL
LogInit:      CURL_VERSION_LIBZ
LogInit:      CURL_VERSION_IPV6
LogInit:      CURL_VERSION_ASYNCHDNS
LogInit:      CURL_VERSION_LARGEFILE
LogInit:      CURL_VERSION_IDN
LogInit:  CurlRequestOptions (configurable via config and command line):
LogInit:  - bVerifyPeer = false  - Libcurl will NOT verify peer certificate
LogInit:  - bUseHttpProxy = false  - Libcurl will NOT use HTTP proxy
LogInit:  - bDontReuseConnections = false  - Libcurl will reuse connections
LogInit:  - CertBundlePath = nullptr  - Libcurl will use whatever was configured at build time.
LogInit: Build: ++UE4+Release-4.14-CL-3224400
LogInit: Engine Version: 4.14.1-3224400+++UE4+Release-4.14
LogInit: Compatible Engine Version: 4.14.0-3195953+++UE4+Release-4.14
LogInit: Net CL: 3195953
LogDevObjectVersion: Number of dev versions registered: 13
LogDevObjectVersion:   Dev-Blueprints (B0D832E4-1F89-4F0D-ACCF-7EB736FD4AA2): 7
LogDevObjectVersion:   Dev-Build (E1C64328-A22C-4D53-A36C-8E866417BD8C): 0
LogDevObjectVersion:   Dev-Core (375EC13C-06E4-48FB-B500-84F0262A717E): 1
LogDevObjectVersion:   Dev-Editor (E4B068ED-F494-42E9-A231-DA0B2E46BB41): 8
LogDevObjectVersion:   Dev-Framework (CFFC743F-43B0-4480-9391-14DF171D2073): 17
LogDevObjectVersion:   Dev-Mobile (B02B49B5-BB20-44E9-A304-32B752E40360): 0
LogDevObjectVersion:   Dev-Networking (A4E4105C-59A1-49B5-A7C5-40C4547EDFEE): 0
LogDevObjectVersion:   Dev-Online (39C831C9-5AE6-47DC-9A44-9C173E1C8E7C): 0
LogDevObjectVersion:   Dev-Physics (78F01B33-EBEA-4F98-B9B4-84EACCB95AA2): 0
LogDevObjectVersion:   Dev-Platform (6631380F-2D4D-43E0-8009-CF276956A95A): 0
LogDevObjectVersion:   Dev-Rendering (12F88B9F-8875-4AFC-A67C-D90C383ABD29): 12
LogDevObjectVersion:   Dev-Sequencer (7B5AE74C-D270-4C10-A958-57980B212A5A): 1
LogDevObjectVersion:   Dev-VR (D7296918-1DD6-4BDD-9DE2-64A83CC13884): 0
LogInit: Compiled (64-bit): Dec  7 2016 02:14:32
LogInit: Compiled with Visual C++: 19.00.23026.00
LogInit: Build Configuration: Development
LogInit: Branch Name: ++UE4+Release-4.14
LogInit: Command line:  
LogInit: Base directory: C:/UE4/UnrealEngine/Epic Games/4.14/Engine/Binaries/Win64/
LogInit: Installed Engine Build: 1
LogInit: Presizing for max 8388607 objects, including 0 objects not considered by GC, pre-allocating 0 bytes for permanent pool.
LogInit: Object subsystem initialized
[2016.12.13-17.10.26:121][  0]LogInit: Selected Device Profile: [Windows]
[2016.12.13-17.10.26:121][  0]LogInit: Applying CVar settings loaded from the selected device profile: [Windows]
[2016.12.13-17.10.26:156][  0]LogInit: Computer: K103-5010
[2016.12.13-17.10.26:156][  0]LogInit: User: cblondy
[2016.12.13-17.10.26:156][  0]LogInit: CPU Page size=65536, Cores=4
[2016.12.13-17.10.26:156][  0]LogInit: High frequency timer resolution =3.312788 MHz
[2016.12.13-17.10.26:156][  0]LogMemory: Memory total: Physical=12.0GB (12GB approx)
[2016.12.13-17.10.26:156][  0]LogMemory: Platform Memory Stats for Windows
[2016.12.13-17.10.26:156][  0]LogMemory: Process Physical Memory: 261.18 MB used, 261.18 MB peak
[2016.12.13-17.10.26:156][  0]LogMemory: Process Virtual Memory: 262.43 MB used, 262.43 MB peak
[2016.12.13-17.10.26:156][  0]LogMemory: Physical Memory: 6415.48 MB used,  5846.09 MB free, 12261.57 MB total
[2016.12.13-17.10.26:156][  0]LogMemory: Virtual Memory: 659.61 MB used,  5846.09 MB free, 134217728.00 MB total
[2016.12.13-17.10.26:184][  0]LogTextLocalizationManager: No translations for ('fr-FR') exist, falling back to 'en' for localization and internationalization data.
[2016.12.13-17.10.26:871][  0]LogD3D11RHI: D3D11 adapters:
[2016.12.13-17.10.26:893][  0]LogD3D11RHI:    0. 'NVIDIA GeForce GTX 670' (Feature Level 11_0)
[2016.12.13-17.10.26:893][  0]LogD3D11RHI:       1985/0/2048 MB DedicatedVideo/DedicatedSystem/SharedSystem, Outputs:1, VendorId:0x10de
[2016.12.13-17.10.26:894][  0]LogD3D11RHI:    1. 'Microsoft Basic Render Driver' (Feature Level 11_0)
[2016.12.13-17.10.26:894][  0]LogD3D11RHI:       0/0/256 MB DedicatedVideo/DedicatedSystem/SharedSystem, Outputs:0, VendorId:0x1414
[2016.12.13-17.10.26:894][  0]LogD3D11RHI: Chosen D3D11 Adapter: 0
[2016.12.13-17.10.26:898][  0]LogD3D11RHI: Creating new Direct3DDevice
[2016.12.13-17.10.26:898][  0]LogD3D11RHI:     GPU DeviceId: 0x1189 (for the marketing name, search the web for "GPU Device Id")
[2016.12.13-17.10.26:898][  0]LogWindows: EnumDisplayDevices:
[2016.12.13-17.10.26:898][  0]LogWindows:    0. 'NVIDIA GeForce GTX 670' (P:1 D:1)
[2016.12.13-17.10.26:898][  0]LogWindows:    1. 'NVIDIA GeForce GTX 670' (P:0 D:0)
[2016.12.13-17.10.26:898][  0]LogWindows:    2. 'NVIDIA GeForce GTX 670' (P:0 D:0)
[2016.12.13-17.10.26:898][  0]LogWindows:    3. 'NVIDIA GeForce GTX 670' (P:0 D:0)
[2016.12.13-17.10.26:898][  0]LogWindows: DebugString: FoundDriverCount:4 
[2016.12.13-17.10.26:898][  0]LogD3D11RHI:     Adapter Name: NVIDIA GeForce GTX 670
[2016.12.13-17.10.26:898][  0]LogD3D11RHI:   Driver Version: 368.69 (internal:10.18.13.6869, unified:368.69)
[2016.12.13-17.10.26:898][  0]LogD3D11RHI:      Driver Date: 6-29-2016
[2016.12.13-17.10.26:898][  0]LogRHI: Texture pool is 1361 MB (70% of 1945 MB)
[2016.12.13-17.10.26:908][  0]LogD3D11RHI: Async texture creation enabled
[2016.12.13-17.10.26:939][  0]LogD3D11RHI: GPU Timing Frequency: 1000.000000 (Debug: 2 2)
[2016.12.13-17.10.26:939][  0]LogShaderCompilers: Guid format shader working directory is -8 characters bigger than the processId version (../../../../../../../Users/c.blondy/Documents/GitHub/Ruiz/Intermediate/Shaders/WorkingDirectory/8396/).
[2016.12.13-17.10.26:939][  0]LogShaderCompilers: Cleaned the shader compiler working directory 'C:/Users/c.blondy/AppData/Local/Temp/UnrealShaderWorkingDir/8C6E632E44FDA5AD9DBD23B314F55656/'.
[2016.12.13-17.10.26:939][  0]LogShaderCompilers:Display: Using Local Shader Compiler.
[2016.12.13-17.10.28:117][  0]LogTemp:Display: Loaded TP AllDesktopTargetPlatform
[2016.12.13-17.10.28:175][  0]LogTemp:Display: Loaded TP MacClientTargetPlatform
[2016.12.13-17.10.28:230][  0]LogTemp:Display: Loaded TP MacNoEditorTargetPlatform
[2016.12.13-17.10.28:292][  0]LogTemp:Display: Loaded TP MacServerTargetPlatform
[2016.12.13-17.10.28:357][  0]LogTemp:Display: Loaded TP MacTargetPlatform
[2016.12.13-17.10.28:422][  0]LogTemp:Display: Loaded TP WindowsClientTargetPlatform
[2016.12.13-17.10.28:480][  0]LogTemp:Display: Loaded TP WindowsNoEditorTargetPlatform
[2016.12.13-17.10.28:536][  0]LogTemp:Display: Loaded TP WindowsServerTargetPlatform
[2016.12.13-17.10.28:585][  0]LogTemp:Display: Loaded TP WindowsTargetPlatform
[2016.12.13-17.10.28:644][  0]LogTemp:Display: Loaded TP AndroidTargetPlatform
[2016.12.13-17.10.28:717][  0]LogTemp:Display: Loaded TP Android_ASTCTargetPlatform
[2016.12.13-17.10.28:785][  0]LogTemp:Display: Loaded TP Android_ATCTargetPlatform
[2016.12.13-17.10.28:841][  0]LogTemp:Display: Loaded TP Android_DXTTargetPlatform
[2016.12.13-17.10.28:899][  0]LogTemp:Display: Loaded TP Android_ETC1TargetPlatform
[2016.12.13-17.10.28:964][  0]LogTemp:Display: Loaded TP Android_ETC2TargetPlatform
[2016.12.13-17.10.29:084][  0]LogTemp:Display: Loaded TP Android_MultiTargetPlatform
[2016.12.13-17.10.29:085][  0]LogTemp:Display: Loaded TP Android_PVRTCTargetPlatform
[2016.12.13-17.10.29:124][  0]LogTemp:Display: Loaded TP HTML5TargetPlatform
[2016.12.13-17.10.29:229][  0]LogTemp:Display: Loaded TP IOSTargetPlatform
[2016.12.13-17.10.29:269][  0]LogTemp:Display: Loaded TP TVOSTargetPlatform
[2016.12.13-17.10.29:329][  0]LogTemp:Display: Loaded TP LinuxClientTargetPlatform
[2016.12.13-17.10.29:388][  0]LogTemp:Display: Loaded TP LinuxNoEditorTargetPlatform
[2016.12.13-17.10.29:444][  0]LogTemp:Display: Loaded TP LinuxServerTargetPlatform
[2016.12.13-17.10.29:506][  0]LogTemp:Display: Loaded TP LinuxTargetPlatform
[2016.12.13-17.10.29:506][  0]LogTargetPlatformManager:Display: Building Assets For Windows
[2016.12.13-17.10.29:938][  0]LogDerivedDataCache:Display: Max Cache Size: 512 MB
[2016.12.13-17.10.30:113][  0]LogDerivedDataCache: Loaded boot cache 0.18s 50MB C:/Users/c.blondy/AppData/Local/UnrealEngine/4.14/DerivedDataCache/Boot.ddc.
[2016.12.13-17.10.30:113][  0]LogDerivedDataCache:Display: Loaded Boot cache: C:/Users/c.blondy/AppData/Local/UnrealEngine/4.14/DerivedDataCache/Boot.ddc
[2016.12.13-17.10.30:114][  0]LogDerivedDataCache: FDerivedDataBackendGraph:  Pak pak cache file ../../../../../../../Users/c.blondy/Documents/GitHub/Ruiz/DerivedDataCache/DDC.ddp not found, will not use a pak cache.
[2016.12.13-17.10.30:114][  0]LogDerivedDataCache: Unable to find inner node Pak for hierarchical cache Hierarchy.
[2016.12.13-17.10.30:114][  0]LogDerivedDataCache: FDerivedDataBackendGraph:  CompressedPak pak cache file ../../../../../../../Users/c.blondy/Documents/GitHub/Ruiz/DerivedDataCache/Compressed.ddp not found, will not use a pak cache.
[2016.12.13-17.10.30:114][  0]LogDerivedDataCache: Unable to find inner node CompressedPak for hierarchical cache Hierarchy.
[2016.12.13-17.10.30:132][  0]LogDerivedDataCache:Display: Pak cache opened for reading ../../../Engine/DerivedDataCache/Compressed.ddp.
[2016.12.13-17.10.30:145][  0]LogDerivedDataCache: Using Local data cache path C:/Users/c.blondy/AppData/Local/UnrealEngine/Common/DerivedDataCache: Writable
[2016.12.13-17.10.30:387][  0]LogInit: Selected Device Profile: [Windows]
[2016.12.13-17.10.30:391][  0]LogContentStreaming: Texture pool size is 0.00 MB
[2016.12.13-17.10.30:629][  0]LogMeshUtilities: Using QuadricMeshReduction for automatic static mesh reduction
[2016.12.13-17.10.30:680][  0]LogSimplygon: Simplygon DLL not present - disabling.
[2016.12.13-17.10.30:727][  0]LogMeshUtilities: Using SimplygonSwarm for distributed automatic mesh merging
[2016.12.13-17.10.30:727][  0]LogMeshUtilities: No automatic skeletal mesh reduction module available
[2016.12.13-17.10.30:727][  0]LogMeshUtilities: No automatic mesh merging module available
[2016.12.13-17.10.31:330][  0]LogNetVersion: GetLocalNetworkVersion: CL: 3195953, ProjectName: myproject5, ProjectVersion: , EngineNetworkVersion: 2, GameNetworkVersion: 0, NetworkChecksum: 2117210740
[2016.12.13-17.10.31:395][  0]LogAssetRegistry: FAssetRegistry took 0.0219 seconds to start up
[2016.12.13-17.10.31:466][  0]LogPackageLocalizationCache: Processed 3 localized package path(s) for 1 prioritized culture(s) in 0.048160 seconds
[2016.12.13-17.10.31:472][  0]LogUObjectArray: 31946 objects as part of root set at end of initial load.
[2016.12.13-17.10.31:472][  0]LogUObjectAllocator: 6935840 out of 0 bytes used by permanent object pool.
[2016.12.13-17.10.31:472][  0]LogUObjectArray: CloseDisregardForGC: 0/0 objects in disregard for GC pool
[2016.12.13-17.10.31:537][  0]LogInit: WinSock: version 1.1 (2.2), MaxSocks=32767, MaxUdp=65467
[2016.12.13-17.10.32:269][  0]LogSlate: Using Freetype 2.6.0
[2016.12.13-17.10.32:270][  0]LogSlate: SlateFontCache - WITH_FREETYPE: 1, WITH_HARFBUZZ: 1
[2016.12.13-17.10.32:270][  0]LogSlate: SlateFontCache - WITH_FREETYPE: 1, WITH_HARFBUZZ: 1
[2016.12.13-17.10.33:100][  0]LogTcpMessaging: Initializing TcpMessaging bridge
[2016.12.13-17.10.33:140][  0]LogUdpMessaging: Initializing bridge on interface 0.0.0.0:0 to multicast group 230.0.0.1:6666.
[2016.12.13-17.10.33:455][  0]LogMaterial: Uniform references updated for custom material expression Custom.
[2016.12.13-17.10.33:850][  0]SourceControl: Info Source control is disabled
[2016.12.13-17.10.33:851][  0]SourceControl: Info Source control is disabled
[2016.12.13-17.10.33:896][  0]SourceControl: Info Source control is disabled
[2016.12.13-17.10.33:939][  0]SourceControl: Info Source control is disabled
[2016.12.13-17.10.35:243][  0]LogEngine: Initializing Engine...
[2016.12.13-17.10.35:243][  0]LogHMD: Failed to initialize OpenVR with code 110
[2016.12.13-17.10.35:514][  0]LogAIModule: Creating AISystem for world Untitled
[2016.12.13-17.10.35:525][  0]LogInit: XAudio2 using 'Casque (Périphérique High Definition Audio)' : 2 channels at 44.1 kHz using 16 bits per sample (channel mask 0x3)
[2016.12.13-17.10.35:673][  0]LogInit: FAudioDevice initialized.
[2016.12.13-17.10.35:703][  0]LogDerivedDataCache: Saved boot cache 0.03s 50MB C:/Users/c.blondy/AppData/Local/UnrealEngine/4.14/DerivedDataCache/Boot.ddc.
[2016.12.13-17.10.35:717][  0]LogInit: Texture streaming: Enabled
[2016.12.13-17.10.35:950][  0]LogInit: Transaction tracking system initialized
[2016.12.13-17.10.36:327][  0]BlueprintLog: New page: Editor Load
[2016.12.13-17.10.37:233][  0]LocalizationService: Info Localization service is disabled
[2016.12.13-17.10.37:884][  0]LogConsoleResponse:Display: 
[2016.12.13-17.10.38:095][  0]LogCook:Display: Max memory allowance for cook 16384mb min free memory 0mb
[2016.12.13-17.10.38:095][  0]LogCook:Display: Mobile HDR setting 1
[2016.12.13-17.10.39:031][  0]LogFileCache: Scanning file cache for directory 'C:/Users/c.blondy/Documents/GitHub/Ruiz/Content/' took 0.03s
[2016.12.13-17.10.39:077][  0]SourceControl: Info Source control is disabled
[2016.12.13-17.10.39:077][  0]Cmd: MAP LOAD FILE="../../../../../../../Users/c.blondy/Documents/GitHub/Ruiz/Content/FirstPersonBP/Maps/LD.umap" TEMPLATE=0 SHOWPROGRESS=1 FEATURELEVEL=3
[2016.12.13-17.10.39:077][  0]LogEditorServer:Warning: Can't find file '../../../../../../../Users/c.blondy/Documents/GitHub/Ruiz/Content/FirstPersonBP/Maps/LD.umap'
[2016.12.13-17.10.39:077][  0]Cmd: MAP CHECKDEP NOCLEARLOG
[2016.12.13-17.10.39:118][  0]MapCheck: Info Map check complete: 0 Error(s), 0 Warning(s), took 40.847ms to complete.
[2016.12.13-17.10.39:118][  0]LogFileHelpers: Loading map 'LD' took 0.041
[2016.12.13-17.10.39:699][  0]LogCollectionManager: Loaded 0 collections in 0.001618 seconds
[2016.12.13-17.10.39:861][  0]LogFileCache: Scanning file cache for directory 'C:/Users/c.blondy/Documents/GitHub/Ruiz/Saved/Collections/' took 0.01s
[2016.12.13-17.10.39:861][  0]LogFileCache: Scanning file cache for directory 'C:/Users/c.blondy/Documents/GitHub/Ruiz/Content/Developers/cblondy/Collections/' took 0.01s
[2016.12.13-17.10.39:861][  0]LogFileCache: Scanning file cache for directory 'C:/Users/c.blondy/Documents/GitHub/Ruiz/Content/Collections/' took 0.01s
[2016.12.13-17.10.39:861][  0]LogCollectionManager: Rebuilt the GUID cache for 0 collections in 0.000002 seconds
[2016.12.13-17.10.39:873][  0]LogContentBrowser: Native class hierarchy populated in 0.0105 seconds. Added 2191 classes and 430 folders.
[2016.12.13-17.10.39:940][  0]LogStats: UGameplayTagsManager::ConstructGameplayTagTree: Construct from data asset -  0.000 s
[2016.12.13-17.10.39:940][  0]LogStats: UGameplayTagsManager::ConstructGameplayTagTree: GameplayTagTreeChangedEvent.Broadcast -  0.000 s
[2016.12.13-17.10.39:981][  0]LogContentBrowser: Native class hierarchy updated for 'GameplayTags' in 0.0008 seconds. Added 13 classes and 0 folders.
[2016.12.13-17.10.40:060][  0]LogContentBrowser: Native class hierarchy updated for 'WidgetCarousel' in 0.0004 seconds. Added 0 classes and 0 folders.
[2016.12.13-17.10.40:485][  0]LogContentBrowser: Native class hierarchy updated for 'AddContentDialog' in 0.0006 seconds. Added 0 classes and 0 folders.
[2016.12.13-17.10.41:048][  0]LogCrashTracker: Crashtracker disabled due to settings.
[2016.12.13-17.10.41:112][  0]LogUObjectGlobals:Warning: Failed to find object 'Class None.'
[2016.12.13-17.10.41:200][  0]LogContentBrowser: Native class hierarchy updated for 'HierarchicalLODOutliner' in 0.0007 seconds. Added 1 classes and 2 folders.
[2016.12.13-17.10.41:200][  0]LogLoad: (Engine Initialization) Total time: 16.68 seconds
[2016.12.13-17.10.41:200][  0]LogLoad: (Engine Initialization) Total Blueprint compile time: 0.05 seconds
[2016.12.13-17.10.41:201][  0]LogExternalProfiler: Found external profiler: VSPerf
[2016.12.13-17.10.41:201][  0]LogExternalProfiler: Using external profiler: VSPerf
[2016.12.13-17.10.41:540][  0]LogOcInput: OculusInput pre-init called
[2016.12.13-17.10.41:593][  0]LogContentStreaming: Texture pool size now 1000 MB
[2016.12.13-17.10.41:947][  2]LogRenderer: Reallocating scene render targets to support 884x724 NumSamples 1 (Frame:2).
[2016.12.13-17.10.42:558][  3]LogAssetRegistry: Asset discovery search completed in 11.1862 seconds
[2016.12.13-17.10.42:558][  3]LogCollectionManager: Rebuilt the object cache for 0 collections in 0.000001 seconds (found 0 objects)
[2016.12.13-17.10.42:558][  3]LogCollectionManager: Fixed up redirectors for 0 collections in 0.000019 seconds (updated 0 objects)
[2016.12.13-17.16.55:756][321]LogRenderer: Reallocating scene render targets to support 1056x896 NumSamples 1 (Frame:196).
[2016.12.13-17.17.04:277][404]LogAIModule: Creating AISystem for world FirstPersonExampleMap
[2016.12.13-17.17.04:759][404]Cmd: MAP LOAD FILE="../../../../../../../Users/c.blondy/Documents/GitHub/Ruiz/Content/FirstPersonBP/Maps/FirstPersonExampleMap.umap" TEMPLATE=0 SHOWPROGRESS=1 FEATURELEVEL=3
[2016.12.13-17.17.04:759][404]LightingResults: New page: Lighting Build
[2016.12.13-17.17.04:802][404]LogContentBrowser: Native class hierarchy updated for 'StatsViewer' in 0.0005 seconds. Added 5 classes and 0 folders.
[2016.12.13-17.17.04:802][404]LoadErrors: New page: Loading map: FirstPersonExampleMap.umap
[2016.12.13-17.17.04:821][404]MapCheck: New page: Map Check
[2016.12.13-17.17.04:821][404]LightingResults: New page: Lighting Build
[2016.12.13-17.17.05:042][404]LogPhysics:Warning: AddConvexElemsToRigidActor: [/Engine/BasicShapes/Cube.Cube] ConvexElem[0] invalid
[2016.12.13-17.17.05:415][404]LogEditorServer: Finished looking for orphan Actors (0.000 secs)
[2016.12.13-17.17.05:508][404]Cmd: MAP CHECKDEP NOCLEARLOG
[2016.12.13-17.17.05:569][404]MapCheck: Info Map check complete: 0 Error(s), 0 Warning(s), took 61.535ms to complete.
[2016.12.13-17.17.05:569][404]LogFileHelpers: Loading map 'FirstPersonExampleMap' took 0.811
[2016.12.13-17.36.56:070][ 49]LogWindowsTextInputMethodSystem:Display: IME system now deactivated.
[2016.12.13-17.36.56:070][ 49]LogWindowsTextInputMethodSystem:Display: IME system now deactivated.
[2016.12.13-17.37.21:768][ 79]LogStaticMesh: Building static mesh S_BuildingSetA_Tree_02...
[2016.12.13-17.37.22:154][ 79]LogStaticMesh: Built static mesh [0.39s] /Game/Assets/Meshes/S_BuildingSetA_Tree_02.S_BuildingSetA_Tree_02
[2016.12.13-17.37.22:374][ 79]LogActorFactory: Actor Factory created S_BuildingSetA_Tree_02
[2016.12.13-17.37.22:568][ 79]LogActorFactory: Actor Factory created S_BuildingSetA_Tree_02
[2016.12.13-17.38.24:764][437]LogSavePackage: Save=1053.44ms
[2016.12.13-17.38.24:764][437]LogSavePackage: Moving '../../../../../../../Users/c.blondy/Documents/GitHub/Ruiz/Saved/FirstPersonExampleMap_Auto19F79D855420E8CE9A33F48BA16EE64B7.tmp' to '../../../../../../../Users/c.blondy/Documents/GitHub/Ruiz/Saved/Autosaves/Game/FirstPersonBP/Maps/FirstPersonExampleMap_Auto1.umap'
[2016.12.13-17.38.24:766][437]LogSavePackage:Display: Finished SavePackage ../../../../../../../Users/c.blondy/Documents/GitHub/Ruiz/Saved/Autosaves/Game/FirstPersonBP/Maps/FirstPersonExampleMap_Auto1.umap
[2016.12.13-17.38.24:794][437]LogFileHelpers: Editor autosave (incl. sublevels) for '/Game/FirstPersonBP/Maps/FirstPersonExampleMap' took 1.529
[2016.12.13-17.38.24:794][437]LogFileHelpers: Editor autosave (incl. sublevels) for all levels took 1.529
[2016.12.13-17.38.57:755][682]LogStaticMesh: Building static mesh SM_RockTerrain...
[2016.12.13-17.38.57:790][682]LogStaticMesh: Built static mesh [0.04s] /Game/Assets/Meshes/SM_RockTerrain.SM_RockTerrain
[2016.12.13-17.38.57:903][689]LogActorFactory: Actor Factory created SM_RockTerrain
[2016.12.13-17.38.59:151][727]LogActorFactory: Actor Factory created SM_RockTerrain
[2016.12.13-17.40.14:329][ 57]Cmd: TRANSACTION UNDO
[2016.12.13-17.40.14:350][ 57]LogEditorTransaction: Undo Move Actors
[2016.12.13-17.40.38:001][640]LogEditorViewport: Clicking on Actor (LMB): StaticMeshActor (SM_RockTerrain)
[2016.12.13-17.40.56:338][644]LogTemp: Repeting last play command: New Editor Window (PIE)
[2016.12.13-17.40.56:392][644]LogBlueprintUserMessages: Early PlayInEditor Detection: Level '/Game/FirstPersonBP/Maps/FirstPersonExampleMap.FirstPersonExampleMap:PersistentLevel' has LevelScriptBlueprint '/Game/FirstPersonBP/Maps/FirstPersonExampleMap.FirstPersonExampleMap:PersistentLevel.FirstPersonExampleMap' with GeneratedClass '/Game/FirstPersonBP/Maps/FirstPersonExampleMap.FirstPersonExampleMap_C' with ClassGeneratedBy '/Game/FirstPersonBP/Maps/FirstPersonExampleMap.FirstPersonExampleMap:PersistentLevel.FirstPersonExampleMap'
[2016.12.13-17.40.56:411][644]LogPlayLevel: PlayLevel: No blueprints needed recompiling
[2016.12.13-17.40.56:525][644]PIE: New page: PIE session: FirstPersonExampleMap (Dec 13, 2016, 7:40:56 PM)
[2016.12.13-17.40.56:525][644]LogPlayLevel: Creating play world package: /Game/FirstPersonBP/Maps/UEDPIE_0_FirstPersonExampleMap
[2016.12.13-17.40.56:717][644]LogPlayLevel: PIE: StaticDuplicateObject took: (0.191300s)
[2016.12.13-17.40.56:718][644]LogAIModule: Creating AISystem for world FirstPersonExampleMap
[2016.12.13-17.40.56:743][644]LogPlayLevel: PIE: World Init took: (0.026073s)
[2016.12.13-17.40.56:754][644]LogPlayLevel: PIE: Created PIE world by copying editor world from /Game/FirstPersonBP/Maps/FirstPersonExampleMap.FirstPersonExampleMap to /Game/FirstPersonBP/Maps/UEDPIE_0_FirstPersonExampleMap.FirstPersonExampleMap (0.228579s)
[2016.12.13-17.40.56:794][644]LogInit: XAudio2 using 'Casque (Périphérique High Definition Audio)' : 2 channels at 44.1 kHz using 16 bits per sample (channel mask 0x3)
[2016.12.13-17.40.56:818][644]LogInit: FAudioDevice initialized.
[2016.12.13-17.40.57:096][644]LogLoad: Game class is 'FirstPersonGameMode_C'
[2016.12.13-17.40.57:249][644]LogPhysics:Warning: AddConvexElemsToRigidActor: [/Engine/BasicShapes/Cube.Cube] ConvexElem[0] invalid
[2016.12.13-17.40.57:269][644]LogWorld: Bringing World /Game/FirstPersonBP/Maps/UEDPIE_0_FirstPersonExampleMap.FirstPersonExampleMap up for play (max tick rate 0) at 2016.12.13-18.40.57
[2016.12.13-17.40.57:523][644]LogWorld: Bringing up level for play took: 0.278897
[2016.12.13-17.40.57:625][644]LogSpawn:Warning: SpawnActor failed because no class was specified
[2016.12.13-17.40.57:711][644]LogContentBrowser: Native class hierarchy updated for 'MovieSceneCapture' in 0.0006 seconds. Added 11 classes and 0 folders.
[2016.12.13-17.40.57:712][644]LogGameMode:Display: Match State Changed from EnteringMap to WaitingToStart
[2016.12.13-17.40.57:712][644]LogGameState: Match State Changed from EnteringMap to WaitingToStart
[2016.12.13-17.40.57:712][644]LogGameMode:Display: Match State Changed from WaitingToStart to InProgress
[2016.12.13-17.40.57:783][644]LogGameState: Match State Changed from WaitingToStart to InProgress
[2016.12.13-17.40.57:817][644]PIE: Info Play in editor start time for /Game/FirstPersonBP/Maps/UEDPIE_0_FirstPersonExampleMap 1.882
[2016.12.13-17.40.57:818][644]LogBlueprintUserMessages: Late PlayInEditor Detection: Level '/Game/FirstPersonBP/Maps/FirstPersonExampleMap.FirstPersonExampleMap:PersistentLevel' has LevelScriptBlueprint '/Game/FirstPersonBP/Maps/FirstPersonExampleMap.FirstPersonExampleMap:PersistentLevel.FirstPersonExampleMap' with GeneratedClass '/Game/FirstPersonBP/Maps/FirstPersonExampleMap.FirstPersonExampleMap_C' with ClassGeneratedBy '/Game/FirstPersonBP/Maps/FirstPersonExampleMap.FirstPersonExampleMap:PersistentLevel.FirstPersonExampleMap'
[2016.12.13-17.40.57:914][644]LogRenderer: Reallocating scene render targets to support 1452x936 NumSamples 1 (Frame:15370).
[2016.12.13-17.41.18:588][251]LogBlueprintUserMessages: Early EndPlayMap Detection: Level '/Game/FirstPersonBP/Maps/FirstPersonExampleMap.FirstPersonExampleMap:PersistentLevel' has LevelScriptBlueprint '/Game/FirstPersonBP/Maps/FirstPersonExampleMap.FirstPersonExampleMap:PersistentLevel.FirstPersonExampleMap' with GeneratedClass '/Game/FirstPersonBP/Maps/FirstPersonExampleMap.FirstPersonExampleMap_C' with ClassGeneratedBy '/Game/FirstPersonBP/Maps/FirstPersonExampleMap.FirstPersonExampleMap:PersistentLevel.FirstPersonExampleMap'
[2016.12.13-17.41.18:762][251]LogPhysics:Warning: AddConvexElemsToRigidActor: [/Engine/BasicShapes/Cube.Cube] ConvexElem[0] invalid
[2016.12.13-17.41.18:892][251]LogBlueprintUserMessages: Late EndPlayMap Detection: Level '/Game/FirstPersonBP/Maps/FirstPersonExampleMap.FirstPersonExampleMap:PersistentLevel' has LevelScriptBlueprint '/Game/FirstPersonBP/Maps/FirstPersonExampleMap.FirstPersonExampleMap:PersistentLevel.FirstPersonExampleMap' with GeneratedClass '/Game/FirstPersonBP/Maps/FirstPersonExampleMap.FirstPersonExampleMap_C' with ClassGeneratedBy '/Game/FirstPersonBP/Maps/FirstPersonExampleMap.FirstPersonExampleMap:PersistentLevel.FirstPersonExampleMap'
[2016.12.13-17.41.19:766][320]LogEditorViewport: Clicking on Actor (LMB): StaticMeshActor (SM_RockTerrain)
[2016.12.13-17.41.24:284][810]LogEditorViewport: Clicking on Actor (LMB): StaticMeshActor (SM_RockTerrain2)
[2016.12.13-17.41.41:248][640]LogEditorViewport: Clicking on Actor (LMB): StaticMeshActor (SM_RockTerrain3)
[2016.12.13-17.41.49:353][540]LogEditorViewport: Clicking on Actor (LMB): StaticMeshActor (SM_RockTerrain3)
[2016.12.13-17.41.57:963][487]LogTemp: Repeting last play command: New Editor Window (PIE)
[2016.12.13-17.41.57:984][487]LogBlueprintUserMessages: Early PlayInEditor Detection: Level '/Game/FirstPersonBP/Maps/FirstPersonExampleMap.FirstPersonExampleMap:PersistentLevel' has LevelScriptBlueprint '/Game/FirstPersonBP/Maps/FirstPersonExampleMap.FirstPersonExampleMap:PersistentLevel.FirstPersonExampleMap' with GeneratedClass '/Game/FirstPersonBP/Maps/FirstPersonExampleMap.FirstPersonExampleMap_C' with ClassGeneratedBy '/Game/FirstPersonBP/Maps/FirstPersonExampleMap.FirstPersonExampleMap:PersistentLevel.FirstPersonExampleMap'
[2016.12.13-17.41.57:984][487]LogPlayLevel: PlayLevel: No blueprints needed recompiling
[2016.12.13-17.41.57:984][487]PIE: New page: PIE session: FirstPersonExampleMap (Dec 13, 2016, 7:41:57 PM)
[2016.12.13-17.41.57:984][487]LogPlayLevel: Creating play world package: /Game/FirstPersonBP/Maps/UEDPIE_0_FirstPersonExampleMap
[2016.12.13-17.41.58:041][487]LogPlayLevel: PIE: StaticDuplicateObject took: (0.057278s)
[2016.12.13-17.41.58:054][487]LogAIModule: Creating AISystem for world FirstPersonExampleMap
[2016.12.13-17.41.58:055][487]LogPlayLevel: PIE: World Init took: (0.004485s)
[2016.12.13-17.41.58:056][487]LogPlayLevel: PIE: Created PIE world by copying editor world from /Game/FirstPersonBP/Maps/FirstPersonExampleMap.FirstPersonExampleMap to /Game/FirstPersonBP/Maps/UEDPIE_0_FirstPersonExampleMap.FirstPersonExampleMap (0.072399s)
[2016.12.13-17.41.58:078][487]LogInit: XAudio2 using 'Casque (Périphérique High Definition Audio)' : 2 channels at 44.1 kHz using 16 bits per sample (channel mask 0x3)
[2016.12.13-17.41.58:083][487]LogInit: FAudioDevice initialized.
[2016.12.13-17.41.58:120][487]LogLoad: Game class is 'FirstPersonGameMode_C'
[2016.12.13-17.41.58:142][487]LogPhysics:Warning: AddConvexElemsToRigidActor: [/Engine/BasicShapes/Cube.Cube] ConvexElem[0] invalid
[2016.12.13-17.41.58:143][487]LogWorld: Bringing World /Game/FirstPersonBP/Maps/UEDPIE_0_FirstPersonExampleMap.FirstPersonExampleMap up for play (max tick rate 0) at 2016.12.13-18.41.58
[2016.12.13-17.41.58:221][487]LogWorld: Bringing up level for play took: 0.100957
[2016.12.13-17.41.58:222][487]LogSpawn:Warning: SpawnActor failed because no class was specified
[2016.12.13-17.41.58:222][487]LogGameMode:Display: Match State Changed from EnteringMap to WaitingToStart
[2016.12.13-17.41.58:222][487]LogGameState: Match State Changed from EnteringMap to WaitingToStart
[2016.12.13-17.41.58:222][487]LogGameMode:Display: Match State Changed from WaitingToStart to InProgress
[2016.12.13-17.41.58:234][487]LogGameState: Match State Changed from WaitingToStart to InProgress
[2016.12.13-17.41.58:238][487]PIE: Info Play in editor start time for /Game/FirstPersonBP/Maps/UEDPIE_0_FirstPersonExampleMap 0.309
[2016.12.13-17.41.58:238][487]LogBlueprintUserMessages: Late PlayInEditor Detection: Level '/Game/FirstPersonBP/Maps/FirstPersonExampleMap.FirstPersonExampleMap:PersistentLevel' has LevelScriptBlueprint '/Game/FirstPersonBP/Maps/FirstPersonExampleMap.FirstPersonExampleMap:PersistentLevel.FirstPersonExampleMap' with GeneratedClass '/Game/FirstPersonBP/Maps/FirstPersonExampleMap.FirstPersonExampleMap_C' with ClassGeneratedBy '/Game/FirstPersonBP/Maps/FirstPersonExampleMap.FirstPersonExampleMap:PersistentLevel.FirstPersonExampleMap'
[2016.12.13-17.42.20:460][156]LogBlueprintUserMessages: Early EndPlayMap Detection: Level '/Game/FirstPersonBP/Maps/FirstPersonExampleMap.FirstPersonExampleMap:PersistentLevel' has LevelScriptBlueprint '/Game/FirstPersonBP/Maps/FirstPersonExampleMap.FirstPersonExampleMap:PersistentLevel.FirstPersonExampleMap' with GeneratedClass '/Game/FirstPersonBP/Maps/FirstPersonExampleMap.FirstPersonExampleMap_C' with ClassGeneratedBy '/Game/FirstPersonBP/Maps/FirstPersonExampleMap.FirstPersonExampleMap:PersistentLevel.FirstPersonExampleMap'
[2016.12.13-17.42.20:536][156]LogPhysics:Warning: AddConvexElemsToRigidActor: [/Engine/BasicShapes/Cube.Cube] ConvexElem[0] invalid
[2016.12.13-17.42.20:584][156]LogBlueprintUserMessages: Late EndPlayMap Detection: Level '/Game/FirstPersonBP/Maps/FirstPersonExampleMap.FirstPersonExampleMap:PersistentLevel' has LevelScriptBlueprint '/Game/FirstPersonBP/Maps/FirstPersonExampleMap.FirstPersonExampleMap:PersistentLevel.FirstPersonExampleMap' with GeneratedClass '/Game/FirstPersonBP/Maps/FirstPersonExampleMap.FirstPersonExampleMap_C' with ClassGeneratedBy '/Game/FirstPersonBP/Maps/FirstPersonExampleMap.FirstPersonExampleMap:PersistentLevel.FirstPersonExampleMap'
[2016.12.13-17.42.37:035][847]LogEditorViewport: Clicking Background
[2016.12.13-17.42.43:267][547]LogTemp: Repeting last play command: New Editor Window (PIE)
[2016.12.13-17.42.43:289][547]LogBlueprintUserMessages: Early PlayInEditor Detection: Level '/Game/FirstPersonBP/Maps/FirstPersonExampleMap.FirstPersonExampleMap:PersistentLevel' has LevelScriptBlueprint '/Game/FirstPersonBP/Maps/FirstPersonExampleMap.FirstPersonExampleMap:PersistentLevel.FirstPersonExampleMap' with GeneratedClass '/Game/FirstPersonBP/Maps/FirstPersonExampleMap.FirstPersonExampleMap_C' with ClassGeneratedBy '/Game/FirstPersonBP/Maps/FirstPersonExampleMap.FirstPersonExampleMap:PersistentLevel.FirstPersonExampleMap'
[2016.12.13-17.42.43:309][547]LogPlayLevel: PlayLevel: No blueprints needed recompiling
[2016.12.13-17.42.43:309][547]PIE: New page: PIE session: FirstPersonExampleMap (Dec 13, 2016, 7:42:43 PM)
[2016.12.13-17.42.43:309][547]LogPlayLevel: Creating play world package: /Game/FirstPersonBP/Maps/UEDPIE_0_FirstPersonExampleMap
[2016.12.13-17.42.43:362][547]LogPlayLevel: PIE: StaticDuplicateObject took: (0.052305s)
[2016.12.13-17.42.43:366][547]LogAIModule: Creating AISystem for world FirstPersonExampleMap
[2016.12.13-17.42.43:366][547]LogPlayLevel: PIE: World Init took: (0.004833s)
[2016.12.13-17.42.43:367][547]LogPlayLevel: PIE: Created PIE world by copying editor world from /Game/FirstPersonBP/Maps/FirstPersonExampleMap.FirstPersonExampleMap to /Game/FirstPersonBP/Maps/UEDPIE_0_FirstPersonExampleMap.FirstPersonExampleMap (0.057869s)
[2016.12.13-17.42.43:391][547]LogInit: XAudio2 using 'Casque (Périphérique High Definition Audio)' : 2 channels at 44.1 kHz using 16 bits per sample (channel mask 0x3)
[2016.12.13-17.42.43:396][547]LogInit: FAudioDevice initialized.
[2016.12.13-17.42.43:436][547]LogLoad: Game class is 'FirstPersonGameMode_C'
[2016.12.13-17.42.43:458][547]LogPhysics:Warning: AddConvexElemsToRigidActor: [/Engine/BasicShapes/Cube.Cube] ConvexElem[0] invalid
[2016.12.13-17.42.43:459][547]LogWorld: Bringing World /Game/FirstPersonBP/Maps/UEDPIE_0_FirstPersonExampleMap.FirstPersonExampleMap up for play (max tick rate 0) at 2016.12.13-18.42.43
[2016.12.13-17.42.43:541][547]LogWorld: Bringing up level for play took: 0.104658
[2016.12.13-17.42.43:542][547]LogSpawn:Warning: SpawnActor failed because no class was specified
[2016.12.13-17.42.43:542][547]LogGameMode:Display: Match State Changed from EnteringMap to WaitingToStart
[2016.12.13-17.42.43:542][547]LogGameState: Match State Changed from EnteringMap to WaitingToStart
[2016.12.13-17.42.43:542][547]LogGameMode:Display: Match State Changed from WaitingToStart to InProgress
[2016.12.13-17.42.43:543][547]LogGameState: Match State Changed from WaitingToStart to InProgress
[2016.12.13-17.42.43:546][547]PIE: Info Play in editor start time for /Game/FirstPersonBP/Maps/UEDPIE_0_FirstPersonExampleMap -0.378
[2016.12.13-17.42.43:547][547]LogBlueprintUserMessages: Late PlayInEditor Detection: Level '/Game/FirstPersonBP/Maps/FirstPersonExampleMap.FirstPersonExampleMap:PersistentLevel' has LevelScriptBlueprint '/Game/FirstPersonBP/Maps/FirstPersonExampleMap.FirstPersonExampleMap:PersistentLevel.FirstPersonExampleMap' with GeneratedClass '/Game/FirstPersonBP/Maps/FirstPersonExampleMap.FirstPersonExampleMap_C' with ClassGeneratedBy '/Game/FirstPersonBP/Maps/FirstPersonExampleMap.FirstPersonExampleMap:PersistentLevel.FirstPersonExampleMap'
[2016.12.13-17.42.47:593][667]LogWindowsTextInputMethodSystem:Display: IME system now deactivated.
[2016.12.13-17.42.47:593][667]LogWindowsTextInputMethodSystem:Display: IME system now deactivated.
[2016.12.13-17.43.29:799][947]LogBlueprintUserMessages: Early EndPlayMap Detection: Level '/Game/FirstPersonBP/Maps/FirstPersonExampleMap.FirstPersonExampleMap:PersistentLevel' has LevelScriptBlueprint '/Game/FirstPersonBP/Maps/FirstPersonExampleMap.FirstPersonExampleMap:PersistentLevel.FirstPersonExampleMap' with GeneratedClass '/Game/FirstPersonBP/Maps/FirstPersonExampleMap.FirstPersonExampleMap_C' with ClassGeneratedBy '/Game/FirstPersonBP/Maps/FirstPersonExampleMap.FirstPersonExampleMap:PersistentLevel.FirstPersonExampleMap'
[2016.12.13-17.43.29:850][947]LogPhysics:Warning: AddConvexElemsToRigidActor: [/Engine/BasicShapes/Cube.Cube] ConvexElem[0] invalid
[2016.12.13-17.43.29:880][947]LogBlueprintUserMessages: Late EndPlayMap Detection: Level '/Game/FirstPersonBP/Maps/FirstPersonExampleMap.FirstPersonExampleMap:PersistentLevel' has LevelScriptBlueprint '/Game/FirstPersonBP/Maps/FirstPersonExampleMap.FirstPersonExampleMap:PersistentLevel.FirstPersonExampleMap' with GeneratedClass '/Game/FirstPersonBP/Maps/FirstPersonExampleMap.FirstPersonExampleMap_C' with ClassGeneratedBy '/Game/FirstPersonBP/Maps/FirstPersonExampleMap.FirstPersonExampleMap:PersistentLevel.FirstPersonExampleMap'
[2016.12.13-17.43.36:535][635]LogWindowsTextInputMethodSystem:Display: IME system now deactivated.
[2016.12.13-17.43.36:536][635]LogWindowsTextInputMethodSystem:Display: IME system now deactivated.
[2016.12.13-17.43.37:746][747]LogEditorViewport: Clicking on Actor (LMB): StaticMeshActor (SM_Cave_Rock_Large_01b)
[2016.12.13-17.43.42:207][158]LogEditorViewport: Clicking on Actor (LMB): StaticMeshActor (SM_RockTerrain8)
[2016.12.13-17.43.50:432][ 53]LogEditorViewport: Clicking on Actor (LMB): StaticMeshActor (SM_RockTerrain12)
[2016.12.13-17.43.52:654][259]LogEditorViewport: Clicking on Actor (LMB): StaticMeshActor (SM_RockTerrain9)
[2016.12.13-17.44.47:494][157]LogEditorViewport: Clicking on Actor (LMB): StaticMeshActor (SM_RockTerrain13)
[2016.12.13-17.45.29:750][643]LogEditorViewport: Clicking on Actor (LMB): StaticMeshActor (S_BuildingSetA_Tree_02)
[2016.12.13-17.45.46:713][457]Cmd: TRANSACTION UNDO
[2016.12.13-17.45.46:713][457]LogEditorTransaction: Undo Move Actors
[2016.12.13-17.46.07:428][740]LogEditorViewport: Clicking on Actor (LMB): StaticMeshActor (S_BuildingSetA_Tree_3)
[2016.12.13-17.46.15:899][716]LogEditorViewport: Clicking on Actor (LMB): StaticMeshActor (S_BuildingSetA_Tree_4)
[2016.12.13-17.46.20:586][258]LogEditorViewport: Clicking on Actor (LMB): StaticMeshActor (S_BuildingSetA_Tree_5)
[2016.12.13-17.46.29:456][237]LogEditorViewport: Clicking on Actor (LMB): StaticMeshActor (S_BuildingSetA_Tree_6)
[2016.12.13-17.46.33:454][695]LogEditorViewport: Clicking on Actor (LMB): StaticMeshActor (S_BuildingSetA_Tree_7)
[2016.12.13-17.46.39:567][349]LogTemp: Repeting last play command: New Editor Window (PIE)
[2016.12.13-17.46.39:588][349]LogBlueprintUserMessages: Early PlayInEditor Detection: Level '/Game/FirstPersonBP/Maps/FirstPersonExampleMap.FirstPersonExampleMap:PersistentLevel' has LevelScriptBlueprint '/Game/FirstPersonBP/Maps/FirstPersonExampleMap.FirstPersonExampleMap:PersistentLevel.FirstPersonExampleMap' with GeneratedClass '/Game/FirstPersonBP/Maps/FirstPersonExampleMap.FirstPersonExampleMap_C' with ClassGeneratedBy '/Game/FirstPersonBP/Maps/FirstPersonExampleMap.FirstPersonExampleMap:PersistentLevel.FirstPersonExampleMap'
[2016.12.13-17.46.39:588][349]LogPlayLevel: PlayLevel: No blueprints needed recompiling
[2016.12.13-17.46.39:588][349]PIE: New page: PIE session: FirstPersonExampleMap (Dec 13, 2016, 7:46:39 PM)
[2016.12.13-17.46.39:589][349]LogPlayLevel: Creating play world package: /Game/FirstPersonBP/Maps/UEDPIE_0_FirstPersonExampleMap
[2016.12.13-17.46.39:640][349]LogPlayLevel: PIE: StaticDuplicateObject took: (0.051403s)
[2016.12.13-17.46.39:644][349]LogAIModule: Creating AISystem for world FirstPersonExampleMap
[2016.12.13-17.46.39:644][349]LogPlayLevel: PIE: World Init took: (0.004110s)
[2016.12.13-17.46.39:645][349]LogPlayLevel: PIE: Created PIE world by copying editor world from /Game/FirstPersonBP/Maps/FirstPersonExampleMap.FirstPersonExampleMap to /Game/FirstPersonBP/Maps/UEDPIE_0_FirstPersonExampleMap.FirstPersonExampleMap (0.056285s)
[2016.12.13-17.46.39:667][349]LogInit: XAudio2 using 'Casque (Périphérique High Definition Audio)' : 2 channels at 44.1 kHz using 16 bits per sample (channel mask 0x3)
[2016.12.13-17.46.39:685][349]LogInit: FAudioDevice initialized.
[2016.12.13-17.46.39:727][349]LogLoad: Game class is 'FirstPersonGameMode_C'
[2016.12.13-17.46.39:751][349]LogPhysics:Warning: AddConvexElemsToRigidActor: [/Engine/BasicShapes/Cube.Cube] ConvexElem[0] invalid
[2016.12.13-17.46.39:751][349]LogWorld: Bringing World /Game/FirstPersonBP/Maps/UEDPIE_0_FirstPersonExampleMap.FirstPersonExampleMap up for play (max tick rate 0) at 2016.12.13-18.46.39
[2016.12.13-17.46.39:836][349]LogWorld: Bringing up level for play took: 0.107026
[2016.12.13-17.46.39:836][349]LogSpawn:Warning: SpawnActor failed because no class was specified
[2016.12.13-17.46.39:841][349]LogGameMode:Display: Match State Changed from EnteringMap to WaitingToStart
[2016.12.13-17.46.39:841][349]LogGameState: Match State Changed from EnteringMap to WaitingToStart
[2016.12.13-17.46.39:841][349]LogGameMode:Display: Match State Changed from WaitingToStart to InProgress
[2016.12.13-17.46.39:842][349]LogGameState: Match State Changed from WaitingToStart to InProgress
[2016.12.13-17.46.39:846][349]PIE: Info Play in editor start time for /Game/FirstPersonBP/Maps/UEDPIE_0_FirstPersonExampleMap -0.054
[2016.12.13-17.46.39:847][349]LogBlueprintUserMessages: Late PlayInEditor Detection: Level '/Game/FirstPersonBP/Maps/FirstPersonExampleMap.FirstPersonExampleMap:PersistentLevel' has LevelScriptBlueprint '/Game/FirstPersonBP/Maps/FirstPersonExampleMap.FirstPersonExampleMap:PersistentLevel.FirstPersonExampleMap' with GeneratedClass '/Game/FirstPersonBP/Maps/FirstPersonExampleMap.FirstPersonExampleMap_C' with ClassGeneratedBy '/Game/FirstPersonBP/Maps/FirstPersonExampleMap.FirstPersonExampleMap:PersistentLevel.FirstPersonExampleMap'
[2016.12.13-17.47.10:815][278]LogBlueprintUserMessages: Early EndPlayMap Detection: Level '/Game/FirstPersonBP/Maps/FirstPersonExampleMap.FirstPersonExampleMap:PersistentLevel' has LevelScriptBlueprint '/Game/FirstPersonBP/Maps/FirstPersonExampleMap.FirstPersonExampleMap:PersistentLevel.FirstPersonExampleMap' with GeneratedClass '/Game/FirstPersonBP/Maps/FirstPersonExampleMap.FirstPersonExampleMap_C' with ClassGeneratedBy '/Game/FirstPersonBP/Maps/FirstPersonExampleMap.FirstPersonExampleMap:PersistentLevel.FirstPersonExampleMap'
[2016.12.13-17.47.10:882][278]LogPhysics:Warning: AddConvexElemsToRigidActor: [/Engine/BasicShapes/Cube.Cube] ConvexElem[0] invalid
[2016.12.13-17.47.10:929][278]LogBlueprintUserMessages: Late EndPlayMap Detection: Level '/Game/FirstPersonBP/Maps/FirstPersonExampleMap.FirstPersonExampleMap:PersistentLevel' has LevelScriptBlueprint '/Game/FirstPersonBP/Maps/FirstPersonExampleMap.FirstPersonExampleMap:PersistentLevel.FirstPersonExampleMap' with GeneratedClass '/Game/FirstPersonBP/Maps/FirstPersonExampleMap.FirstPersonExampleMap_C' with ClassGeneratedBy '/Game/FirstPersonBP/Maps/FirstPersonExampleMap.FirstPersonExampleMap:PersistentLevel.FirstPersonExampleMap'
[2016.12.13-17.47.20:808][386]LogEditorViewport: Clicking on Actor (LMB): StaticMeshActor (SM_RockTerrain9)
[2016.12.13-17.47.37:352][283]LogWindowsTextInputMethodSystem:Display: IME system now deactivated.
[2016.12.13-17.47.37:352][283]LogWindowsTextInputMethodSystem:Display: IME system now deactivated.
[2016.12.13-17.47.39:318][509]LogEditorViewport: Clicking on Actor (context menu): StaticMeshActor (SM_RockTerrain9)
[2016.12.13-17.47.39:710][551]LogWindowsTextInputMethodSystem:Display: IME system now deactivated.
[2016.12.13-17.47.39:711][551]LogWindowsTextInputMethodSystem:Display: IME system now deactivated.
[2016.12.13-17.47.41:220][723]LogEditorViewport: Clicking on Actor (LMB): StaticMeshActor (SM_RockTerrain9)
[2016.12.13-17.47.57:902][597]LogEditorViewport: Clicking on Actor (LMB): StaticMeshActor (SM_RockTerrain9)
[2016.12.13-17.47.58:527][659]LogEditorViewport: Clicking on Actor (LMB): StaticMeshActor (SM_RockTerrain9)
[2016.12.13-17.48.27:171][768]LogEditorViewport: Clicking on Actor (LMB): StaticMeshActor (SM_RockTerrain10)
[2016.12.13-17.48.30:514][121]LogEditorViewport: Clicking on Actor (context menu): StaticMeshActor (SM_RockTerrain9)
[2016.12.13-17.48.30:891][156]LogEditorViewport: Clicking on Actor (LMB): StaticMeshActor (SM_RockTerrain9)
[2016.12.13-17.48.43:030][436]LogEditorViewport: Clicking on Actor (LMB): StaticMeshActor (S_BuildingSetA_Tree_6)
[2016.12.13-17.48.43:813][514]Cmd: DELETE
[2016.12.13-17.48.43:813][514]Cmd: ACTOR DELETE
[2016.12.13-17.48.44:119][514]LogEditorActor: Deleted Actor: StaticMeshActor
[2016.12.13-17.48.44:130][514]LogEditorActor: Deleted 1 Actors (0.031 secs)
[2016.12.13-17.48.44:225][520]LogEditorViewport: Clicking on Actor (context menu): StaticMeshActor (SM_RockTerrain13)
[2016.12.13-17.48.45:572][661]LogEditorViewport: Clicking on Actor (LMB): StaticMeshActor (S_BuildingSetA_Tree_7)
[2016.12.13-17.48.45:697][669]Cmd: DELETE
[2016.12.13-17.48.45:697][669]Cmd: ACTOR DELETE
[2016.12.13-17.48.45:698][669]LogEditorActor: Deleted Actor: StaticMeshActor
[2016.12.13-17.48.45:710][669]LogEditorActor: Deleted 1 Actors (0.013 secs)
[2016.12.13-17.48.46:561][767]LogEditorViewport: Clicking on Actor (LMB): StaticMeshActor (S_BuildingSetA_Tree_5)
[2016.12.13-17.48.46:627][771]Cmd: DELETE
[2016.12.13-17.48.46:627][771]Cmd: ACTOR DELETE
[2016.12.13-17.48.46:628][771]LogEditorActor: Deleted Actor: StaticMeshActor
[2016.12.13-17.48.46:637][771]LogEditorActor: Deleted 1 Actors (0.010 secs)
[2016.12.13-17.48.47:384][856]LogEditorViewport: Clicking on Actor (LMB): StaticMeshActor (S_BuildingSetA_Tree_4)
[2016.12.13-17.48.47:492][865]Cmd: DELETE
[2016.12.13-17.48.47:492][865]Cmd: ACTOR DELETE
[2016.12.13-17.48.47:493][865]LogEditorActor: Deleted Actor: StaticMeshActor
[2016.12.13-17.48.47:504][865]LogEditorActor: Deleted 1 Actors (0.012 secs)
[2016.12.13-17.48.48:157][940]LogEditorViewport: Clicking on Actor (LMB): StaticMeshActor (S_BuildingSetA_Tree_3)
[2016.12.13-17.48.48:354][958]Cmd: DELETE
[2016.12.13-17.48.48:354][958]Cmd: ACTOR DELETE
[2016.12.13-17.48.48:355][958]LogEditorActor: Deleted Actor: StaticMeshActor
[2016.12.13-17.48.48:365][958]LogEditorActor: Deleted 1 Actors (0.010 secs)
[2016.12.13-17.48.48:761][  4]LogEditorViewport: Clicking on Actor (LMB): StaticMeshActor (S_BuildingSetA_Tree_02)
[2016.12.13-17.49.14:301][215]LogEditorViewport: Clicking on Actor (LMB): StaticMeshActor (S_BuildingSetA_Tree_02)
[2016.12.13-17.49.24:491][208]LogEditorViewport: Clicking on Actor (LMB): StaticMeshActor (S_BuildingSetA_Tree_4)
[2016.12.13-17.49.25:210][277]Cmd: DELETE
[2016.12.13-17.49.25:210][277]Cmd: ACTOR DELETE
[2016.12.13-17.49.25:211][277]LogEditorActor: Deleted Actor: StaticMeshActor
[2016.12.13-17.49.25:220][277]LogEditorActor: Deleted 1 Actors (0.010 secs)
[2016.12.13-17.49.25:925][359]LogEditorViewport: Clicking on Actor (LMB): StaticMeshActor (S_BuildingSetA_Tree_02)
[2016.12.13-17.49.27:009][462]LogEditorViewport: Clicking on Actor (LMB): StaticMeshActor (S_BuildingSetA_Tree_3)
[2016.12.13-17.49.29:222][675]LogEditorViewport: Clicking on Actor (LMB): StaticMeshActor (S_BuildingSetA_Tree_02)
[2016.12.13-17.49.52:693][936]LogTemp: Repeting last play command: New Editor Window (PIE)
[2016.12.13-17.49.52:715][936]LogBlueprintUserMessages: Early PlayInEditor Detection: Level '/Game/FirstPersonBP/Maps/FirstPersonExampleMap.FirstPersonExampleMap:PersistentLevel' has LevelScriptBlueprint '/Game/FirstPersonBP/Maps/FirstPersonExampleMap.FirstPersonExampleMap:PersistentLevel.FirstPersonExampleMap' with GeneratedClass '/Game/FirstPersonBP/Maps/FirstPersonExampleMap.FirstPersonExampleMap_C' with ClassGeneratedBy '/Game/FirstPersonBP/Maps/FirstPersonExampleMap.FirstPersonExampleMap:PersistentLevel.FirstPersonExampleMap'
[2016.12.13-17.49.52:715][936]LogPlayLevel: PlayLevel: No blueprints needed recompiling
[2016.12.13-17.49.52:715][936]PIE: New page: PIE session: FirstPersonExampleMap (Dec 13, 2016, 7:49:52 PM)
[2016.12.13-17.49.52:715][936]LogPlayLevel: Creating play world package: /Game/FirstPersonBP/Maps/UEDPIE_0_FirstPersonExampleMap
[2016.12.13-17.49.52:773][936]LogPlayLevel: PIE: StaticDuplicateObject took: (0.057813s)
[2016.12.13-17.49.52:774][936]LogAIModule: Creating AISystem for world FirstPersonExampleMap
[2016.12.13-17.49.52:774][936]LogPlayLevel: PIE: World Init took: (0.001178s)
[2016.12.13-17.49.52:775][936]LogPlayLevel: PIE: Created PIE world by copying editor world from /Game/FirstPersonBP/Maps/FirstPersonExampleMap.FirstPersonExampleMap to /Game/FirstPersonBP/Maps/UEDPIE_0_FirstPersonExampleMap.FirstPersonExampleMap (0.059396s)
[2016.12.13-17.49.52:796][936]LogInit: XAudio2 using 'Casque (Périphérique High Definition Audio)' : 2 channels at 44.1 kHz using 16 bits per sample (channel mask 0x3)
[2016.12.13-17.49.52:802][936]LogInit: FAudioDevice initialized.
[2016.12.13-17.49.52:843][936]LogLoad: Game class is 'FirstPersonGameMode_C'
[2016.12.13-17.49.52:876][936]LogPhysics:Warning: AddConvexElemsToRigidActor: [/Engine/BasicShapes/Cube.Cube] ConvexElem[0] invalid
[2016.12.13-17.49.52:877][936]LogWorld: Bringing World /Game/FirstPersonBP/Maps/UEDPIE_0_FirstPersonExampleMap.FirstPersonExampleMap up for play (max tick rate 0) at 2016.12.13-18.49.52
[2016.12.13-17.49.52:959][936]LogWorld: Bringing up level for play took: 0.104382
[2016.12.13-17.49.52:960][936]LogSpawn:Warning: SpawnActor failed because no class was specified
[2016.12.13-17.49.52:960][936]LogGameMode:Display: Match State Changed from EnteringMap to WaitingToStart
[2016.12.13-17.49.52:960][936]LogGameState: Match State Changed from EnteringMap to WaitingToStart
[2016.12.13-17.49.52:960][936]LogGameMode:Display: Match State Changed from WaitingToStart to InProgress
[2016.12.13-17.49.52:961][936]LogGameState: Match State Changed from WaitingToStart to InProgress
[2016.12.13-17.49.52:965][936]PIE: Info Play in editor start time for /Game/FirstPersonBP/Maps/UEDPIE_0_FirstPersonExampleMap 1.084
[2016.12.13-17.49.52:966][936]LogBlueprintUserMessages: Late PlayInEditor Detection: Level '/Game/FirstPersonBP/Maps/FirstPersonExampleMap.FirstPersonExampleMap:PersistentLevel' has LevelScriptBlueprint '/Game/FirstPersonBP/Maps/FirstPersonExampleMap.FirstPersonExampleMap:PersistentLevel.FirstPersonExampleMap' with GeneratedClass '/Game/FirstPersonBP/Maps/FirstPersonExampleMap.FirstPersonExampleMap_C' with ClassGeneratedBy '/Game/FirstPersonBP/Maps/FirstPersonExampleMap.FirstPersonExampleMap:PersistentLevel.FirstPersonExampleMap'
[2016.12.13-17.50.40:410][349]LogBlueprintUserMessages: Early EndPlayMap Detection: Level '/Game/FirstPersonBP/Maps/FirstPersonExampleMap.FirstPersonExampleMap:PersistentLevel' has LevelScriptBlueprint '/Game/FirstPersonBP/Maps/FirstPersonExampleMap.FirstPersonExampleMap:PersistentLevel.FirstPersonExampleMap' with GeneratedClass '/Game/FirstPersonBP/Maps/FirstPersonExampleMap.FirstPersonExampleMap_C' with ClassGeneratedBy '/Game/FirstPersonBP/Maps/FirstPersonExampleMap.FirstPersonExampleMap:PersistentLevel.FirstPersonExampleMap'
[2016.12.13-17.50.40:456][349]LogPhysics:Warning: AddConvexElemsToRigidActor: [/Engine/BasicShapes/Cube.Cube] ConvexElem[0] invalid
[2016.12.13-17.50.40:509][349]LogBlueprintUserMessages: Late EndPlayMap Detection: Level '/Game/FirstPersonBP/Maps/FirstPersonExampleMap.FirstPersonExampleMap:PersistentLevel' has LevelScriptBlueprint '/Game/FirstPersonBP/Maps/FirstPersonExampleMap.FirstPersonExampleMap:PersistentLevel.FirstPersonExampleMap' with GeneratedClass '/Game/FirstPersonBP/Maps/FirstPersonExampleMap.FirstPersonExampleMap_C' with ClassGeneratedBy '/Game/FirstPersonBP/Maps/FirstPersonExampleMap.FirstPersonExampleMap:PersistentLevel.FirstPersonExampleMap'
[2016.12.13-17.50.55:422][848]LogSavePackage: Save=571.61ms
[2016.12.13-17.50.55:422][848]LogSavePackage: Moving '../../../../../../../Users/c.blondy/Documents/GitHub/Ruiz/Saved/FirstPersonExampleMap6752F378447F68CD398C8CBAAAFC7143.tmp' to '../../../../../../../Users/c.blondy/Documents/GitHub/Ruiz/Content/FirstPersonBP/Maps/FirstPersonExampleMap.umap'
[2016.12.13-17.50.55:430][848]LogSavePackage:Display: Finished SavePackage ../../../../../../../Users/c.blondy/Documents/GitHub/Ruiz/Content/FirstPersonBP/Maps/FirstPersonExampleMap.umap
[2016.12.13-17.51.16:037][955]LogSavePackage: Save=543.44ms
[2016.12.13-17.51.16:037][955]LogSavePackage: Moving '../../../../../../../Users/c.blondy/Documents/GitHub/Ruiz/Saved/FirstPersonExampleMap03E60D8341BAF5D37A6460B411A44856.tmp' to '../../../../../../../Users/c.blondy/Documents/GitHub/Ruiz/Content/FirstPersonBP/Maps/FirstPersonExampleMap.umap'
[2016.12.13-17.51.16:039][955]LogSavePackage:Display: Finished SavePackage ../../../../../../../Users/c.blondy/Documents/GitHub/Ruiz/Content/FirstPersonBP/Maps/FirstPersonExampleMap.umap
[2016.12.13-17.51.16:081][955]LogFileHelpers: Saving map 'FirstPersonExampleMap' took 0.670
[2016.12.13-17.51.17:263][ 75]LogWindowsTextInputMethodSystem:Display: IME system now deactivated.
[2016.12.13-17.51.17:485][ 76]Cmd: QUIT_EDITOR
[2016.12.13-17.51.17:895][ 76]LogExit: Preparing to exit.
[2016.12.13-17.51.18:645][ 76]LogDirectoryWatcher: A directory notification for 'C:/Users/c.blondy/Documents/GitHub/Ruiz/Content/' was aborted.
[2016.12.13-17.51.18:767][ 76]LogExit: Editor shut down
[2016.12.13-17.51.18:767][ 76]LogExit: Transaction tracking system shut down
[2016.12.13-17.51.20:514][ 76]LogObj: Freed 0b from 0 cluster array pools.
[2016.12.13-17.51.20:514][ 76]LogExit: Object subsystem successfully closed.
[2016.12.13-17.51.20:778][ 76]LogD3D11RHI: Shutdown
[2016.12.13-17.51.20:785][ 76]LogD3D11RHI: CleanupD3DDevice
[2016.12.13-17.51.21:126][ 76]LogD3D11RHI: ~FD3D11DynamicRHI
[2016.12.13-17.51.21:669][ 76]LogHttp:Display: Http module shutting down, but needs to wait on 1 outstanding Http requests:
[2016.12.13-17.51.21:669][ 76]LogHttp:Display: 	verb=[POST] url=[https://datarouter.ol.epicgames.com/datarouter/api/v1/public/data?SessionID=%7B709CC49B-4983-8035-75EF-B689C064A794%7D&AppID=UEEditor.Rocket.Release&AppVersion=4.14.1-3224400%2B%2B%2BUE4%2BRelease-4.14&UserID=09828cb64f0f498f5aef9f9e1781a474%7C08d8f69df2854539b227171ac072b661%7Cf1acecb5-a286-4689-9dd6-aeb44955405c&AppEnvironment=datacollector-binary&UploadType=eteventstream] status=Processing
[2016.12.13-17.51.21:768][ 76]LogModuleManager: Shutting down and abandoning module MovieSceneCapture (242)
[2016.12.13-17.51.21:775][ 76]LogModuleManager: Shutting down and abandoning module StatsViewer (241)
[2016.12.13-17.51.21:780][ 76]LogModuleManager: Shutting down and abandoning module HierarchicalLODOutliner (240)
[2016.12.13-17.51.21:793][ 76]LogModuleManager: Shutting down and abandoning module CrashTracker (239)
[2016.12.13-17.51.21:796][ 76]LogModuleManager: Shutting down and abandoning module WidgetCarousel (238)
[2016.12.13-17.51.21:796][ 76]LogModuleManager: Shutting down and abandoning module AddContentDialog (237)
[2016.12.13-17.51.21:849][ 76]LogDirectoryWatcher: A directory notification for 'C:/UE4/UnrealEngine/Epic Games/4.14/FeaturePacks/' was aborted.
[2016.12.13-17.51.21:863][ 76]LogModuleManager: Shutting down and abandoning module GameplayTags (236)
[2016.12.13-17.51.21:863][ 76]LogModuleManager: Shutting down and abandoning module EditorWidgets (235)
[2016.12.13-17.51.21:863][ 76]LogModuleManager: Shutting down and abandoning module CollectionManager (234)
[2016.12.13-17.51.21:877][ 76]LogDirectoryWatcher: A directory notification for 'C:/Users/c.blondy/Documents/GitHub/Ruiz/Content/Collections/' was aborted.
[2016.12.13-17.51.21:877][ 76]LogDirectoryWatcher: A directory notification for 'C:/Users/c.blondy/Documents/GitHub/Ruiz/Content/Developers/cblondy/Collections/' was aborted.
[2016.12.13-17.51.21:877][ 76]LogDirectoryWatcher: A directory notification for 'C:/Users/c.blondy/Documents/GitHub/Ruiz/Saved/Collections/' was aborted.
[2016.12.13-17.51.21:877][ 76]LogModuleManager: Shutting down and abandoning module SceneOutliner (233)
[2016.12.13-17.51.21:878][ 76]LogModuleManager: Shutting down and abandoning module FoliageEdit (232)
[2016.12.13-17.51.21:878][ 76]LogModuleManager: Shutting down and abandoning module LandscapeEditor (231)
[2016.12.13-17.51.21:908][ 76]LogModuleManager: Shutting down and abandoning module SceneDepthPickerMode (230)
[2016.12.13-17.51.21:908][ 76]LogModuleManager: Shutting down and abandoning module ActorPickerMode (229)
[2016.12.13-17.51.21:908][ 76]LogModuleManager: Shutting down and abandoning module GeometryMode (228)
[2016.12.13-17.51.21:908][ 76]LogModuleManager: Shutting down and abandoning module TextureAlignMode (227)
[2016.12.13-17.51.21:908][ 76]LogModuleManager: Shutting down and abandoning module BspMode (226)
[2016.12.13-17.51.21:918][ 76]LogModuleManager: Shutting down and abandoning module HardwareSurvey (225)
[2016.12.13-17.51.21:923][ 76]LogModuleManager: Shutting down and abandoning module SequenceRecorderSections (224)
[2016.12.13-17.51.21:927][ 76]LogModuleManager: Shutting down and abandoning module AutomationWorker (223)
[2016.12.13-17.51.21:948][ 76]LogModuleManager: Shutting down and abandoning module MatineeToLevelSequence (222)
[2016.12.13-17.51.21:958][ 76]LogModuleManager: Shutting down and abandoning module PlacementMode (221)
[2016.12.13-17.51.21:969][ 76]LogModuleManager: Shutting down and abandoning module LevelSequenceEditor (220)
[2016.12.13-17.51.21:986][ 76]LogModuleManager: Shutting down and abandoning module WmfMediaFactory (219)
[2016.12.13-17.51.21:986][ 76]LogModuleManager: Shutting down and abandoning module WmfMediaEditor (218)
[2016.12.13-17.51.21:987][ 76]LogModuleManager: Shutting down and abandoning module AvfMediaFactory (217)
[2016.12.13-17.51.21:987][ 76]LogModuleManager: Shutting down and abandoning module AvfMediaEditor (216)
[2016.12.13-17.51.21:987][ 76]LogModuleManager: Shutting down and abandoning module Media (215)
[2016.12.13-17.51.21:987][ 76]LogModuleManager: Shutting down and abandoning module AndroidMediaFactory (214)
[2016.12.13-17.51.21:987][ 76]LogModuleManager: Shutting down and abandoning module AndroidMediaEditor (213)
[2016.12.13-17.51.21:987][ 76]LogModuleManager: Shutting down and abandoning module CharacterAI (212)
[2016.12.13-17.51.21:987][ 76]LogModuleManager: Shutting down and abandoning module SequenceRecorder (211)
[2016.12.13-17.51.22:008][ 76]LogModuleManager: Shutting down and abandoning module AudioCapture (210)
[2016.12.13-17.51.22:008][ 76]LogModuleManager: Shutting down and abandoning module SmartSnapping (209)
[2016.12.13-17.51.22:008][ 76]LogModuleManager: Shutting down and abandoning module SessionServices (208)
[2016.12.13-17.51.22:008][ 76]LogModuleManager: Shutting down and abandoning module ViewportSnapping (207)
[2016.12.13-17.51.22:008][ 76]LogModuleManager: Shutting down and abandoning module ViewportInteraction (206)
[2016.12.13-17.51.22:009][ 76]LogModuleManager: Shutting down and abandoning module LogVisualizer (205)
[2016.12.13-17.51.22:052][ 76]LogModuleManager: Shutting down and abandoning module GameProjectGeneration (204)
[2016.12.13-17.51.22:074][ 76]LogModuleManager: Shutting down and abandoning module IntroTutorials (203)
[2016.12.13-17.51.22:087][ 76]LogModuleManager: Shutting down and abandoning module EditorLiveStreaming (202)
[2016.12.13-17.51.22:087][ 76]LogModuleManager: Shutting down and abandoning module IOSPlatformEditor (201)
[2016.12.13-17.51.22:097][ 76]LogModuleManager: Shutting down and abandoning module HTML5PlatformEditor (200)
[2016.12.13-17.51.22:097][ 76]LogModuleManager: Shutting down and abandoning module AndroidDeviceDetection (199)
[2016.12.13-17.51.22:814][ 76]LogModuleManager: Shutting down and abandoning module AndroidPlatformEditor (198)
[2016.12.13-17.51.22:832][ 76]LogModuleManager: Shutting down and abandoning module IOSRuntimeSettings (197)
[2016.12.13-17.51.22:832][ 76]LogModuleManager: Shutting down and abandoning module AndroidRuntimeSettings (196)
[2016.12.13-17.51.22:832][ 76]LogModuleManager: Shutting down and abandoning module InputBindingEditor (195)
[2016.12.13-17.51.22:839][ 76]LogModuleManager: Shutting down and abandoning module NiagaraEditor (194)
[2016.12.13-17.51.22:860][ 76]LogModuleManager: Shutting down and abandoning module MergeActors (193)
[2016.12.13-17.51.22:868][ 76]LogModuleManager: Shutting down and abandoning module SizeMap (192)
[2016.12.13-17.51.22:874][ 76]LogModuleManager: Shutting down and abandoning module TreeMap (191)
[2016.12.13-17.51.22:880][ 76]LogModuleManager: Shutting down and abandoning module ReferenceViewer (190)
[2016.12.13-17.51.22:880][ 76]LogModuleManager: Shutting down and abandoning module LocalizationService (189)
[2016.12.13-17.51.22:889][ 76]LogModuleManager: Shutting down and abandoning module LocalizationDashboard (188)
[2016.12.13-17.51.22:902][ 76]LogModuleManager: Shutting down and abandoning module HardwareTargeting (187)
[2016.12.13-17.51.22:912][ 76]LogModuleManager: Shutting down and abandoning module DeviceProfileEditor (186)
[2016.12.13-17.51.22:917][ 76]LogModuleManager: Shutting down and abandoning module UndoHistory (185)
[2016.12.13-17.51.22:919][ 76]LogModuleManager: Shutting down and abandoning module UserFeedback (184)
[2016.12.13-17.51.22:919][ 76]LogModuleManager: Shutting down and abandoning module XmlParser (183)
[2016.12.13-17.51.22:926][ 76]LogModuleManager: Shutting down and abandoning module Blutility (182)
[2016.12.13-17.51.22:937][ 76]LogModuleManager: Shutting down and abandoning module ProjectTargetPlatformEditor (181)
[2016.12.13-17.51.22:937][ 76]LogModuleManager: Shutting down and abandoning module ProjectSettingsViewer (180)
[2016.12.13-17.51.22:937][ 76]LogModuleManager: Shutting down and abandoning module EditorSettingsViewer (179)
[2016.12.13-17.51.22:937][ 76]LogModuleManager: Shutting down and abandoning module SettingsEditor (178)
[2016.12.13-17.51.22:943][ 76]LogModuleManager: Shutting down and abandoning module ProjectLauncher (177)
[2016.12.13-17.51.22:956][ 76]LogModuleManager: Shutting down and abandoning module SessionFrontend (176)
[2016.12.13-17.51.22:965][ 76]LogModuleManager: Shutting down and abandoning module ProfilerClient (175)
[2016.12.13-17.51.22:971][ 76]LogModuleManager: Shutting down and abandoning module TargetDeviceServices (174)
[2016.12.13-17.51.22:971][ 76]LogModuleManager: Shutting down and abandoning module DeviceManager (173)
[2016.12.13-17.51.23:027][ 76]LogModuleManager: Shutting down and abandoning module AutomationController (172)
[2016.12.13-17.51.23:032][ 76]LogModuleManager: Shutting down and abandoning module AutomationWindow (171)
[2016.12.13-17.51.23:065][ 76]LogModuleManager: Shutting down and abandoning module Layers (170)
[2016.12.13-17.51.23:078][ 76]LogModuleManager: Shutting down and abandoning module ComponentVisualizers (169)
[2016.12.13-17.51.23:078][ 76]LogModuleManager: Shutting down and abandoning module DetailCustomizations (168)
[2016.12.13-17.51.23:088][ 76]LogModuleManager: Shutting down and abandoning module PackagesDialog (167)
[2016.12.13-17.51.23:088][ 76]LogModuleManager: Shutting down and abandoning module AnimGraph (166)
[2016.12.13-17.51.23:115][ 76]LogModuleManager: Shutting down and abandoning module Persona (165)
[2016.12.13-17.51.23:128][ 76]LogModuleManager: Shutting down and abandoning module Kismet (164)
[2016.12.13-17.51.23:128][ 76]LogModuleManager: Shutting down and abandoning module GraphEditor (163)
[2016.12.13-17.51.23:167][ 76]LogModuleManager: Shutting down and abandoning module ClassViewer (162)
[2016.12.13-17.51.23:191][ 76]LogModuleManager: Shutting down and abandoning module Toolbox (161)
[2016.12.13-17.51.23:196][ 76]LogModuleManager: Shutting down and abandoning module ModuleUI (160)
[2016.12.13-17.51.23:204][ 76]LogModuleManager: Shutting down and abandoning module MovieSceneTools (159)
[2016.12.13-17.51.23:221][ 76]LogModuleManager: Shutting down and abandoning module OutputLog (158)
[2016.12.13-17.51.23:240][ 76]LogModuleManager: Shutting down and abandoning module GammaUI (157)
[2016.12.13-17.51.23:247][ 76]LogModuleManager: Shutting down and abandoning module Documentation (156)
[2016.12.13-17.51.23:248][ 76]LogModuleManager: Shutting down and abandoning module Niagara (155)
[2016.12.13-17.51.23:248][ 76]LogModuleManager: Shutting down and abandoning module StreamingPauseRendering (154)
[2016.12.13-17.51.23:248][ 76]LogModuleManager: Shutting down and abandoning module AnalyticsET (153)
[2016.12.13-17.51.23:248][ 76]LogModuleManager: Shutting down and abandoning module PortalServices (152)
[2016.12.13-17.51.23:248][ 76]LogModuleManager: Shutting down and abandoning module PortalRpc (151)
[2016.12.13-17.51.23:248][ 76]LogModuleManager: Shutting down and abandoning module MessagingRpc (150)
[2016.12.13-17.51.23:248][ 76]LogModuleManager: Shutting down and abandoning module GameplayDebugger (149)
[2016.12.13-17.51.23:254][ 76]LogModuleManager: Shutting down and abandoning module AITestSuite (148)
[2016.12.13-17.51.23:264][ 76]LogModuleManager: Shutting down and abandoning module AIModule (147)
[2016.12.13-17.51.23:264][ 76]LogModuleManager: Shutting down and abandoning module ProfilerService (146)
[2016.12.13-17.51.23:431][ 76]LogModuleManager: Shutting down and abandoning module TaskGraph (145)
[2016.12.13-17.51.23:443][ 76]LogModuleManager: Shutting down and abandoning module SlateRemote (144)
[2016.12.13-17.51.23:443][ 76]LogModuleManager: Shutting down and abandoning module SteamVRController (143)
[2016.12.13-17.51.23:443][ 76]LogModuleManager: Shutting down and abandoning module SteamVR (142)
[2016.12.13-17.51.23:443][ 76]LogModuleManager: Shutting down and abandoning module ProceduralMeshComponentEditor (141)
[2016.12.13-17.51.23:450][ 76]LogModuleManager: Shutting down and abandoning module ProceduralMeshComponent (140)
[2016.12.13-17.51.23:460][ 76]LogModuleManager: Shutting down and abandoning module OculusLibrary (139)
[2016.12.13-17.51.23:460][ 76]LogModuleManager: Shutting down and abandoning module OculusInput (138)
[2016.12.13-17.51.23:460][ 76]LogModuleManager: Shutting down and abandoning module MobilePatchingUtils (137)
[2016.12.13-17.51.23:460][ 76]LogModuleManager: Shutting down and abandoning module CustomMeshComponent (136)
[2016.12.13-17.51.23:460][ 76]LogModuleManager: Shutting down and abandoning module CableComponent (135)
[2016.12.13-17.51.23:469][ 76]LogModuleManager: Shutting down and abandoning module ArchVisCharacter (134)
[2016.12.13-17.51.23:469][ 76]LogModuleManager: Shutting down and abandoning module MediaPlayerEditor (132)
[2016.12.13-17.51.23:488][ 76]LogModuleManager: Shutting down and abandoning module HTML5Networking (131)
[2016.12.13-17.51.23:488][ 76]LogModuleManager: Shutting down and abandoning module GeometryCacheEd (130)
[2016.12.13-17.51.23:489][ 76]LogModuleManager: Shutting down and abandoning module GeometryCache (129)
[2016.12.13-17.51.23:489][ 76]LogModuleManager: Shutting down and abandoning module AlembicLibrary (128)
[2016.12.13-17.51.23:492][ 76]LogModuleManager: Shutting down and abandoning module AlembicImporter (127)
[2016.12.13-17.51.23:498][ 76]LogModuleManager: Shutting down and abandoning module SuperSearch (126)
[2016.12.13-17.51.23:498][ 76]LogModuleManager: Shutting down and abandoning module SuperSearchEditor (125)
[2016.12.13-17.51.23:498][ 76]LogModuleManager: Shutting down and abandoning module SpeedTreeImporter (124)
[2016.12.13-17.51.23:498][ 76]LogModuleManager: Shutting down and abandoning module PluginBrowser (123)
[2016.12.13-17.51.23:503][ 76]LogModuleManager: Shutting down and abandoning module MobileLauncherProfileWizard (122)
[2016.12.13-17.51.23:510][ 76]LogModuleManager: Shutting down and abandoning module EpicSurvey (121)
[2016.12.13-17.51.23:519][ 76]LogModuleManager: Shutting down and abandoning module DesktopPlatform (120)
[2016.12.13-17.51.23:519][ 76]LogModuleManager: Shutting down and abandoning module VisualStudioSourceCodeAccess (119)
[2016.12.13-17.51.23:522][ 76]LogModuleManager: Shutting down and abandoning module UObjectPlugin (118)
[2016.12.13-17.51.23:522][ 76]LogModuleManager: Shutting down and abandoning module SubversionSourceControl (117)
[2016.12.13-17.51.23:532][ 76]LogModuleManager: Shutting down and abandoning module PerforceSourceControl (116)
[2016.12.13-17.51.23:547][ 76]LogModuleManager: Shutting down and abandoning module SourceControl (115)
[2016.12.13-17.51.23:558][ 76]LogModuleManager: Shutting down and abandoning module GitSourceControl (114)
[2016.12.13-17.51.23:569][ 76]LogModuleManager: Shutting down and abandoning module LightPropagationVolumeEditor (113)
[2016.12.13-17.51.23:569][ 76]LogModuleManager: Shutting down and abandoning module PaperTiledImporter (112)
[2016.12.13-17.51.23:579][ 76]LogModuleManager: Shutting down and abandoning module PaperSpriteSheetImporter (111)
[2016.12.13-17.51.23:579][ 76]LogModuleManager: Shutting down and abandoning module MeshPaint (110)
[2016.12.13-17.51.23:583][ 76]LogModuleManager: Shutting down and abandoning module PixelInspectorModule (109)
[2016.12.13-17.51.23:587][ 76]LogModuleManager: Shutting down and abandoning module HotReload (108)
[2016.12.13-17.51.23:601][ 76]LogModuleManager: Shutting down and abandoning module MainFrame (107)
[2016.12.13-17.51.23:601][ 76]LogModuleManager: Shutting down and abandoning module LevelEditor (106)
[2016.12.13-17.51.23:623][ 76]LogModuleManager: Shutting down and abandoning module ContentBrowser (105)
[2016.12.13-17.51.23:625][ 76]LogModuleManager: Shutting down and abandoning module Paper2DEditor (104)
[2016.12.13-17.51.23:634][ 76]LogModuleManager: Shutting down and abandoning module UdpMessaging (103)
[2016.12.13-17.51.23:735][ 76]LogModuleManager: Shutting down and abandoning module TcpMessaging (102)
[2016.12.13-17.51.23:843][ 76]LogModuleManager: Shutting down and abandoning module LightPropagationVolumeRuntime (101)
[2016.12.13-17.51.23:843][ 76]LogModuleManager: Shutting down and abandoning module Paper2D (100)
[2016.12.13-17.51.23:861][ 76]LogModuleManager: Shutting down and abandoning module WindowsMoviePlayer (99)
[2016.12.13-17.51.23:864][ 76]LogModuleManager: Shutting down and abandoning module WmfMedia (98)
[2016.12.13-17.51.23:887][ 76]LogModuleManager: Shutting down and abandoning module MediaAssets (97)
[2016.12.13-17.51.23:924][ 76]LogModuleManager: Shutting down and abandoning module GameLiveStreaming (96)
[2016.12.13-17.51.23:928][ 76]LogModuleManager: Shutting down and abandoning module GameplayTagsEditor (95)
[2016.12.13-17.51.23:928][ 76]LogModuleManager: Shutting down and abandoning module VREditor (94)
[2016.12.13-17.51.23:928][ 76]LogModuleManager: Shutting down and abandoning module GameplayTasksEditor (93)
[2016.12.13-17.51.23:928][ 76]LogModuleManager: Shutting down and abandoning module BehaviorTreeEditor (92)
[2016.12.13-17.51.23:946][ 76]LogModuleManager: Shutting down and abandoning module FunctionalTesting (91)
[2016.12.13-17.51.23:949][ 76]LogModuleManager: Shutting down and abandoning module CollisionAnalyzer (90)
[2016.12.13-17.51.23:964][ 76]LogModuleManager: Shutting down and abandoning module Sequencer (89)
[2016.12.13-17.51.23:997][ 76]LogModuleManager: Shutting down and abandoning module WorkspaceMenuStructure (88)
[2016.12.13-17.51.23:997][ 76]LogModuleManager: Shutting down and abandoning module MessageLog (87)
[2016.12.13-17.51.23:997][ 76]LogModuleManager: Shutting down and abandoning module AssetTools (86)
[2016.12.13-17.51.24:013][ 76]LogModuleManager: Shutting down and abandoning module UMGEditor (85)
[2016.12.13-17.51.24:034][ 76]LogModuleManager: Shutting down and abandoning module UMG (84)
[2016.12.13-17.51.24:061][ 76]LogModuleManager: Shutting down and abandoning module SlateReflector (83)
[2016.12.13-17.51.24:097][ 76]LogModuleManager: Shutting down and abandoning module Slate (82)
[2016.12.13-17.51.24:097][ 76]LogModuleManager: Shutting down and abandoning module EditorStyle (81)
[2016.12.13-17.51.24:099][ 76]LogModuleManager: Shutting down and abandoning module SourceCodeAccess (80)
[2016.12.13-17.51.24:099][ 76]LogModuleManager: Shutting down and abandoning module HeadMountedDisplay (79)
[2016.12.13-17.51.24:099][ 76]LogModuleManager: Shutting down and abandoning module XAudio2 (78)
[2016.12.13-17.51.24:099][ 76]LogModuleManager: Shutting down and abandoning module Networking (76)
[2016.12.13-17.51.24:099][ 76]LogModuleManager: Shutting down and abandoning module Core (75)
[2016.12.13-17.51.24:099][ 76]LogModuleManager: Shutting down and abandoning module DirectoryWatcher (74)
[2016.12.13-17.51.24:099][ 76]LogDirectoryWatcher: A directory notification for '../../../Engine/Content/' was aborted.
[2016.12.13-17.51.24:099][ 76]LogDirectoryWatcher: A directory notification for '../../../../../../../Users/c.blondy/Documents/GitHub/Ruiz/Content/' was aborted.
[2016.12.13-17.51.24:099][ 76]LogDirectoryWatcher: A directory notification for '../../../Engine/Plugins/2D/Paper2D/Content/' was aborted.
[2016.12.13-17.51.24:100][ 76]LogModuleManager: Shutting down and abandoning module AssetRegistry (73)
[2016.12.13-17.51.24:261][ 76]LogModuleManager: Shutting down and abandoning module KismetCompiler (72)
[2016.12.13-17.51.24:261][ 76]LogModuleManager: Shutting down and abandoning module PhysXFormats (71)
[2016.12.13-17.51.24:261][ 76]LogModuleManager: Shutting down and abandoning module SimplygonSwarm (70)
[2016.12.13-17.51.24:271][ 76]LogModuleManager: Shutting down and abandoning module SimplygonMeshReduction (69)
[2016.12.13-17.51.24:278][ 76]LogModuleManager: Shutting down and abandoning module QuadricMeshReduction (68)
[2016.12.13-17.51.24:286][ 76]LogModuleManager: Shutting down and abandoning module PropertyEditor (67)
[2016.12.13-17.51.24:286][ 76]LogModuleManager: Shutting down and abandoning module MeshUtilities (66)
[2016.12.13-17.51.24:292][ 76]LogModuleManager: Shutting down and abandoning module DerivedDataCache (65)
[2016.12.13-17.51.24:325][ 76]LogDerivedDataCache: Shutdown
[2016.12.13-17.51.24:325][ 76]LogModuleManager: Shutting down and abandoning module VulkanShaderFormat (64)
[2016.12.13-17.51.24:335][ 76]LogModuleManager: Shutting down and abandoning module ShaderFormatOpenGL (63)
[2016.12.13-17.51.24:345][ 76]LogModuleManager: Shutting down and abandoning module ShaderFormatD3D (62)
[2016.12.13-17.51.24:355][ 76]LogModuleManager: Shutting down and abandoning module MetalShaderFormat (61)
[2016.12.13-17.51.24:360][ 76]LogModuleManager: Shutting down and abandoning module TextureFormatUncompressed (60)
[2016.12.13-17.51.24:360][ 76]LogModuleManager: Shutting down and abandoning module TextureFormatPVR (59)
[2016.12.13-17.51.24:366][ 76]LogModuleManager: Shutting down and abandoning module TextureFormatDXT (58)
[2016.12.13-17.51.24:366][ 76]LogModuleManager: Shutting down and abandoning module TextureFormatIntelISPCTexComp (57)
[2016.12.13-17.51.24:375][ 76]LogModuleManager: Shutting down and abandoning module ImageWrapper (56)
[2016.12.13-17.51.24:375][ 76]LogModuleManager: Shutting down and abandoning module TextureFormatASTC (55)
[2016.12.13-17.51.24:375][ 76]LogModuleManager: Shutting down and abandoning module TextureFormatAndroid (54)
[2016.12.13-17.51.24:375][ 76]LogModuleManager: Shutting down and abandoning module AudioFormatOpus (53)
[2016.12.13-17.51.24:377][ 76]LogModuleManager: Shutting down and abandoning module AudioFormatOgg (52)
[2016.12.13-17.51.24:380][ 76]LogModuleManager: Shutting down and abandoning module AudioFormatADPCM (51)
[2016.12.13-17.51.24:380][ 76]LogModuleManager: Shutting down and abandoning module LinuxTargetPlatform (50)
[2016.12.13-17.51.24:380][ 76]LogModuleManager: Shutting down and abandoning module LinuxServerTargetPlatform (49)
[2016.12.13-17.51.24:386][ 76]LogModuleManager: Shutting down and abandoning module LinuxNoEditorTargetPlatform (48)
[2016.12.13-17.51.24:396][ 76]LogModuleManager: Shutting down and abandoning module LinuxClientTargetPlatform (47)
[2016.12.13-17.51.24:413][ 76]LogModuleManager: Shutting down and abandoning module TVOSTargetPlatform (46)
[2016.12.13-17.51.24:413][ 76]LogModuleManager: Shutting down and abandoning module Messaging (45)
[2016.12.13-17.51.24:413][ 76]LogModuleManager: Shutting down and abandoning module IOSTargetPlatform (44)
[2016.12.13-17.51.24:413][ 76]LogModuleManager: Shutting down and abandoning module HTML5TargetPlatform (43)
[2016.12.13-17.51.24:413][ 76]LogModuleManager: Shutting down and abandoning module Android_PVRTCTargetPlatform (42)
[2016.12.13-17.51.24:413][ 76]LogModuleManager: Shutting down and abandoning module Android_MultiTargetPlatform (41)
[2016.12.13-17.51.24:413][ 76]LogModuleManager: Shutting down and abandoning module Android_ETC2TargetPlatform (40)
[2016.12.13-17.51.24:413][ 76]LogModuleManager: Shutting down and abandoning module Android_ETC1TargetPlatform (39)
[2016.12.13-17.51.24:413][ 76]LogModuleManager: Shutting down and abandoning module Android_DXTTargetPlatform (38)
[2016.12.13-17.51.24:413][ 76]LogModuleManager: Shutting down and abandoning module Android_ATCTargetPlatform (37)
[2016.12.13-17.51.24:413][ 76]LogModuleManager: Shutting down and abandoning module Android_ASTCTargetPlatform (36)
[2016.12.13-17.51.24:413][ 76]LogModuleManager: Shutting down and abandoning module AndroidTargetPlatform (35)
[2016.12.13-17.51.24:413][ 76]LogModuleManager: Shutting down and abandoning module WindowsTargetPlatform (34)
[2016.12.13-17.51.24:413][ 76]LogModuleManager: Shutting down and abandoning module WindowsServerTargetPlatform (33)
[2016.12.13-17.51.24:417][ 76]LogModuleManager: Shutting down and abandoning module WindowsNoEditorTargetPlatform (32)
[2016.12.13-17.51.24:421][ 76]LogModuleManager: Shutting down and abandoning module WindowsClientTargetPlatform (31)
[2016.12.13-17.51.24:424][ 76]LogModuleManager: Shutting down and abandoning module MacTargetPlatform (30)
[2016.12.13-17.51.24:424][ 76]LogModuleManager: Shutting down and abandoning module MacServerTargetPlatform (29)
[2016.12.13-17.51.24:424][ 76]LogModuleManager: Shutting down and abandoning module MacNoEditorTargetPlatform (28)
[2016.12.13-17.51.24:424][ 76]LogModuleManager: Shutting down and abandoning module MacClientTargetPlatform (27)
[2016.12.13-17.51.24:424][ 76]LogModuleManager: Shutting down and abandoning module AllDesktopTargetPlatform (26)
[2016.12.13-17.51.24:424][ 76]LogModuleManager: Shutting down and abandoning module TargetPlatform (25)
[2016.12.13-17.51.24:424][ 76]LogModuleManager: Shutting down and abandoning module InputCore (24)
[2016.12.13-17.51.24:424][ 76]LogModuleManager: Shutting down and abandoning module Settings (23)
[2016.12.13-17.51.24:424][ 76]LogModuleManager: Shutting down and abandoning module OculusRift (22)
[2016.12.13-17.51.24:431][ 76]LogModuleManager: Shutting down and abandoning module ExampleDeviceProfileSelector (21)
[2016.12.13-17.51.24:431][ 76]LogModuleManager: Shutting down and abandoning module OnlineBlueprintSupport (20)
[2016.12.13-17.51.24:431][ 76]LogModuleManager: Shutting down and abandoning module OnlineSubsystem (18)
[2016.12.13-17.51.24:431][ 76]LogOnline:Display: Unloading online subsystem: NULL
[2016.12.13-17.51.24:451][ 76]LogModuleManager: Shutting down and abandoning module SSL (17)
[2016.12.13-17.51.24:512][ 76]LogModuleManager: Shutting down and abandoning module HTTP (16)
[2016.12.13-17.51.24:513][ 76]LogModuleManager: Shutting down and abandoning module XMPP (15)
[2016.12.13-17.51.24:541][ 76]LogModuleManager: Shutting down and abandoning module TextureCompressor (14)
[2016.12.13-17.51.24:578][ 76]LogModuleManager: Shutting down and abandoning module ShaderCore (13)
[2016.12.13-17.51.24:578][ 76]LogModuleManager: Shutting down and abandoning module Landscape (12)
[2016.12.13-17.51.24:578][ 76]LogModuleManager: Shutting down and abandoning module SlateRHIRenderer (11)
[2016.12.13-17.51.24:616][ 76]LogModuleManager: Shutting down and abandoning module OpenGLDrv (10)
[2016.12.13-17.51.24:629][ 76]LogModuleManager: Shutting down and abandoning module D3D11RHI (9)
[2016.12.13-17.51.24:629][ 76]LogModuleManager: Shutting down and abandoning module AnimGraphRuntime (8)
[2016.12.13-17.51.24:647][ 76]LogModuleManager: Shutting down and abandoning module Renderer (7)
[2016.12.13-17.51.24:652][ 76]LogModuleManager: Shutting down and abandoning module Engine (6)
[2016.12.13-17.51.24:652][ 76]LogModuleManager: Shutting down and abandoning module CoreUObject (5)
[2016.12.13-17.51.24:652][ 76]LogModuleManager: Shutting down and abandoning module NetworkFile (4)
[2016.12.13-17.51.24:669][ 76]LogModuleManager: Shutting down and abandoning module StreamingFile (3)
[2016.12.13-17.51.24:679][ 76]LogModuleManager: Shutting down and abandoning module SandboxFile (2)
[2016.12.13-17.51.24:683][ 76]LogModuleManager: Shutting down and abandoning module PakFile (1)
[2016.12.13-17.51.24:777][ 76]LogExit: Exiting.
[2016.12.13-17.51.25:591][ 76]Log file closed, 12/13/16 18:51:25
