Log file open, 12/13/16 11:10:16
LogInit:Display: Running engine for game: MyProject5
LogPlatformFile: Not using cached read wrapper
LogInit:Display: RandInit(-2070887653) SRandInit(-2070887653).
LogTaskGraph: Started task graph with 5 named threads and 8 total threads with 1 sets of task threads.
LogStats: Stats thread started at 0.137786
LogPluginManager: Loaded Plugin Paper2D, From C:/UE4/UnrealEngine/Epic Games/4.14/Engine/Plugins/2D/Paper2D/Paper2D.uplugin
LogPluginManager: Loaded Plugin LightPropagationVolume, From C:/UE4/UnrealEngine/Epic Games/4.14/Engine/Plugins/Blendables/LightPropagationVolume/LightPropagationVolume.uplugin
LogPluginManager: Loaded Plugin BlankPlugin, From C:/UE4/UnrealEngine/Epic Games/4.14/Engine/Plugins/Developer/BlankPlugin/BlankPlugin.uplugin
LogPluginManager: Loaded Plugin CodeLiteSourceCodeAccess, From C:/UE4/UnrealEngine/Epic Games/4.14/Engine/Plugins/Developer/CodeLiteSourceCodeAccess/CodeLiteSourceCodeAccess.uplugin
LogPluginManager: Loaded Plugin GitSourceControl, From C:/UE4/UnrealEngine/Epic Games/4.14/Engine/Plugins/Developer/GitSourceControl/GitSourceControl.uplugin
LogPluginManager: Loaded Plugin KDevelopSourceCodeAccess, From C:/UE4/UnrealEngine/Epic Games/4.14/Engine/Plugins/Developer/KDevelopSourceCodeAccess/KDevelopSourceCodeAccess.uplugin
LogPluginManager: Loaded Plugin NullSourceCodeAccess, From C:/UE4/UnrealEngine/Epic Games/4.14/Engine/Plugins/Developer/NullSourceCodeAccess/NullSourceCodeAccess.uplugin
LogPluginManager: Loaded Plugin OneSkyLocalizationService, From C:/UE4/UnrealEngine/Epic Games/4.14/Engine/Plugins/Developer/OneSkyLocalizationService/OneSkyLocalizationService.uplugin
LogPluginManager: Loaded Plugin PerforceSourceControl, From C:/UE4/UnrealEngine/Epic Games/4.14/Engine/Plugins/Developer/PerforceSourceControl/PerforceSourceControl.uplugin
LogPluginManager: Loaded Plugin SubversionSourceControl, From C:/UE4/UnrealEngine/Epic Games/4.14/Engine/Plugins/Developer/SubversionSourceControl/SubversionSourceControl.uplugin
LogPluginManager: Loaded Plugin UObjectPlugin, From C:/UE4/UnrealEngine/Epic Games/4.14/Engine/Plugins/Developer/UObjectPlugin/UObjectPlugin.uplugin
LogPluginManager: Loaded Plugin VisualStudioSourceCodeAccess, From C:/UE4/UnrealEngine/Epic Games/4.14/Engine/Plugins/Developer/VisualStudioSourceCodeAccess/VisualStudioSourceCodeAccess.uplugin
LogPluginManager: Loaded Plugin XCodeSourceCodeAccess, From C:/UE4/UnrealEngine/Epic Games/4.14/Engine/Plugins/Developer/XCodeSourceCodeAccess/XCodeSourceCodeAccess.uplugin
LogPluginManager: Loaded Plugin AudioCapture, From C:/UE4/UnrealEngine/Epic Games/4.14/Engine/Plugins/Editor/AudioCapture/AudioCapture.uplugin
LogPluginManager: Loaded Plugin EpicSurvey, From C:/UE4/UnrealEngine/Epic Games/4.14/Engine/Plugins/Editor/EpicSurvey/EpicSurvey.uplugin
LogPluginManager: Loaded Plugin MacGraphicsSwitching, From C:/UE4/UnrealEngine/Epic Games/4.14/Engine/Plugins/Editor/MacGraphicsSwitching/MacGraphicsSwitching.uplugin
LogPluginManager: Loaded Plugin MobileLauncherProfileWizard, From C:/UE4/UnrealEngine/Epic Games/4.14/Engine/Plugins/Editor/MobileLauncherProfileWizard/MobileLauncherProfileWizard.uplugin
LogPluginManager: Loaded Plugin PluginBrowser, From C:/UE4/UnrealEngine/Epic Games/4.14/Engine/Plugins/Editor/PluginBrowser/PluginBrowser.uplugin
LogPluginManager: Loaded Plugin SpeedTreeImporter, From C:/UE4/UnrealEngine/Epic Games/4.14/Engine/Plugins/Editor/SpeedTreeImporter/SpeedTreeImporter.uplugin
LogPluginManager: Loaded Plugin SuperSearchEditor, From C:/UE4/UnrealEngine/Epic Games/4.14/Engine/Plugins/Editor/SuperSearchEditor/SuperSearchEditor.uplugin
LogPluginManager: Loaded Plugin AlembicImporter, From C:/UE4/UnrealEngine/Epic Games/4.14/Engine/Plugins/Experimental/AlembicImporter/AlembicImporter.uplugin
LogPluginManager: Loaded Plugin BlueprintStats, From C:/UE4/UnrealEngine/Epic Games/4.14/Engine/Plugins/Experimental/BlueprintStats/BlueprintStats.uplugin
LogPluginManager: Loaded Plugin CharacterAI, From C:/UE4/UnrealEngine/Epic Games/4.14/Engine/Plugins/Experimental/CharacterAI/CharacterAI.uplugin
LogPluginManager: Loaded Plugin CodeEditor, From C:/UE4/UnrealEngine/Epic Games/4.14/Engine/Plugins/Experimental/CodeEditor/CodeEditor.uplugin
LogPluginManager: Loaded Plugin CodeView, From C:/UE4/UnrealEngine/Epic Games/4.14/Engine/Plugins/Experimental/CodeView/CodeView.uplugin
LogPluginManager: Loaded Plugin HTML5Networking, From C:/UE4/UnrealEngine/Epic Games/4.14/Engine/Plugins/Experimental/HTML5Networking/HTML5Networking.uplugin
LogPluginManager: Loaded Plugin OSVR, From C:/UE4/UnrealEngine/Epic Games/4.14/Engine/Plugins/Experimental/OSVR/OSVR.uplugin
LogPluginManager: Loaded Plugin Phya, From C:/UE4/UnrealEngine/Epic Games/4.14/Engine/Plugins/Experimental/Phya/Phya.uplugin
LogPluginManager: Loaded Plugin SignificanceManager, From C:/UE4/UnrealEngine/Epic Games/4.14/Engine/Plugins/Experimental/SignificanceManager/SignificanceManager.uplugin
LogPluginManager: Loaded Plugin SimpleHMD, From C:/UE4/UnrealEngine/Epic Games/4.14/Engine/Plugins/Experimental/SimpleHMD/SimpleHMD.uplugin
LogPluginManager: Loaded Plugin StereoPanorama, From C:/UE4/UnrealEngine/Epic Games/4.14/Engine/Plugins/Experimental/StereoPanorama/StereoPanorama.uplugin
LogPluginManager: Loaded Plugin StructBox, From C:/UE4/UnrealEngine/Epic Games/4.14/Engine/Plugins/Experimental/StructBox/StructBox.uplugin
LogPluginManager: Loaded Plugin AndroidMedia, From C:/UE4/UnrealEngine/Epic Games/4.14/Engine/Plugins/Media/AndroidMedia/AndroidMedia.uplugin
LogPluginManager: Loaded Plugin AvfMedia, From C:/UE4/UnrealEngine/Epic Games/4.14/Engine/Plugins/Media/AvfMedia/AvfMedia.uplugin
LogPluginManager: Loaded Plugin MediaPlayerEditor, From C:/UE4/UnrealEngine/Epic Games/4.14/Engine/Plugins/Media/MediaPlayerEditor/MediaPlayerEditor.uplugin
LogPluginManager: Loaded Plugin WmfMedia, From C:/UE4/UnrealEngine/Epic Games/4.14/Engine/Plugins/Media/WmfMedia/WmfMedia.uplugin
LogPluginManager: Loaded Plugin MessagingDebugger, From C:/UE4/UnrealEngine/Epic Games/4.14/Engine/Plugins/Messaging/MessagingDebugger/MessagingDebugger.uplugin
LogPluginManager: Loaded Plugin TcpMessaging, From C:/UE4/UnrealEngine/Epic Games/4.14/Engine/Plugins/Messaging/TcpMessaging/TcpMessaging.uplugin
LogPluginManager: Loaded Plugin UdpMessaging, From C:/UE4/UnrealEngine/Epic Games/4.14/Engine/Plugins/Messaging/UdpMessaging/UdpMessaging.uplugin
LogPluginManager: Loaded Plugin LevelSequenceEditor, From C:/UE4/UnrealEngine/Epic Games/4.14/Engine/Plugins/MovieScene/LevelSequenceEditor/LevelSequenceEditor.uplugin
LogPluginManager: Loaded Plugin MatineeToLevelSequence, From C:/UE4/UnrealEngine/Epic Games/4.14/Engine/Plugins/MovieScene/MatineeToLevelSequence/MatineeToLevelSequence.uplugin
LogPluginManager: Loaded Plugin NetcodeUnitTest, From C:/UE4/UnrealEngine/Epic Games/4.14/Engine/Plugins/NetcodeUnitTest/NetcodeUnitTest/NetcodeUnitTest.uplugin
LogPluginManager: Loaded Plugin NUTUnrealEngine4, From C:/UE4/UnrealEngine/Epic Games/4.14/Engine/Plugins/NetcodeUnitTest/NUTUnrealEngine4/NUTUnrealEngine4.uplugin
LogPluginManager: Loaded Plugin OnlineSubsystemGameCircle, From C:/UE4/UnrealEngine/Epic Games/4.14/Engine/Plugins/Online/Android/OnlineSubsystemGameCircle/OnlineSubsystemGameCircle.uplugin
LogPluginManager: Loaded Plugin OnlineSubsystemGooglePlay, From C:/UE4/UnrealEngine/Epic Games/4.14/Engine/Plugins/Online/Android/OnlineSubsystemGooglePlay/OnlineSubsystemGooglePlay.uplugin
LogPluginManager: Loaded Plugin OnlineSubsystemIOS, From C:/UE4/UnrealEngine/Epic Games/4.14/Engine/Plugins/Online/IOS/OnlineSubsystemIOS/OnlineSubsystemIOS.uplugin
LogPluginManager: Loaded Plugin OnlineFramework, From C:/UE4/UnrealEngine/Epic Games/4.14/Engine/Plugins/Online/OnlineFramework/OnlineFramework.uplugin
LogPluginManager: Loaded Plugin OnlineSubsystem, From C:/UE4/UnrealEngine/Epic Games/4.14/Engine/Plugins/Online/OnlineSubsystem/OnlineSubsystem.uplugin
LogPluginManager: Loaded Plugin OnlineSubsystemAmazon, From C:/UE4/UnrealEngine/Epic Games/4.14/Engine/Plugins/Online/OnlineSubsystemAmazon/OnlineSubsystemAmazon.uplugin
LogPluginManager: Loaded Plugin OnlineSubsystemFacebook, From C:/UE4/UnrealEngine/Epic Games/4.14/Engine/Plugins/Online/OnlineSubsystemFacebook/OnlineSubsystemFacebook.uplugin
LogPluginManager: Loaded Plugin OnlineSubsystemNull, From C:/UE4/UnrealEngine/Epic Games/4.14/Engine/Plugins/Online/OnlineSubsystemNull/OnlineSubsystemNull.uplugin
LogPluginManager: Loaded Plugin OnlineSubsystemOculus, From C:/UE4/UnrealEngine/Epic Games/4.14/Engine/Plugins/Online/OnlineSubsystemOculus/OnlineSubsystemOculus.uplugin
LogPluginManager: Loaded Plugin OnlineSubsystemSteam, From C:/UE4/UnrealEngine/Epic Games/4.14/Engine/Plugins/Online/OnlineSubsystemSteam/OnlineSubsystemSteam.uplugin
LogPluginManager: Loaded Plugin OnlineSubsystemUtils, From C:/UE4/UnrealEngine/Epic Games/4.14/Engine/Plugins/Online/OnlineSubsystemUtils/OnlineSubsystemUtils.uplugin
LogPluginManager: Loaded Plugin IOSTapJoy, From C:/UE4/UnrealEngine/Epic Games/4.14/Engine/Plugins/Runtime/Advertising/IOSTapJoy/IOSTapJoy.uplugin
LogPluginManager: Loaded Plugin AnalyticsBlueprintLibrary, From C:/UE4/UnrealEngine/Epic Games/4.14/Engine/Plugins/Runtime/Analytics/AnalyticsBlueprintLibrary/AnalyticsBlueprintLibrary.uplugin
LogPluginManager: Loaded Plugin AnalyticsMulticast, From C:/UE4/UnrealEngine/Epic Games/4.14/Engine/Plugins/Runtime/Analytics/AnalyticsMulticast/AnalyticsMulticast.uplugin
LogPluginManager: Loaded Plugin Apsalar, From C:/UE4/UnrealEngine/Epic Games/4.14/Engine/Plugins/Runtime/Analytics/Apsalar/Apsalar.uplugin
LogPluginManager: Loaded Plugin FileLogging, From C:/UE4/UnrealEngine/Epic Games/4.14/Engine/Plugins/Runtime/Analytics/FileLogging/FileLogging.uplugin
LogPluginManager: Loaded Plugin Flurry, From C:/UE4/UnrealEngine/Epic Games/4.14/Engine/Plugins/Runtime/Analytics/Flurry/Flurry.uplugin
LogPluginManager: Loaded Plugin AndroidDeviceProfileSelector, From C:/UE4/UnrealEngine/Epic Games/4.14/Engine/Plugins/Runtime/AndroidDeviceProfileSelector/AndroidDeviceProfileSelector.uplugin
LogPluginManager: Loaded Plugin AndroidMoviePlayer, From C:/UE4/UnrealEngine/Epic Games/4.14/Engine/Plugins/Runtime/AndroidMoviePlayer/AndroidMoviePlayer.uplugin
LogPluginManager: Loaded Plugin AppleMoviePlayer, From C:/UE4/UnrealEngine/Epic Games/4.14/Engine/Plugins/Runtime/AppleMoviePlayer/AppleMoviePlayer.uplugin
LogPluginManager: Loaded Plugin ArchVisCharacter, From C:/UE4/UnrealEngine/Epic Games/4.14/Engine/Plugins/Runtime/ArchVisCharacter/ArchVisCharacter.uplugin
LogPluginManager: Loaded Plugin CableComponent, From C:/UE4/UnrealEngine/Epic Games/4.14/Engine/Plugins/Runtime/CableComponent/CableComponent.uplugin
LogPluginManager: Loaded Plugin CustomMeshComponent, From C:/UE4/UnrealEngine/Epic Games/4.14/Engine/Plugins/Runtime/CustomMeshComponent/CustomMeshComponent.uplugin
LogPluginManager: Loaded Plugin ExampleDeviceProfileSelector, From C:/UE4/UnrealEngine/Epic Games/4.14/Engine/Plugins/Runtime/ExampleDeviceProfileSelector/ExampleDeviceProfileSelector.uplugin
LogPluginManager: Loaded Plugin GearVR, From C:/UE4/UnrealEngine/Epic Games/4.14/Engine/Plugins/Runtime/GearVR/GearVR.uplugin
LogPluginManager: Loaded Plugin GoogleVRController, From C:/UE4/UnrealEngine/Epic Games/4.14/Engine/Plugins/Runtime/GoogleVR/GoogleVRController/GoogleVRController.uplugin
LogPluginManager: Loaded Plugin GoogleVRHMD, From C:/UE4/UnrealEngine/Epic Games/4.14/Engine/Plugins/Runtime/GoogleVR/GoogleVRHMD/GoogleVRHMD.uplugin
LogPluginManager: Loaded Plugin IOSDeviceProfileSelector, From C:/UE4/UnrealEngine/Epic Games/4.14/Engine/Plugins/Runtime/IOSDeviceProfileSelector/IOSDeviceProfileSelector.uplugin
LogPluginManager: Loaded Plugin LeapMotion, From C:/UE4/UnrealEngine/Epic Games/4.14/Engine/Plugins/Runtime/LeapMotion/LeapMotion.uplugin
LogPluginManager: Loaded Plugin LinuxDeviceProfileSelector, From C:/UE4/UnrealEngine/Epic Games/4.14/Engine/Plugins/Runtime/LinuxDeviceProfileSelector/LinuxDeviceProfileSelector.uplugin
LogPluginManager: Loaded Plugin MIDIDevice, From C:/UE4/UnrealEngine/Epic Games/4.14/Engine/Plugins/Runtime/MIDIDevice/MIDIDevice.uplugin
LogPluginManager: Loaded Plugin MobilePatchingUtils, From C:/UE4/UnrealEngine/Epic Games/4.14/Engine/Plugins/Runtime/MobilePatchingUtils/MobilePatchingUtils.uplugin
LogPluginManager: Loaded Plugin Ansel, From C:/UE4/UnrealEngine/Epic Games/4.14/Engine/Plugins/Runtime/Nvidia/Ansel/Ansel.uplugin
LogPluginManager: Loaded Plugin OculusAudio, From C:/UE4/UnrealEngine/Epic Games/4.14/Engine/Plugins/Runtime/OculusAudio/OculusAudio.uplugin
LogPluginManager: Loaded Plugin OculusInput, From C:/UE4/UnrealEngine/Epic Games/4.14/Engine/Plugins/Runtime/OculusInput/OculusInput.uplugin
LogPluginManager: Loaded Plugin OculusLibrary, From C:/UE4/UnrealEngine/Epic Games/4.14/Engine/Plugins/Runtime/OculusLibrary/OculusLibrary.uplugin
LogPluginManager: Loaded Plugin OculusRift, From C:/UE4/UnrealEngine/Epic Games/4.14/Engine/Plugins/Runtime/OculusRift/OculusRift.uplugin
LogPluginManager: Loaded Plugin Oodle, From C:/UE4/UnrealEngine/Epic Games/4.14/Engine/Plugins/Runtime/PacketHandlers/CompressionComponents/Oodle/Oodle.uplugin
LogPluginManager: Loaded Plugin ProceduralMeshComponent, From C:/UE4/UnrealEngine/Epic Games/4.14/Engine/Plugins/Runtime/ProceduralMeshComponent/ProceduralMeshComponent.uplugin
LogPluginManager: Loaded Plugin SoundMod, From C:/UE4/UnrealEngine/Epic Games/4.14/Engine/Plugins/Runtime/SoundMod/SoundMod.uplugin
LogPluginManager: Loaded Plugin SoundVisualizations, From C:/UE4/UnrealEngine/Epic Games/4.14/Engine/Plugins/Runtime/SoundVisualizations/SoundVisualizations.uplugin
LogPluginManager: Loaded Plugin SteamController, From C:/UE4/UnrealEngine/Epic Games/4.14/Engine/Plugins/Runtime/Steam/SteamController/SteamController.uplugin
LogPluginManager: Loaded Plugin SteamVR, From C:/UE4/UnrealEngine/Epic Games/4.14/Engine/Plugins/Runtime/Steam/SteamVR/SteamVR.uplugin
LogPluginManager: Loaded Plugin WebBrowserWidget, From C:/UE4/UnrealEngine/Epic Games/4.14/Engine/Plugins/Runtime/WebBrowserWidget/WebBrowserWidget.uplugin
LogPluginManager: Loaded Plugin WindowsDeviceProfileSelector, From C:/UE4/UnrealEngine/Epic Games/4.14/Engine/Plugins/Runtime/WindowsDeviceProfileSelector/WindowsDeviceProfileSelector.uplugin
LogPluginManager: Loaded Plugin WindowsMoviePlayer, From C:/UE4/UnrealEngine/Epic Games/4.14/Engine/Plugins/Runtime/WindowsMoviePlayer/WindowsMoviePlayer.uplugin
LogPluginManager: Loaded Plugin ScriptPlugin, From C:/UE4/UnrealEngine/Epic Games/4.14/Engine/Plugins/ScriptPlugin/ScriptPlugin.uplugin
LogPluginManager: Loaded Plugin SlateRemote, From C:/UE4/UnrealEngine/Epic Games/4.14/Engine/Plugins/Slate/SlateRemote/SlateRemote.uplugin
LogPluginManager: Loaded Plugin EditorTests, From C:/UE4/UnrealEngine/Epic Games/4.14/Engine/Plugins/Tests/EditorTests/EditorTests.uplugin
LogPluginManager: Loaded Plugin FbxAutomationTestBuilder, From C:/UE4/UnrealEngine/Epic Games/4.14/Engine/Plugins/Tests/FbxAutomationTestBuilder/FbxAutomationTestBuilder.uplugin
LogPluginManager: Loaded Plugin FunctionalTestingEditor, From C:/UE4/UnrealEngine/Epic Games/4.14/Engine/Plugins/Tests/FunctionalTestingEditor/FunctionalTestingEditor.uplugin
LogPluginManager: Loaded Plugin RuntimeTests, From C:/UE4/UnrealEngine/Epic Games/4.14/Engine/Plugins/Tests/RuntimeTests/RuntimeTests.uplugin
LogPluginManager: Loaded Plugin ScreenshotTools, From C:/UE4/UnrealEngine/Epic Games/4.14/Engine/Plugins/Tests/ScreenshotTools/ScreenshotTools.uplugin
LogInit: Using libcurl 7.47.1
LogInit:  - built for x86_64-pc-win32
LogInit:  - supports SSL with OpenSSL/1.0.2g
LogInit:  - supports HTTP deflate (compression) using libz 1.2.8
LogInit:  - other features:
LogInit:      CURL_VERSION_SSL
LogInit:      CURL_VERSION_LIBZ
LogInit:      CURL_VERSION_IPV6
LogInit:      CURL_VERSION_ASYNCHDNS
LogInit:      CURL_VERSION_LARGEFILE
LogInit:      CURL_VERSION_IDN
LogInit:  CurlRequestOptions (configurable via config and command line):
LogInit:  - bVerifyPeer = false  - Libcurl will NOT verify peer certificate
LogInit:  - bUseHttpProxy = false  - Libcurl will NOT use HTTP proxy
LogInit:  - bDontReuseConnections = false  - Libcurl will reuse connections
LogInit:  - CertBundlePath = nullptr  - Libcurl will use whatever was configured at build time.
LogInit: Build: ++UE4+Release-4.14-CL-3224400
LogInit: Engine Version: 4.14.1-3224400+++UE4+Release-4.14
LogInit: Compatible Engine Version: 4.14.0-3195953+++UE4+Release-4.14
LogInit: Net CL: 3195953
LogDevObjectVersion: Number of dev versions registered: 13
LogDevObjectVersion:   Dev-Blueprints (B0D832E4-1F89-4F0D-ACCF-7EB736FD4AA2): 7
LogDevObjectVersion:   Dev-Build (E1C64328-A22C-4D53-A36C-8E866417BD8C): 0
LogDevObjectVersion:   Dev-Core (375EC13C-06E4-48FB-B500-84F0262A717E): 1
LogDevObjectVersion:   Dev-Editor (E4B068ED-F494-42E9-A231-DA0B2E46BB41): 8
LogDevObjectVersion:   Dev-Framework (CFFC743F-43B0-4480-9391-14DF171D2073): 17
LogDevObjectVersion:   Dev-Mobile (B02B49B5-BB20-44E9-A304-32B752E40360): 0
LogDevObjectVersion:   Dev-Networking (A4E4105C-59A1-49B5-A7C5-40C4547EDFEE): 0
LogDevObjectVersion:   Dev-Online (39C831C9-5AE6-47DC-9A44-9C173E1C8E7C): 0
LogDevObjectVersion:   Dev-Physics (78F01B33-EBEA-4F98-B9B4-84EACCB95AA2): 0
LogDevObjectVersion:   Dev-Platform (6631380F-2D4D-43E0-8009-CF276956A95A): 0
LogDevObjectVersion:   Dev-Rendering (12F88B9F-8875-4AFC-A67C-D90C383ABD29): 12
LogDevObjectVersion:   Dev-Sequencer (7B5AE74C-D270-4C10-A958-57980B212A5A): 1
LogDevObjectVersion:   Dev-VR (D7296918-1DD6-4BDD-9DE2-64A83CC13884): 0
LogInit: Compiled (64-bit): Dec  7 2016 02:14:32
LogInit: Compiled with Visual C++: 19.00.23026.00
LogInit: Build Configuration: Development
LogInit: Branch Name: ++UE4+Release-4.14
LogInit: Command line:  
LogInit: Base directory: C:/UE4/UnrealEngine/Epic Games/4.14/Engine/Binaries/Win64/
LogInit: Installed Engine Build: 1
LogInit: Presizing for max 8388607 objects, including 0 objects not considered by GC, pre-allocating 0 bytes for permanent pool.
LogInit: Object subsystem initialized
[2016.12.13-10.10.17:682][  0]LogInit: Selected Device Profile: [Windows]
[2016.12.13-10.10.17:682][  0]LogInit: Applying CVar settings loaded from the selected device profile: [Windows]
[2016.12.13-10.10.17:764][  0]LogInit: Computer: K103-5010
[2016.12.13-10.10.17:764][  0]LogInit: User: cblondy
[2016.12.13-10.10.17:764][  0]LogInit: CPU Page size=65536, Cores=4
[2016.12.13-10.10.17:764][  0]LogInit: High frequency timer resolution =3.312788 MHz
[2016.12.13-10.10.17:764][  0]LogMemory: Memory total: Physical=12.0GB (12GB approx)
[2016.12.13-10.10.17:768][  0]LogMemory: Platform Memory Stats for Windows
[2016.12.13-10.10.17:768][  0]LogMemory: Process Physical Memory: 261.17 MB used, 261.17 MB peak
[2016.12.13-10.10.17:768][  0]LogMemory: Process Virtual Memory: 262.45 MB used, 262.45 MB peak
[2016.12.13-10.10.17:768][  0]LogMemory: Physical Memory: 7270.63 MB used,  4990.94 MB free, 12261.57 MB total
[2016.12.13-10.10.17:768][  0]LogMemory: Virtual Memory: 659.61 MB used,  4990.94 MB free, 134217728.00 MB total
[2016.12.13-10.10.18:571][  0]LogTextLocalizationManager: No translations for ('fr-FR') exist, falling back to 'en' for localization and internationalization data.
[2016.12.13-10.10.22:266][  0]LogD3D11RHI: D3D11 adapters:
[2016.12.13-10.10.22:338][  0]LogD3D11RHI:    0. 'NVIDIA GeForce GTX 670' (Feature Level 11_0)
[2016.12.13-10.10.22:338][  0]LogD3D11RHI:       1985/0/2048 MB DedicatedVideo/DedicatedSystem/SharedSystem, Outputs:1, VendorId:0x10de
[2016.12.13-10.10.22:339][  0]LogD3D11RHI:    1. 'Microsoft Basic Render Driver' (Feature Level 11_0)
[2016.12.13-10.10.22:339][  0]LogD3D11RHI:       0/0/256 MB DedicatedVideo/DedicatedSystem/SharedSystem, Outputs:0, VendorId:0x1414
[2016.12.13-10.10.22:339][  0]LogD3D11RHI: Chosen D3D11 Adapter: 0
[2016.12.13-10.10.22:367][  0]LogD3D11RHI: Creating new Direct3DDevice
[2016.12.13-10.10.22:367][  0]LogD3D11RHI:     GPU DeviceId: 0x1189 (for the marketing name, search the web for "GPU Device Id")
[2016.12.13-10.10.22:367][  0]LogWindows: EnumDisplayDevices:
[2016.12.13-10.10.22:367][  0]LogWindows:    0. 'NVIDIA GeForce GTX 670' (P:1 D:1)
[2016.12.13-10.10.22:368][  0]LogWindows:    1. 'NVIDIA GeForce GTX 670' (P:0 D:0)
[2016.12.13-10.10.22:368][  0]LogWindows:    2. 'NVIDIA GeForce GTX 670' (P:0 D:0)
[2016.12.13-10.10.22:368][  0]LogWindows:    3. 'NVIDIA GeForce GTX 670' (P:0 D:0)
[2016.12.13-10.10.22:368][  0]LogWindows: DebugString: FoundDriverCount:4 
[2016.12.13-10.10.22:368][  0]LogD3D11RHI:     Adapter Name: NVIDIA GeForce GTX 670
[2016.12.13-10.10.22:368][  0]LogD3D11RHI:   Driver Version: 368.69 (internal:10.18.13.6869, unified:368.69)
[2016.12.13-10.10.22:368][  0]LogD3D11RHI:      Driver Date: 6-29-2016
[2016.12.13-10.10.22:368][  0]LogRHI: Texture pool is 1361 MB (70% of 1945 MB)
[2016.12.13-10.10.22:379][  0]LogD3D11RHI: Async texture creation enabled
[2016.12.13-10.10.22:524][  0]LogD3D11RHI: GPU Timing Frequency: 1000.000000 (Debug: 2 3)
[2016.12.13-10.10.22:630][  0]LogShaderCompilers: Guid format shader working directory is -8 characters bigger than the processId version (../../../../../../../Users/c.blondy/Documents/GitHub/Ruiz/Intermediate/Shaders/WorkingDirectory/8032/).
[2016.12.13-10.10.22:630][  0]LogShaderCompilers: Cleaned the shader compiler working directory 'C:/Users/c.blondy/AppData/Local/Temp/UnrealShaderWorkingDir/D23DF9204B33848F703C60AF30E08B8A/'.
[2016.12.13-10.10.22:630][  0]LogShaderCompilers:Display: Using Local Shader Compiler.
[2016.12.13-10.10.28:522][  0]LogTemp:Display: Loaded TP AllDesktopTargetPlatform
[2016.12.13-10.10.28:590][  0]LogTemp:Display: Loaded TP MacClientTargetPlatform
[2016.12.13-10.10.28:672][  0]LogTemp:Display: Loaded TP MacNoEditorTargetPlatform
[2016.12.13-10.10.28:751][  0]LogTemp:Display: Loaded TP MacServerTargetPlatform
[2016.12.13-10.10.28:839][  0]LogTemp:Display: Loaded TP MacTargetPlatform
[2016.12.13-10.10.28:921][  0]LogTemp:Display: Loaded TP WindowsClientTargetPlatform
[2016.12.13-10.10.28:990][  0]LogTemp:Display: Loaded TP WindowsNoEditorTargetPlatform
[2016.12.13-10.10.29:060][  0]LogTemp:Display: Loaded TP WindowsServerTargetPlatform
[2016.12.13-10.10.29:124][  0]LogTemp:Display: Loaded TP WindowsTargetPlatform
[2016.12.13-10.10.29:230][  0]LogTemp:Display: Loaded TP AndroidTargetPlatform
[2016.12.13-10.10.29:300][  0]LogTemp:Display: Loaded TP Android_ASTCTargetPlatform
[2016.12.13-10.10.29:408][  0]LogTemp:Display: Loaded TP Android_ATCTargetPlatform
[2016.12.13-10.10.29:510][  0]LogTemp:Display: Loaded TP Android_DXTTargetPlatform
[2016.12.13-10.10.29:609][  0]LogTemp:Display: Loaded TP Android_ETC1TargetPlatform
[2016.12.13-10.10.29:709][  0]LogTemp:Display: Loaded TP Android_ETC2TargetPlatform
[2016.12.13-10.10.29:891][  0]LogTemp:Display: Loaded TP Android_MultiTargetPlatform
[2016.12.13-10.10.29:891][  0]LogTemp:Display: Loaded TP Android_PVRTCTargetPlatform
[2016.12.13-10.10.29:942][  0]LogTemp:Display: Loaded TP HTML5TargetPlatform
[2016.12.13-10.10.30:143][  0]LogTemp:Display: Loaded TP IOSTargetPlatform
[2016.12.13-10.10.30:194][  0]LogTemp:Display: Loaded TP TVOSTargetPlatform
[2016.12.13-10.10.30:265][  0]LogTemp:Display: Loaded TP LinuxClientTargetPlatform
[2016.12.13-10.10.30:331][  0]LogTemp:Display: Loaded TP LinuxNoEditorTargetPlatform
[2016.12.13-10.10.30:406][  0]LogTemp:Display: Loaded TP LinuxServerTargetPlatform
[2016.12.13-10.10.30:481][  0]LogTemp:Display: Loaded TP LinuxTargetPlatform
[2016.12.13-10.10.30:481][  0]LogTargetPlatformManager:Display: Building Assets For Windows
[2016.12.13-10.10.33:584][  0]LogDerivedDataCache:Display: Max Cache Size: 512 MB
[2016.12.13-10.10.34:804][  0]LogDerivedDataCache: Loaded boot cache 1.22s 50MB C:/Users/c.blondy/AppData/Local/UnrealEngine/4.14/DerivedDataCache/Boot.ddc.
[2016.12.13-10.10.34:805][  0]LogDerivedDataCache:Display: Loaded Boot cache: C:/Users/c.blondy/AppData/Local/UnrealEngine/4.14/DerivedDataCache/Boot.ddc
[2016.12.13-10.10.34:805][  0]LogDerivedDataCache: FDerivedDataBackendGraph:  Pak pak cache file ../../../../../../../Users/c.blondy/Documents/GitHub/Ruiz/DerivedDataCache/DDC.ddp not found, will not use a pak cache.
[2016.12.13-10.10.34:805][  0]LogDerivedDataCache: Unable to find inner node Pak for hierarchical cache Hierarchy.
[2016.12.13-10.10.34:805][  0]LogDerivedDataCache: FDerivedDataBackendGraph:  CompressedPak pak cache file ../../../../../../../Users/c.blondy/Documents/GitHub/Ruiz/DerivedDataCache/Compressed.ddp not found, will not use a pak cache.
[2016.12.13-10.10.34:805][  0]LogDerivedDataCache: Unable to find inner node CompressedPak for hierarchical cache Hierarchy.
[2016.12.13-10.10.34:957][  0]LogDerivedDataCache:Display: Pak cache opened for reading ../../../Engine/DerivedDataCache/Compressed.ddp.
[2016.12.13-10.10.34:969][  0]LogDerivedDataCache: Using Local data cache path C:/Users/c.blondy/AppData/Local/UnrealEngine/Common/DerivedDataCache: Writable
[2016.12.13-10.10.50:123][  0]LogInit: Selected Device Profile: [Windows]
[2016.12.13-10.10.50:203][  0]LogContentStreaming: Texture pool size is 0.00 MB
[2016.12.13-10.10.50:751][  0]LogMeshUtilities: Using QuadricMeshReduction for automatic static mesh reduction
[2016.12.13-10.10.50:912][  0]LogSimplygon: Simplygon DLL not present - disabling.
[2016.12.13-10.10.51:014][  0]LogMeshUtilities: Using SimplygonSwarm for distributed automatic mesh merging
[2016.12.13-10.10.51:014][  0]LogMeshUtilities: No automatic skeletal mesh reduction module available
[2016.12.13-10.10.51:014][  0]LogMeshUtilities: No automatic mesh merging module available
[2016.12.13-10.10.57:248][  0]LogNetVersion: GetLocalNetworkVersion: CL: 3195953, ProjectName: myproject5, ProjectVersion: , EngineNetworkVersion: 2, GameNetworkVersion: 0, NetworkChecksum: 2117210740
[2016.12.13-10.10.57:464][  0]LogAssetRegistry: FAssetRegistry took 0.0220 seconds to start up
[2016.12.13-10.10.57:592][  0]LogPackageLocalizationCache: Processed 3 localized package path(s) for 1 prioritized culture(s) in 0.054569 seconds
[2016.12.13-10.10.57:615][  0]LogUObjectArray: 31946 objects as part of root set at end of initial load.
[2016.12.13-10.10.57:615][  0]LogUObjectAllocator: 6935840 out of 0 bytes used by permanent object pool.
[2016.12.13-10.10.57:615][  0]LogUObjectArray: CloseDisregardForGC: 0/0 objects in disregard for GC pool
[2016.12.13-10.10.57:928][  0]LogInit: WinSock: version 1.1 (2.2), MaxSocks=32767, MaxUdp=65467
[2016.12.13-10.11.00:948][  0]LogSlate: Using Freetype 2.6.0
[2016.12.13-10.11.01:004][  0]LogSlate: SlateFontCache - WITH_FREETYPE: 1, WITH_HARFBUZZ: 1
[2016.12.13-10.11.01:004][  0]LogSlate: SlateFontCache - WITH_FREETYPE: 1, WITH_HARFBUZZ: 1
[2016.12.13-10.11.18:381][  0]LogTcpMessaging: Initializing TcpMessaging bridge
[2016.12.13-10.11.18:448][  0]LogUdpMessaging: Initializing bridge on interface 0.0.0.0:0 to multicast group 230.0.0.1:6666.
[2016.12.13-10.11.19:415][  0]LogMaterial: Uniform references updated for custom material expression Custom.
[2016.12.13-10.11.20:358][  0]SourceControl: Info Source control is disabled
[2016.12.13-10.11.20:360][  0]SourceControl: Info Source control is disabled
[2016.12.13-10.11.20:503][  0]SourceControl: Info Source control is disabled
[2016.12.13-10.11.20:586][  0]SourceControl: Info Source control is disabled
[2016.12.13-10.11.23:556][  0]LogEngine: Initializing Engine...
[2016.12.13-10.11.23:576][  0]LogHMD: Failed to initialize OpenVR with code 110
[2016.12.13-10.11.24:373][  0]LogAIModule: Creating AISystem for world Untitled
[2016.12.13-10.11.24:429][  0]LogInit: XAudio2 using 'Casque (Périphérique High Definition Audio)' : 2 channels at 44.1 kHz using 16 bits per sample (channel mask 0x3)
[2016.12.13-10.11.24:437][  0]LogInit: FAudioDevice initialized.
[2016.12.13-10.11.24:468][  0]LogDerivedDataCache: Saved boot cache 0.03s 50MB C:/Users/c.blondy/AppData/Local/UnrealEngine/4.14/DerivedDataCache/Boot.ddc.
[2016.12.13-10.11.24:486][  0]LogInit: Texture streaming: Enabled
[2016.12.13-10.11.25:429][  0]LogWindowsTextInputMethodSystem:Display: IME system now deactivated.
[2016.12.13-10.11.25:591][  0]LogInit: Transaction tracking system initialized
[2016.12.13-10.11.28:444][  0]BlueprintLog: New page: Editor Load
[2016.12.13-10.11.30:570][  0]LocalizationService: Info Localization service is disabled
[2016.12.13-10.11.32:277][  0]LogConsoleResponse:Display: 
[2016.12.13-10.11.35:410][  0]LogFileCache: Scanning file cache for directory 'C:/Users/c.blondy/Documents/GitHub/Ruiz/Content/' took 0.02s
[2016.12.13-10.11.35:410][  0]LogCook:Display: Max memory allowance for cook 16384mb min free memory 0mb
[2016.12.13-10.11.35:476][  0]LogCook:Display: Mobile HDR setting 1
[2016.12.13-10.11.39:356][  0]SourceControl: Info Source control is disabled
[2016.12.13-10.11.39:390][  0]Cmd: MAP LOAD FILE="../../../../../../../Users/c.blondy/Documents/GitHub/Ruiz/Content/FirstPersonBP/Maps/LD.umap" TEMPLATE=0 SHOWPROGRESS=1 FEATURELEVEL=3
[2016.12.13-10.11.39:390][  0]LogEditorServer:Warning: Can't find file '../../../../../../../Users/c.blondy/Documents/GitHub/Ruiz/Content/FirstPersonBP/Maps/LD.umap'
[2016.12.13-10.11.39:523][  0]Cmd: MAP CHECKDEP NOCLEARLOG
[2016.12.13-10.11.39:597][  0]MapCheck: Info Map check complete: 0 Error(s), 0 Warning(s), took 73.931ms to complete.
[2016.12.13-10.11.39:597][  0]LogFileHelpers: Loading map 'LD' took 0.207
[2016.12.13-10.11.40:491][  0]LogCollectionManager: Loaded 0 collections in 0.001543 seconds
[2016.12.13-10.11.40:730][  0]LogFileCache: Scanning file cache for directory 'C:/Users/c.blondy/Documents/GitHub/Ruiz/Saved/Collections/' took 0.01s
[2016.12.13-10.11.40:731][  0]LogFileCache: Scanning file cache for directory 'C:/Users/c.blondy/Documents/GitHub/Ruiz/Content/Developers/cblondy/Collections/' took 0.01s
[2016.12.13-10.11.40:731][  0]LogFileCache: Scanning file cache for directory 'C:/Users/c.blondy/Documents/GitHub/Ruiz/Content/Collections/' took 0.01s
[2016.12.13-10.11.40:731][  0]LogCollectionManager: Rebuilt the GUID cache for 0 collections in 0.000003 seconds
[2016.12.13-10.11.40:746][  0]LogContentBrowser: Native class hierarchy populated in 0.0141 seconds. Added 2191 classes and 430 folders.
[2016.12.13-10.11.40:890][  0]LogStats: UGameplayTagsManager::ConstructGameplayTagTree: Construct from data asset -  0.000 s
[2016.12.13-10.11.40:906][  0]LogStats: UGameplayTagsManager::ConstructGameplayTagTree: GameplayTagTreeChangedEvent.Broadcast -  0.016 s
[2016.12.13-10.11.40:908][  0]LogContentBrowser: Native class hierarchy updated for 'GameplayTags' in 0.0009 seconds. Added 13 classes and 0 folders.
[2016.12.13-10.11.41:039][  0]LogContentBrowser: Native class hierarchy updated for 'WidgetCarousel' in 0.0007 seconds. Added 0 classes and 0 folders.
[2016.12.13-10.11.42:061][  0]LogContentBrowser: Native class hierarchy updated for 'AddContentDialog' in 0.0010 seconds. Added 0 classes and 0 folders.
[2016.12.13-10.11.42:463][  0]LogCrashTracker: Crashtracker disabled due to settings.
[2016.12.13-10.11.42:542][  0]LogUObjectGlobals:Warning: Failed to find object 'Class None.'
[2016.12.13-10.11.42:679][  0]LogContentBrowser: Native class hierarchy updated for 'HierarchicalLODOutliner' in 0.0006 seconds. Added 1 classes and 2 folders.
[2016.12.13-10.11.42:679][  0]LogLoad: (Engine Initialization) Total time: 90.64 seconds
[2016.12.13-10.11.42:679][  0]LogLoad: (Engine Initialization) Total Blueprint compile time: 0.38 seconds
[2016.12.13-10.11.42:686][  0]LogExternalProfiler: Found external profiler: VSPerf
[2016.12.13-10.11.42:686][  0]LogExternalProfiler: Using external profiler: VSPerf
[2016.12.13-10.11.42:695][  0]LogOcInput: OculusInput pre-init called
[2016.12.13-10.11.42:776][  0]LogContentStreaming: Texture pool size now 1000 MB
[2016.12.13-10.11.43:358][  0]LogRenderer: Reallocating scene render targets to support 1056x896 NumSamples 1 (Frame:2).
[2016.12.13-10.11.43:932][  3]LogAssetRegistry: Asset discovery search completed in 46.4938 seconds
[2016.12.13-10.11.44:026][  3]LogCollectionManager: Rebuilt the object cache for 0 collections in 0.000001 seconds (found 0 objects)
[2016.12.13-10.11.44:026][  3]LogCollectionManager: Fixed up redirectors for 0 collections in 0.093872 seconds (updated 0 objects)
[2016.12.13-10.14.18:021][829]LogAIModule: Creating AISystem for world FirstPersonExampleMap
[2016.12.13-10.14.18:566][829]Cmd: MAP LOAD FILE="../../../../../../../Users/c.blondy/Documents/GitHub/Ruiz/Content/FirstPersonBP/Maps/FirstPersonExampleMap.umap" TEMPLATE=0 SHOWPROGRESS=1 FEATURELEVEL=3
[2016.12.13-10.14.18:574][829]LightingResults: New page: Lighting Build
[2016.12.13-10.14.18:629][829]LogContentBrowser: Native class hierarchy updated for 'StatsViewer' in 0.0007 seconds. Added 5 classes and 0 folders.
[2016.12.13-10.14.18:637][829]LoadErrors: New page: Loading map: FirstPersonExampleMap.umap
[2016.12.13-10.14.18:644][829]MapCheck: New page: Map Check
[2016.12.13-10.14.18:644][829]LightingResults: New page: Lighting Build
[2016.12.13-10.14.18:869][829]LogPhysics:Warning: AddConvexElemsToRigidActor: [/Engine/BasicShapes/Cube.Cube] ConvexElem[0] invalid
[2016.12.13-10.14.19:190][829]LogEditorServer: Finished looking for orphan Actors (0.000 secs)
[2016.12.13-10.14.19:235][829]Cmd: MAP CHECKDEP NOCLEARLOG
[2016.12.13-10.14.19:312][829]MapCheck: Info Map check complete: 0 Error(s), 0 Warning(s), took 77.513ms to complete.
[2016.12.13-10.14.19:313][829]LogFileHelpers: Loading map 'FirstPersonExampleMap' took 0.758
[2016.12.13-14.35.50:104][192]LogTemp: Repeting last play command: New Editor Window (PIE)
[2016.12.13-14.35.50:193][192]LogBlueprintUserMessages: Early PlayInEditor Detection: Level '/Game/FirstPersonBP/Maps/FirstPersonExampleMap.FirstPersonExampleMap:PersistentLevel' has LevelScriptBlueprint '/Game/FirstPersonBP/Maps/FirstPersonExampleMap.FirstPersonExampleMap:PersistentLevel.FirstPersonExampleMap' with GeneratedClass '/Game/FirstPersonBP/Maps/FirstPersonExampleMap.FirstPersonExampleMap_C' with ClassGeneratedBy '/Game/FirstPersonBP/Maps/FirstPersonExampleMap.FirstPersonExampleMap:PersistentLevel.FirstPersonExampleMap'
[2016.12.13-14.35.50:193][192]LogPlayLevel: PlayLevel: No blueprints needed recompiling
[2016.12.13-14.35.50:227][192]PIE: New page: PIE session: FirstPersonExampleMap (Dec 13, 2016, 4:35:50 PM)
[2016.12.13-14.35.50:228][192]LogPlayLevel: Creating play world package: /Game/FirstPersonBP/Maps/UEDPIE_0_FirstPersonExampleMap
[2016.12.13-14.35.50:287][192]LogPlayLevel: PIE: StaticDuplicateObject took: (0.059366s)
[2016.12.13-14.35.50:292][192]LogAIModule: Creating AISystem for world FirstPersonExampleMap
[2016.12.13-14.35.50:292][192]LogPlayLevel: PIE: World Init took: (0.004921s)
[2016.12.13-14.35.50:293][192]LogPlayLevel: PIE: Created PIE world by copying editor world from /Game/FirstPersonBP/Maps/FirstPersonExampleMap.FirstPersonExampleMap to /Game/FirstPersonBP/Maps/UEDPIE_0_FirstPersonExampleMap.FirstPersonExampleMap (0.065630s)
[2016.12.13-14.35.50:318][192]LogInit: XAudio2 using 'Casque (Périphérique High Definition Audio)' : 2 channels at 44.1 kHz using 16 bits per sample (channel mask 0x3)
[2016.12.13-14.35.50:323][192]LogInit: FAudioDevice initialized.
[2016.12.13-14.35.50:372][192]LogLoad: Game class is 'FirstPersonGameMode_C'
[2016.12.13-14.35.50:398][192]LogPhysics:Warning: AddConvexElemsToRigidActor: [/Engine/BasicShapes/Cube.Cube] ConvexElem[0] invalid
[2016.12.13-14.35.50:399][192]LogWorld: Bringing World /Game/FirstPersonBP/Maps/UEDPIE_0_FirstPersonExampleMap.FirstPersonExampleMap up for play (max tick rate 0) at 2016.12.13-15.35.50
[2016.12.13-14.35.50:536][192]LogWorld: Bringing up level for play took: 0.162634
[2016.12.13-14.35.50:554][192]LogSpawn:Warning: SpawnActor failed because no class was specified
[2016.12.13-14.35.50:630][192]LogContentBrowser: Native class hierarchy updated for 'MovieSceneCapture' in 0.0006 seconds. Added 11 classes and 0 folders.
[2016.12.13-14.35.50:631][192]LogGameMode:Display: Match State Changed from EnteringMap to WaitingToStart
[2016.12.13-14.35.50:631][192]LogGameState: Match State Changed from EnteringMap to WaitingToStart
[2016.12.13-14.35.50:631][192]LogGameMode:Display: Match State Changed from WaitingToStart to InProgress
[2016.12.13-14.35.50:632][192]LogGameState: Match State Changed from WaitingToStart to InProgress
[2016.12.13-14.35.50:636][192]PIE: Info Play in editor start time for /Game/FirstPersonBP/Maps/UEDPIE_0_FirstPersonExampleMap -0.403
[2016.12.13-14.35.50:636][192]LogBlueprintUserMessages: Late PlayInEditor Detection: Level '/Game/FirstPersonBP/Maps/FirstPersonExampleMap.FirstPersonExampleMap:PersistentLevel' has LevelScriptBlueprint '/Game/FirstPersonBP/Maps/FirstPersonExampleMap.FirstPersonExampleMap:PersistentLevel.FirstPersonExampleMap' with GeneratedClass '/Game/FirstPersonBP/Maps/FirstPersonExampleMap.FirstPersonExampleMap_C' with ClassGeneratedBy '/Game/FirstPersonBP/Maps/FirstPersonExampleMap.FirstPersonExampleMap:PersistentLevel.FirstPersonExampleMap'
[2016.12.13-14.35.50:680][192]LogRenderer: Reallocating scene render targets to support 1452x936 NumSamples 1 (Frame:158685).
[2016.12.13-14.36.04:689][664]LogBlueprintUserMessages: Early EndPlayMap Detection: Level '/Game/FirstPersonBP/Maps/FirstPersonExampleMap.FirstPersonExampleMap:PersistentLevel' has LevelScriptBlueprint '/Game/FirstPersonBP/Maps/FirstPersonExampleMap.FirstPersonExampleMap:PersistentLevel.FirstPersonExampleMap' with GeneratedClass '/Game/FirstPersonBP/Maps/FirstPersonExampleMap.FirstPersonExampleMap_C' with ClassGeneratedBy '/Game/FirstPersonBP/Maps/FirstPersonExampleMap.FirstPersonExampleMap:PersistentLevel.FirstPersonExampleMap'
[2016.12.13-14.36.04:759][664]LogPhysics:Warning: AddConvexElemsToRigidActor: [/Engine/BasicShapes/Cube.Cube] ConvexElem[0] invalid
[2016.12.13-14.36.04:786][664]LogBlueprintUserMessages: Late EndPlayMap Detection: Level '/Game/FirstPersonBP/Maps/FirstPersonExampleMap.FirstPersonExampleMap:PersistentLevel' has LevelScriptBlueprint '/Game/FirstPersonBP/Maps/FirstPersonExampleMap.FirstPersonExampleMap:PersistentLevel.FirstPersonExampleMap' with GeneratedClass '/Game/FirstPersonBP/Maps/FirstPersonExampleMap.FirstPersonExampleMap_C' with ClassGeneratedBy '/Game/FirstPersonBP/Maps/FirstPersonExampleMap.FirstPersonExampleMap:PersistentLevel.FirstPersonExampleMap'
[2016.12.13-14.36.05:808][708]LogTemp: Repeting last play command: New Editor Window (PIE)
[2016.12.13-14.36.05:827][708]LogBlueprintUserMessages: Early PlayInEditor Detection: Level '/Game/FirstPersonBP/Maps/FirstPersonExampleMap.FirstPersonExampleMap:PersistentLevel' has LevelScriptBlueprint '/Game/FirstPersonBP/Maps/FirstPersonExampleMap.FirstPersonExampleMap:PersistentLevel.FirstPersonExampleMap' with GeneratedClass '/Game/FirstPersonBP/Maps/FirstPersonExampleMap.FirstPersonExampleMap_C' with ClassGeneratedBy '/Game/FirstPersonBP/Maps/FirstPersonExampleMap.FirstPersonExampleMap:PersistentLevel.FirstPersonExampleMap'
[2016.12.13-14.36.05:828][708]LogPlayLevel: PlayLevel: No blueprints needed recompiling
[2016.12.13-14.36.05:828][708]PIE: New page: PIE session: FirstPersonExampleMap (Dec 13, 2016, 4:36:05 PM)
[2016.12.13-14.36.05:828][708]LogPlayLevel: Creating play world package: /Game/FirstPersonBP/Maps/UEDPIE_0_FirstPersonExampleMap
[2016.12.13-14.36.05:878][708]LogPlayLevel: PIE: StaticDuplicateObject took: (0.050288s)
[2016.12.13-14.36.05:879][708]LogAIModule: Creating AISystem for world FirstPersonExampleMap
[2016.12.13-14.36.05:879][708]LogPlayLevel: PIE: World Init took: (0.001157s)
[2016.12.13-14.36.05:880][708]LogPlayLevel: PIE: Created PIE world by copying editor world from /Game/FirstPersonBP/Maps/FirstPersonExampleMap.FirstPersonExampleMap to /Game/FirstPersonBP/Maps/UEDPIE_0_FirstPersonExampleMap.FirstPersonExampleMap (0.051796s)
[2016.12.13-14.36.05:901][708]LogInit: XAudio2 using 'Casque (Périphérique High Definition Audio)' : 2 channels at 44.1 kHz using 16 bits per sample (channel mask 0x3)
[2016.12.13-14.36.05:906][708]LogInit: FAudioDevice initialized.
[2016.12.13-14.36.05:944][708]LogLoad: Game class is 'FirstPersonGameMode_C'
[2016.12.13-14.36.05:965][708]LogPhysics:Warning: AddConvexElemsToRigidActor: [/Engine/BasicShapes/Cube.Cube] ConvexElem[0] invalid
[2016.12.13-14.36.05:966][708]LogWorld: Bringing World /Game/FirstPersonBP/Maps/UEDPIE_0_FirstPersonExampleMap.FirstPersonExampleMap up for play (max tick rate 0) at 2016.12.13-15.36.05
[2016.12.13-14.36.06:044][708]LogWorld: Bringing up level for play took: 0.099456
[2016.12.13-14.36.06:045][708]LogSpawn:Warning: SpawnActor failed because no class was specified
[2016.12.13-14.36.06:045][708]LogGameMode:Display: Match State Changed from EnteringMap to WaitingToStart
[2016.12.13-14.36.06:045][708]LogGameState: Match State Changed from EnteringMap to WaitingToStart
[2016.12.13-14.36.06:045][708]LogGameMode:Display: Match State Changed from WaitingToStart to InProgress
[2016.12.13-14.36.06:045][708]LogGameState: Match State Changed from WaitingToStart to InProgress
[2016.12.13-14.36.06:049][708]PIE: Info Play in editor start time for /Game/FirstPersonBP/Maps/UEDPIE_0_FirstPersonExampleMap 1.012
[2016.12.13-14.36.06:049][708]LogBlueprintUserMessages: Late PlayInEditor Detection: Level '/Game/FirstPersonBP/Maps/FirstPersonExampleMap.FirstPersonExampleMap:PersistentLevel' has LevelScriptBlueprint '/Game/FirstPersonBP/Maps/FirstPersonExampleMap.FirstPersonExampleMap:PersistentLevel.FirstPersonExampleMap' with GeneratedClass '/Game/FirstPersonBP/Maps/FirstPersonExampleMap.FirstPersonExampleMap_C' with ClassGeneratedBy '/Game/FirstPersonBP/Maps/FirstPersonExampleMap.FirstPersonExampleMap:PersistentLevel.FirstPersonExampleMap'
[2016.12.13-14.36.07:046][734]LogRenderer: Reallocating scene render targets to support 1680x988 NumSamples 1 (Frame:159221).
[2016.12.13-14.36.46:911][232]LogBlueprintUserMessages: Early EndPlayMap Detection: Level '/Game/FirstPersonBP/Maps/FirstPersonExampleMap.FirstPersonExampleMap:PersistentLevel' has LevelScriptBlueprint '/Game/FirstPersonBP/Maps/FirstPersonExampleMap.FirstPersonExampleMap:PersistentLevel.FirstPersonExampleMap' with GeneratedClass '/Game/FirstPersonBP/Maps/FirstPersonExampleMap.FirstPersonExampleMap_C' with ClassGeneratedBy '/Game/FirstPersonBP/Maps/FirstPersonExampleMap.FirstPersonExampleMap:PersistentLevel.FirstPersonExampleMap'
[2016.12.13-14.36.46:948][232]LogPhysics:Warning: AddConvexElemsToRigidActor: [/Engine/BasicShapes/Cube.Cube] ConvexElem[0] invalid
[2016.12.13-14.36.46:981][232]LogBlueprintUserMessages: Late EndPlayMap Detection: Level '/Game/FirstPersonBP/Maps/FirstPersonExampleMap.FirstPersonExampleMap:PersistentLevel' has LevelScriptBlueprint '/Game/FirstPersonBP/Maps/FirstPersonExampleMap.FirstPersonExampleMap:PersistentLevel.FirstPersonExampleMap' with GeneratedClass '/Game/FirstPersonBP/Maps/FirstPersonExampleMap.FirstPersonExampleMap_C' with ClassGeneratedBy '/Game/FirstPersonBP/Maps/FirstPersonExampleMap.FirstPersonExampleMap:PersistentLevel.FirstPersonExampleMap'
[2016.12.13-14.36.49:631][339]LogWindowsTextInputMethodSystem:Display: IME system now deactivated.
[2016.12.13-14.36.49:631][339]LogWindowsTextInputMethodSystem:Display: IME system now deactivated.
[2016.12.13-14.37.04:299][153]LogSavePackage: Save=543.94ms
[2016.12.13-14.37.04:299][153]LogSavePackage: Moving '../../../../../../../Users/c.blondy/Documents/GitHub/Ruiz/Saved/FirstPersonExampleMap957A1DA14251F2BD14ED60BBCCE59399.tmp' to '../../../../../../../Users/c.blondy/Documents/GitHub/Ruiz/Content/FirstPersonBP/Maps/FirstPersonExampleMap.umap'
[2016.12.13-14.37.04:305][153]LogSavePackage:Display: Finished SavePackage ../../../../../../../Users/c.blondy/Documents/GitHub/Ruiz/Content/FirstPersonBP/Maps/FirstPersonExampleMap.umap
[2016.12.13-14.39.09:015][684]LogWindowsTextInputMethodSystem:Display: IME system now deactivated.
[2016.12.13-14.39.09:015][684]LogWindowsTextInputMethodSystem:Display: IME system now deactivated.
[2016.12.13-15.36.08:016][111]LogWindowsTextInputMethodSystem:Display: IME system now deactivated.
[2016.12.13-15.36.09:266][112]Cmd: QUIT_EDITOR
[2016.12.13-15.36.10:993][112]LogExit: Preparing to exit.
[2016.12.13-15.36.11:851][112]LogDirectoryWatcher: A directory notification for 'C:/Users/c.blondy/Documents/GitHub/Ruiz/Content/' was aborted.
[2016.12.13-15.36.12:105][112]LogExit: Editor shut down
[2016.12.13-15.36.12:105][112]LogExit: Transaction tracking system shut down
[2016.12.13-15.36.13:638][112]LogObj: Freed 0b from 0 cluster array pools.
[2016.12.13-15.36.13:646][112]LogExit: Object subsystem successfully closed.
[2016.12.13-15.36.13:934][112]LogD3D11RHI: Shutdown
[2016.12.13-15.36.13:950][112]LogD3D11RHI: CleanupD3DDevice
[2016.12.13-15.36.14:208][112]LogD3D11RHI: ~FD3D11DynamicRHI
[2016.12.13-15.36.14:734][112]LogHttp:Display: Http module shutting down, but needs to wait on 1 outstanding Http requests:
[2016.12.13-15.36.14:734][112]LogHttp:Display: 	verb=[POST] url=[https://datarouter.ol.epicgames.com/datarouter/api/v1/public/data?SessionID=%7B463E8559-484C-0D16-0FC6-3582CF9D6408%7D&AppID=UEEditor.Rocket.Release&AppVersion=4.14.1-3224400%2B%2B%2BUE4%2BRelease-4.14&UserID=09828cb64f0f498f5aef9f9e1781a474%7C08d8f69df2854539b227171ac072b661%7Cf1acecb5-a286-4689-9dd6-aeb44955405c&AppEnvironment=datacollector-binary&UploadType=eteventstream] status=Processing
[2016.12.13-15.36.14:815][112]LogModuleManager: Shutting down and abandoning module MovieSceneCapture (242)
[2016.12.13-15.36.14:822][112]LogModuleManager: Shutting down and abandoning module StatsViewer (241)
[2016.12.13-15.36.14:851][112]LogModuleManager: Shutting down and abandoning module HierarchicalLODOutliner (240)
[2016.12.13-15.36.14:857][112]LogModuleManager: Shutting down and abandoning module CrashTracker (239)
[2016.12.13-15.36.14:860][112]LogModuleManager: Shutting down and abandoning module WidgetCarousel (238)
[2016.12.13-15.36.14:860][112]LogModuleManager: Shutting down and abandoning module AddContentDialog (237)
[2016.12.13-15.36.14:894][112]LogDirectoryWatcher: A directory notification for 'C:/UE4/UnrealEngine/Epic Games/4.14/FeaturePacks/' was aborted.
[2016.12.13-15.36.14:904][112]LogModuleManager: Shutting down and abandoning module GameplayTags (236)
[2016.12.13-15.36.14:910][112]LogModuleManager: Shutting down and abandoning module EditorWidgets (235)
[2016.12.13-15.36.14:910][112]LogModuleManager: Shutting down and abandoning module CollectionManager (234)
[2016.12.13-15.36.14:924][112]LogDirectoryWatcher: A directory notification for 'C:/Users/c.blondy/Documents/GitHub/Ruiz/Content/Collections/' was aborted.
[2016.12.13-15.36.14:924][112]LogDirectoryWatcher: A directory notification for 'C:/Users/c.blondy/Documents/GitHub/Ruiz/Content/Developers/cblondy/Collections/' was aborted.
[2016.12.13-15.36.14:924][112]LogDirectoryWatcher: A directory notification for 'C:/Users/c.blondy/Documents/GitHub/Ruiz/Saved/Collections/' was aborted.
[2016.12.13-15.36.14:924][112]LogModuleManager: Shutting down and abandoning module SceneOutliner (233)
[2016.12.13-15.36.14:931][112]LogModuleManager: Shutting down and abandoning module FoliageEdit (232)
[2016.12.13-15.36.14:942][112]LogModuleManager: Shutting down and abandoning module LandscapeEditor (231)
[2016.12.13-15.36.14:955][112]LogModuleManager: Shutting down and abandoning module SceneDepthPickerMode (230)
[2016.12.13-15.36.14:955][112]LogModuleManager: Shutting down and abandoning module ActorPickerMode (229)
[2016.12.13-15.36.14:955][112]LogModuleManager: Shutting down and abandoning module GeometryMode (228)
[2016.12.13-15.36.14:955][112]LogModuleManager: Shutting down and abandoning module TextureAlignMode (227)
[2016.12.13-15.36.14:955][112]LogModuleManager: Shutting down and abandoning module BspMode (226)
[2016.12.13-15.36.14:966][112]LogModuleManager: Shutting down and abandoning module HardwareSurvey (225)
[2016.12.13-15.36.14:972][112]LogModuleManager: Shutting down and abandoning module SequenceRecorderSections (224)
[2016.12.13-15.36.14:975][112]LogModuleManager: Shutting down and abandoning module AutomationWorker (223)
[2016.12.13-15.36.14:980][112]LogModuleManager: Shutting down and abandoning module MatineeToLevelSequence (222)
[2016.12.13-15.36.14:990][112]LogModuleManager: Shutting down and abandoning module PlacementMode (221)
[2016.12.13-15.36.15:000][112]LogModuleManager: Shutting down and abandoning module LevelSequenceEditor (220)
[2016.12.13-15.36.15:018][112]LogModuleManager: Shutting down and abandoning module WmfMediaFactory (219)
[2016.12.13-15.36.15:018][112]LogModuleManager: Shutting down and abandoning module WmfMediaEditor (218)
[2016.12.13-15.36.15:018][112]LogModuleManager: Shutting down and abandoning module AvfMediaFactory (217)
[2016.12.13-15.36.15:018][112]LogModuleManager: Shutting down and abandoning module AvfMediaEditor (216)
[2016.12.13-15.36.15:018][112]LogModuleManager: Shutting down and abandoning module Media (215)
[2016.12.13-15.36.15:018][112]LogModuleManager: Shutting down and abandoning module AndroidMediaFactory (214)
[2016.12.13-15.36.15:018][112]LogModuleManager: Shutting down and abandoning module AndroidMediaEditor (213)
[2016.12.13-15.36.15:018][112]LogModuleManager: Shutting down and abandoning module CharacterAI (212)
[2016.12.13-15.36.15:018][112]LogModuleManager: Shutting down and abandoning module SequenceRecorder (211)
[2016.12.13-15.36.15:040][112]LogModuleManager: Shutting down and abandoning module AudioCapture (210)
[2016.12.13-15.36.15:040][112]LogModuleManager: Shutting down and abandoning module SmartSnapping (209)
[2016.12.13-15.36.15:040][112]LogModuleManager: Shutting down and abandoning module SessionServices (208)
[2016.12.13-15.36.15:040][112]LogModuleManager: Shutting down and abandoning module ViewportSnapping (207)
[2016.12.13-15.36.15:040][112]LogModuleManager: Shutting down and abandoning module ViewportInteraction (206)
[2016.12.13-15.36.15:040][112]LogModuleManager: Shutting down and abandoning module LogVisualizer (205)
[2016.12.13-15.36.15:076][112]LogModuleManager: Shutting down and abandoning module GameProjectGeneration (204)
[2016.12.13-15.36.15:088][112]LogModuleManager: Shutting down and abandoning module IntroTutorials (203)
[2016.12.13-15.36.15:102][112]LogModuleManager: Shutting down and abandoning module EditorLiveStreaming (202)
[2016.12.13-15.36.15:102][112]LogModuleManager: Shutting down and abandoning module IOSPlatformEditor (201)
[2016.12.13-15.36.15:112][112]LogModuleManager: Shutting down and abandoning module HTML5PlatformEditor (200)
[2016.12.13-15.36.15:112][112]LogModuleManager: Shutting down and abandoning module AndroidDeviceDetection (199)
[2016.12.13-15.36.15:578][112]LogModuleManager: Shutting down and abandoning module AndroidPlatformEditor (198)
[2016.12.13-15.36.15:597][112]LogModuleManager: Shutting down and abandoning module IOSRuntimeSettings (197)
[2016.12.13-15.36.15:597][112]LogModuleManager: Shutting down and abandoning module AndroidRuntimeSettings (196)
[2016.12.13-15.36.15:597][112]LogModuleManager: Shutting down and abandoning module InputBindingEditor (195)
[2016.12.13-15.36.15:604][112]LogModuleManager: Shutting down and abandoning module NiagaraEditor (194)
[2016.12.13-15.36.15:625][112]LogModuleManager: Shutting down and abandoning module MergeActors (193)
[2016.12.13-15.36.15:633][112]LogModuleManager: Shutting down and abandoning module SizeMap (192)
[2016.12.13-15.36.15:639][112]LogModuleManager: Shutting down and abandoning module TreeMap (191)
[2016.12.13-15.36.15:645][112]LogModuleManager: Shutting down and abandoning module ReferenceViewer (190)
[2016.12.13-15.36.15:645][112]LogModuleManager: Shutting down and abandoning module LocalizationService (189)
[2016.12.13-15.36.15:654][112]LogModuleManager: Shutting down and abandoning module LocalizationDashboard (188)
[2016.12.13-15.36.15:666][112]LogModuleManager: Shutting down and abandoning module HardwareTargeting (187)
[2016.12.13-15.36.15:677][112]LogModuleManager: Shutting down and abandoning module DeviceProfileEditor (186)
[2016.12.13-15.36.15:681][112]LogModuleManager: Shutting down and abandoning module UndoHistory (185)
[2016.12.13-15.36.15:684][112]LogModuleManager: Shutting down and abandoning module UserFeedback (184)
[2016.12.13-15.36.15:684][112]LogModuleManager: Shutting down and abandoning module XmlParser (183)
[2016.12.13-15.36.15:691][112]LogModuleManager: Shutting down and abandoning module Blutility (182)
[2016.12.13-15.36.15:702][112]LogModuleManager: Shutting down and abandoning module ProjectTargetPlatformEditor (181)
[2016.12.13-15.36.15:702][112]LogModuleManager: Shutting down and abandoning module ProjectSettingsViewer (180)
[2016.12.13-15.36.15:702][112]LogModuleManager: Shutting down and abandoning module EditorSettingsViewer (179)
[2016.12.13-15.36.15:702][112]LogModuleManager: Shutting down and abandoning module SettingsEditor (178)
[2016.12.13-15.36.15:715][112]LogModuleManager: Shutting down and abandoning module ProjectLauncher (177)
[2016.12.13-15.36.15:729][112]LogModuleManager: Shutting down and abandoning module SessionFrontend (176)
[2016.12.13-15.36.15:755][112]LogModuleManager: Shutting down and abandoning module ProfilerClient (175)
[2016.12.13-15.36.15:761][112]LogModuleManager: Shutting down and abandoning module TargetDeviceServices (174)
[2016.12.13-15.36.15:761][112]LogModuleManager: Shutting down and abandoning module DeviceManager (173)
[2016.12.13-15.36.15:817][112]LogModuleManager: Shutting down and abandoning module AutomationController (172)
[2016.12.13-15.36.15:822][112]LogModuleManager: Shutting down and abandoning module AutomationWindow (171)
[2016.12.13-15.36.15:839][112]LogModuleManager: Shutting down and abandoning module Layers (170)
[2016.12.13-15.36.15:850][112]LogModuleManager: Shutting down and abandoning module ComponentVisualizers (169)
[2016.12.13-15.36.15:850][112]LogModuleManager: Shutting down and abandoning module DetailCustomizations (168)
[2016.12.13-15.36.15:860][112]LogModuleManager: Shutting down and abandoning module PackagesDialog (167)
[2016.12.13-15.36.15:861][112]LogModuleManager: Shutting down and abandoning module AnimGraph (166)
[2016.12.13-15.36.15:867][112]LogModuleManager: Shutting down and abandoning module Persona (165)
[2016.12.13-15.36.15:876][112]LogModuleManager: Shutting down and abandoning module Kismet (164)
[2016.12.13-15.36.15:887][112]LogModuleManager: Shutting down and abandoning module GraphEditor (163)
[2016.12.13-15.36.15:932][112]LogModuleManager: Shutting down and abandoning module ClassViewer (162)
[2016.12.13-15.36.15:947][112]LogModuleManager: Shutting down and abandoning module Toolbox (161)
[2016.12.13-15.36.15:953][112]LogModuleManager: Shutting down and abandoning module ModuleUI (160)
[2016.12.13-15.36.15:961][112]LogModuleManager: Shutting down and abandoning module MovieSceneTools (159)
[2016.12.13-15.36.15:977][112]LogModuleManager: Shutting down and abandoning module OutputLog (158)
[2016.12.13-15.36.15:996][112]LogModuleManager: Shutting down and abandoning module GammaUI (157)
[2016.12.13-15.36.16:004][112]LogModuleManager: Shutting down and abandoning module Documentation (156)
[2016.12.13-15.36.16:004][112]LogModuleManager: Shutting down and abandoning module Niagara (155)
[2016.12.13-15.36.16:004][112]LogModuleManager: Shutting down and abandoning module StreamingPauseRendering (154)
[2016.12.13-15.36.16:004][112]LogModuleManager: Shutting down and abandoning module AnalyticsET (153)
[2016.12.13-15.36.16:004][112]LogModuleManager: Shutting down and abandoning module PortalServices (152)
[2016.12.13-15.36.16:004][112]LogModuleManager: Shutting down and abandoning module PortalRpc (151)
[2016.12.13-15.36.16:004][112]LogModuleManager: Shutting down and abandoning module MessagingRpc (150)
[2016.12.13-15.36.16:004][112]LogModuleManager: Shutting down and abandoning module GameplayDebugger (149)
[2016.12.13-15.36.16:010][112]LogModuleManager: Shutting down and abandoning module AITestSuite (148)
[2016.12.13-15.36.16:020][112]LogModuleManager: Shutting down and abandoning module AIModule (147)
[2016.12.13-15.36.16:020][112]LogModuleManager: Shutting down and abandoning module ProfilerService (146)
[2016.12.13-15.36.16:237][112]LogModuleManager: Shutting down and abandoning module TaskGraph (145)
[2016.12.13-15.36.16:249][112]LogModuleManager: Shutting down and abandoning module SlateRemote (144)
[2016.12.13-15.36.16:249][112]LogModuleManager: Shutting down and abandoning module SteamVRController (143)
[2016.12.13-15.36.16:249][112]LogModuleManager: Shutting down and abandoning module SteamVR (142)
[2016.12.13-15.36.16:249][112]LogModuleManager: Shutting down and abandoning module ProceduralMeshComponentEditor (141)
[2016.12.13-15.36.16:257][112]LogModuleManager: Shutting down and abandoning module ProceduralMeshComponent (140)
[2016.12.13-15.36.16:267][112]LogModuleManager: Shutting down and abandoning module OculusLibrary (139)
[2016.12.13-15.36.16:267][112]LogModuleManager: Shutting down and abandoning module OculusInput (138)
[2016.12.13-15.36.16:267][112]LogModuleManager: Shutting down and abandoning module MobilePatchingUtils (137)
[2016.12.13-15.36.16:267][112]LogModuleManager: Shutting down and abandoning module CustomMeshComponent (136)
[2016.12.13-15.36.16:267][112]LogModuleManager: Shutting down and abandoning module CableComponent (135)
[2016.12.13-15.36.16:276][112]LogModuleManager: Shutting down and abandoning module ArchVisCharacter (134)
[2016.12.13-15.36.16:276][112]LogModuleManager: Shutting down and abandoning module MediaPlayerEditor (132)
[2016.12.13-15.36.16:295][112]LogModuleManager: Shutting down and abandoning module HTML5Networking (131)
[2016.12.13-15.36.16:295][112]LogModuleManager: Shutting down and abandoning module GeometryCacheEd (130)
[2016.12.13-15.36.16:295][112]LogModuleManager: Shutting down and abandoning module GeometryCache (129)
[2016.12.13-15.36.16:295][112]LogModuleManager: Shutting down and abandoning module AlembicLibrary (128)
[2016.12.13-15.36.16:298][112]LogModuleManager: Shutting down and abandoning module AlembicImporter (127)
[2016.12.13-15.36.16:304][112]LogModuleManager: Shutting down and abandoning module SuperSearch (126)
[2016.12.13-15.36.16:304][112]LogModuleManager: Shutting down and abandoning module SuperSearchEditor (125)
[2016.12.13-15.36.16:304][112]LogModuleManager: Shutting down and abandoning module SpeedTreeImporter (124)
[2016.12.13-15.36.16:304][112]LogModuleManager: Shutting down and abandoning module PluginBrowser (123)
[2016.12.13-15.36.16:309][112]LogModuleManager: Shutting down and abandoning module MobileLauncherProfileWizard (122)
[2016.12.13-15.36.16:317][112]LogModuleManager: Shutting down and abandoning module EpicSurvey (121)
[2016.12.13-15.36.16:325][112]LogModuleManager: Shutting down and abandoning module DesktopPlatform (120)
[2016.12.13-15.36.16:325][112]LogModuleManager: Shutting down and abandoning module VisualStudioSourceCodeAccess (119)
[2016.12.13-15.36.16:328][112]LogModuleManager: Shutting down and abandoning module UObjectPlugin (118)
[2016.12.13-15.36.16:328][112]LogModuleManager: Shutting down and abandoning module SubversionSourceControl (117)
[2016.12.13-15.36.16:338][112]LogModuleManager: Shutting down and abandoning module PerforceSourceControl (116)
[2016.12.13-15.36.16:353][112]LogModuleManager: Shutting down and abandoning module SourceControl (115)
[2016.12.13-15.36.16:364][112]LogModuleManager: Shutting down and abandoning module GitSourceControl (114)
[2016.12.13-15.36.16:375][112]LogModuleManager: Shutting down and abandoning module LightPropagationVolumeEditor (113)
[2016.12.13-15.36.16:375][112]LogModuleManager: Shutting down and abandoning module PaperTiledImporter (112)
[2016.12.13-15.36.16:386][112]LogModuleManager: Shutting down and abandoning module PaperSpriteSheetImporter (111)
[2016.12.13-15.36.16:386][112]LogModuleManager: Shutting down and abandoning module MeshPaint (110)
[2016.12.13-15.36.16:386][112]LogModuleManager: Shutting down and abandoning module PixelInspectorModule (109)
[2016.12.13-15.36.16:393][112]LogModuleManager: Shutting down and abandoning module HotReload (108)
[2016.12.13-15.36.16:394][112]LogModuleManager: Shutting down and abandoning module MainFrame (107)
[2016.12.13-15.36.16:394][112]LogModuleManager: Shutting down and abandoning module LevelEditor (106)
[2016.12.13-15.36.16:430][112]LogModuleManager: Shutting down and abandoning module ContentBrowser (105)
[2016.12.13-15.36.16:430][112]LogModuleManager: Shutting down and abandoning module Paper2DEditor (104)
[2016.12.13-15.36.16:440][112]LogModuleManager: Shutting down and abandoning module UdpMessaging (103)
[2016.12.13-15.36.16:541][112]LogModuleManager: Shutting down and abandoning module TcpMessaging (102)
[2016.12.13-15.36.16:649][112]LogModuleManager: Shutting down and abandoning module LightPropagationVolumeRuntime (101)
[2016.12.13-15.36.16:649][112]LogModuleManager: Shutting down and abandoning module Paper2D (100)
[2016.12.13-15.36.16:651][112]LogModuleManager: Shutting down and abandoning module WindowsMoviePlayer (99)
[2016.12.13-15.36.16:653][112]LogModuleManager: Shutting down and abandoning module WmfMedia (98)
[2016.12.13-15.36.16:678][112]LogModuleManager: Shutting down and abandoning module MediaAssets (97)
[2016.12.13-15.36.16:678][112]LogModuleManager: Shutting down and abandoning module GameLiveStreaming (96)
[2016.12.13-15.36.16:684][112]LogModuleManager: Shutting down and abandoning module GameplayTagsEditor (95)
[2016.12.13-15.36.16:684][112]LogModuleManager: Shutting down and abandoning module VREditor (94)
[2016.12.13-15.36.16:684][112]LogModuleManager: Shutting down and abandoning module GameplayTasksEditor (93)
[2016.12.13-15.36.16:684][112]LogModuleManager: Shutting down and abandoning module BehaviorTreeEditor (92)
[2016.12.13-15.36.16:702][112]LogModuleManager: Shutting down and abandoning module FunctionalTesting (91)
[2016.12.13-15.36.16:705][112]LogModuleManager: Shutting down and abandoning module CollisionAnalyzer (90)
[2016.12.13-15.36.16:722][112]LogModuleManager: Shutting down and abandoning module Sequencer (89)
[2016.12.13-15.36.16:738][112]LogModuleManager: Shutting down and abandoning module WorkspaceMenuStructure (88)
[2016.12.13-15.36.16:738][112]LogModuleManager: Shutting down and abandoning module MessageLog (87)
[2016.12.13-15.36.16:743][112]LogModuleManager: Shutting down and abandoning module AssetTools (86)
[2016.12.13-15.36.16:761][112]LogModuleManager: Shutting down and abandoning module UMGEditor (85)
[2016.12.13-15.36.16:783][112]LogModuleManager: Shutting down and abandoning module UMG (84)
[2016.12.13-15.36.16:801][112]LogModuleManager: Shutting down and abandoning module SlateReflector (83)
[2016.12.13-15.36.16:821][112]LogModuleManager: Shutting down and abandoning module Slate (82)
[2016.12.13-15.36.16:821][112]LogModuleManager: Shutting down and abandoning module EditorStyle (81)
[2016.12.13-15.36.16:823][112]LogModuleManager: Shutting down and abandoning module SourceCodeAccess (80)
[2016.12.13-15.36.16:823][112]LogModuleManager: Shutting down and abandoning module HeadMountedDisplay (79)
[2016.12.13-15.36.16:823][112]LogModuleManager: Shutting down and abandoning module XAudio2 (78)
[2016.12.13-15.36.16:823][112]LogModuleManager: Shutting down and abandoning module Networking (76)
[2016.12.13-15.36.16:823][112]LogModuleManager: Shutting down and abandoning module Core (75)
[2016.12.13-15.36.16:823][112]LogModuleManager: Shutting down and abandoning module DirectoryWatcher (74)
[2016.12.13-15.36.16:823][112]LogDirectoryWatcher: A directory notification for '../../../Engine/Content/' was aborted.
[2016.12.13-15.36.16:824][112]LogDirectoryWatcher: A directory notification for '../../../../../../../Users/c.blondy/Documents/GitHub/Ruiz/Content/' was aborted.
[2016.12.13-15.36.16:824][112]LogDirectoryWatcher: A directory notification for '../../../Engine/Plugins/2D/Paper2D/Content/' was aborted.
[2016.12.13-15.36.16:824][112]LogModuleManager: Shutting down and abandoning module AssetRegistry (73)
[2016.12.13-15.36.16:968][112]LogModuleManager: Shutting down and abandoning module KismetCompiler (72)
[2016.12.13-15.36.16:968][112]LogModuleManager: Shutting down and abandoning module PhysXFormats (71)
[2016.12.13-15.36.16:968][112]LogModuleManager: Shutting down and abandoning module SimplygonSwarm (70)
[2016.12.13-15.36.16:987][112]LogModuleManager: Shutting down and abandoning module SimplygonMeshReduction (69)
[2016.12.13-15.36.16:994][112]LogModuleManager: Shutting down and abandoning module QuadricMeshReduction (68)
[2016.12.13-15.36.17:000][112]LogModuleManager: Shutting down and abandoning module PropertyEditor (67)
[2016.12.13-15.36.17:001][112]LogModuleManager: Shutting down and abandoning module MeshUtilities (66)
[2016.12.13-15.36.17:008][112]LogModuleManager: Shutting down and abandoning module DerivedDataCache (65)
[2016.12.13-15.36.17:057][112]LogDerivedDataCache: Shutdown
[2016.12.13-15.36.17:057][112]LogModuleManager: Shutting down and abandoning module VulkanShaderFormat (64)
[2016.12.13-15.36.17:067][112]LogModuleManager: Shutting down and abandoning module ShaderFormatOpenGL (63)
[2016.12.13-15.36.17:077][112]LogModuleManager: Shutting down and abandoning module ShaderFormatD3D (62)
[2016.12.13-15.36.17:087][112]LogModuleManager: Shutting down and abandoning module MetalShaderFormat (61)
[2016.12.13-15.36.17:092][112]LogModuleManager: Shutting down and abandoning module TextureFormatUncompressed (60)
[2016.12.13-15.36.17:092][112]LogModuleManager: Shutting down and abandoning module TextureFormatPVR (59)
[2016.12.13-15.36.17:098][112]LogModuleManager: Shutting down and abandoning module TextureFormatDXT (58)
[2016.12.13-15.36.17:098][112]LogModuleManager: Shutting down and abandoning module TextureFormatIntelISPCTexComp (57)
[2016.12.13-15.36.17:106][112]LogModuleManager: Shutting down and abandoning module ImageWrapper (56)
[2016.12.13-15.36.17:106][112]LogModuleManager: Shutting down and abandoning module TextureFormatASTC (55)
[2016.12.13-15.36.17:106][112]LogModuleManager: Shutting down and abandoning module TextureFormatAndroid (54)
[2016.12.13-15.36.17:106][112]LogModuleManager: Shutting down and abandoning module AudioFormatOpus (53)
[2016.12.13-15.36.17:109][112]LogModuleManager: Shutting down and abandoning module AudioFormatOgg (52)
[2016.12.13-15.36.17:112][112]LogModuleManager: Shutting down and abandoning module AudioFormatADPCM (51)
[2016.12.13-15.36.17:112][112]LogModuleManager: Shutting down and abandoning module LinuxTargetPlatform (50)
[2016.12.13-15.36.17:112][112]LogModuleManager: Shutting down and abandoning module LinuxServerTargetPlatform (49)
[2016.12.13-15.36.17:117][112]LogModuleManager: Shutting down and abandoning module LinuxNoEditorTargetPlatform (48)
[2016.12.13-15.36.17:118][112]LogModuleManager: Shutting down and abandoning module LinuxClientTargetPlatform (47)
[2016.12.13-15.36.17:128][112]LogModuleManager: Shutting down and abandoning module TVOSTargetPlatform (46)
[2016.12.13-15.36.17:128][112]LogModuleManager: Shutting down and abandoning module Messaging (45)
[2016.12.13-15.36.17:128][112]LogModuleManager: Shutting down and abandoning module IOSTargetPlatform (44)
[2016.12.13-15.36.17:128][112]LogModuleManager: Shutting down and abandoning module HTML5TargetPlatform (43)
[2016.12.13-15.36.17:128][112]LogModuleManager: Shutting down and abandoning module Android_PVRTCTargetPlatform (42)
[2016.12.13-15.36.17:128][112]LogModuleManager: Shutting down and abandoning module Android_MultiTargetPlatform (41)
[2016.12.13-15.36.17:128][112]LogModuleManager: Shutting down and abandoning module Android_ETC2TargetPlatform (40)
[2016.12.13-15.36.17:128][112]LogModuleManager: Shutting down and abandoning module Android_ETC1TargetPlatform (39)
[2016.12.13-15.36.17:128][112]LogModuleManager: Shutting down and abandoning module Android_DXTTargetPlatform (38)
[2016.12.13-15.36.17:128][112]LogModuleManager: Shutting down and abandoning module Android_ATCTargetPlatform (37)
[2016.12.13-15.36.17:128][112]LogModuleManager: Shutting down and abandoning module Android_ASTCTargetPlatform (36)
[2016.12.13-15.36.17:128][112]LogModuleManager: Shutting down and abandoning module AndroidTargetPlatform (35)
[2016.12.13-15.36.17:128][112]LogModuleManager: Shutting down and abandoning module WindowsTargetPlatform (34)
[2016.12.13-15.36.17:128][112]LogModuleManager: Shutting down and abandoning module WindowsServerTargetPlatform (33)
[2016.12.13-15.36.17:132][112]LogModuleManager: Shutting down and abandoning module WindowsNoEditorTargetPlatform (32)
[2016.12.13-15.36.17:136][112]LogModuleManager: Shutting down and abandoning module WindowsClientTargetPlatform (31)
[2016.12.13-15.36.17:139][112]LogModuleManager: Shutting down and abandoning module MacTargetPlatform (30)
[2016.12.13-15.36.17:139][112]LogModuleManager: Shutting down and abandoning module MacServerTargetPlatform (29)
[2016.12.13-15.36.17:139][112]LogModuleManager: Shutting down and abandoning module MacNoEditorTargetPlatform (28)
[2016.12.13-15.36.17:139][112]LogModuleManager: Shutting down and abandoning module MacClientTargetPlatform (27)
[2016.12.13-15.36.17:139][112]LogModuleManager: Shutting down and abandoning module AllDesktopTargetPlatform (26)
[2016.12.13-15.36.17:139][112]LogModuleManager: Shutting down and abandoning module TargetPlatform (25)
[2016.12.13-15.36.17:139][112]LogModuleManager: Shutting down and abandoning module InputCore (24)
[2016.12.13-15.36.17:139][112]LogModuleManager: Shutting down and abandoning module Settings (23)
[2016.12.13-15.36.17:139][112]LogModuleManager: Shutting down and abandoning module OculusRift (22)
[2016.12.13-15.36.17:145][112]LogModuleManager: Shutting down and abandoning module ExampleDeviceProfileSelector (21)
[2016.12.13-15.36.17:146][112]LogModuleManager: Shutting down and abandoning module OnlineBlueprintSupport (20)
[2016.12.13-15.36.17:146][112]LogModuleManager: Shutting down and abandoning module OnlineSubsystem (18)
[2016.12.13-15.36.17:146][112]LogOnline:Display: Unloading online subsystem: NULL
[2016.12.13-15.36.17:160][112]LogModuleManager: Shutting down and abandoning module SSL (17)
[2016.12.13-15.36.17:164][112]LogModuleManager: Shutting down and abandoning module HTTP (16)
[2016.12.13-15.36.17:164][112]LogModuleManager: Shutting down and abandoning module XMPP (15)
[2016.12.13-15.36.17:171][112]LogModuleManager: Shutting down and abandoning module TextureCompressor (14)
[2016.12.13-15.36.17:177][112]LogModuleManager: Shutting down and abandoning module ShaderCore (13)
[2016.12.13-15.36.17:177][112]LogModuleManager: Shutting down and abandoning module Landscape (12)
[2016.12.13-15.36.17:177][112]LogModuleManager: Shutting down and abandoning module SlateRHIRenderer (11)
[2016.12.13-15.36.17:188][112]LogModuleManager: Shutting down and abandoning module OpenGLDrv (10)
[2016.12.13-15.36.17:197][112]LogModuleManager: Shutting down and abandoning module D3D11RHI (9)
[2016.12.13-15.36.17:197][112]LogModuleManager: Shutting down and abandoning module AnimGraphRuntime (8)
[2016.12.13-15.36.17:206][112]LogModuleManager: Shutting down and abandoning module Renderer (7)
[2016.12.13-15.36.17:208][112]LogModuleManager: Shutting down and abandoning module Engine (6)
[2016.12.13-15.36.17:208][112]LogModuleManager: Shutting down and abandoning module CoreUObject (5)
[2016.12.13-15.36.17:208][112]LogModuleManager: Shutting down and abandoning module NetworkFile (4)
[2016.12.13-15.36.17:217][112]LogModuleManager: Shutting down and abandoning module StreamingFile (3)
[2016.12.13-15.36.17:219][112]LogModuleManager: Shutting down and abandoning module SandboxFile (2)
[2016.12.13-15.36.17:219][112]LogModuleManager: Shutting down and abandoning module PakFile (1)
[2016.12.13-15.36.17:274][112]LogExit: Exiting.
[2016.12.13-15.36.17:361][112]Log file closed, 12/13/16 16:36:17
