Log file open, 12/09/16 10:22:00
LogInit:Display: Running engine for game: MyProject5
LogPlatformFile: Not using cached read wrapper
LogInit:Display: RandInit(-1329671372) SRandInit(-1329671372).
LogTaskGraph: Started task graph with 5 named threads and 8 total threads with 1 sets of task threads.
LogStats: Stats thread started at 0.072503
LogPluginManager: Loaded Plugin Paper2D, From C:/UE4/UnrealEngine/Epic Games/4.13/Engine/Plugins/2D/Paper2D/Paper2D.uplugin
LogPluginManager: Loaded Plugin LightPropagationVolume, From C:/UE4/UnrealEngine/Epic Games/4.13/Engine/Plugins/Blendables/LightPropagationVolume/LightPropagationVolume.uplugin
LogPluginManager: Loaded Plugin BlankPlugin, From C:/UE4/UnrealEngine/Epic Games/4.13/Engine/Plugins/Developer/BlankPlugin/BlankPlugin.uplugin
LogPluginManager: Loaded Plugin CodeLiteSourceCodeAccess, From C:/UE4/UnrealEngine/Epic Games/4.13/Engine/Plugins/Developer/CodeLiteSourceCodeAccess/CodeLiteSourceCodeAccess.uplugin
LogPluginManager: Loaded Plugin GitSourceControl, From C:/UE4/UnrealEngine/Epic Games/4.13/Engine/Plugins/Developer/GitSourceControl/GitSourceControl.uplugin
LogPluginManager: Loaded Plugin KDevelopSourceCodeAccess, From C:/UE4/UnrealEngine/Epic Games/4.13/Engine/Plugins/Developer/KDevelopSourceCodeAccess/KDevelopSourceCodeAccess.uplugin
LogPluginManager: Loaded Plugin NullSourceCodeAccess, From C:/UE4/UnrealEngine/Epic Games/4.13/Engine/Plugins/Developer/NullSourceCodeAccess/NullSourceCodeAccess.uplugin
LogPluginManager: Loaded Plugin OneSkyLocalizationService, From C:/UE4/UnrealEngine/Epic Games/4.13/Engine/Plugins/Developer/OneSkyLocalizationService/OneSkyLocalizationService.uplugin
LogPluginManager: Loaded Plugin PerforceSourceControl, From C:/UE4/UnrealEngine/Epic Games/4.13/Engine/Plugins/Developer/PerforceSourceControl/PerforceSourceControl.uplugin
LogPluginManager: Loaded Plugin SubversionSourceControl, From C:/UE4/UnrealEngine/Epic Games/4.13/Engine/Plugins/Developer/SubversionSourceControl/SubversionSourceControl.uplugin
LogPluginManager: Loaded Plugin UObjectPlugin, From C:/UE4/UnrealEngine/Epic Games/4.13/Engine/Plugins/Developer/UObjectPlugin/UObjectPlugin.uplugin
LogPluginManager: Loaded Plugin VisualStudioSourceCodeAccess, From C:/UE4/UnrealEngine/Epic Games/4.13/Engine/Plugins/Developer/VisualStudioSourceCodeAccess/VisualStudioSourceCodeAccess.uplugin
LogPluginManager: Loaded Plugin XCodeSourceCodeAccess, From C:/UE4/UnrealEngine/Epic Games/4.13/Engine/Plugins/Developer/XCodeSourceCodeAccess/XCodeSourceCodeAccess.uplugin
LogPluginManager: Loaded Plugin EpicSurvey, From C:/UE4/UnrealEngine/Epic Games/4.13/Engine/Plugins/Editor/EpicSurvey/EpicSurvey.uplugin
LogPluginManager: Loaded Plugin MacGraphicsSwitching, From C:/UE4/UnrealEngine/Epic Games/4.13/Engine/Plugins/Editor/MacGraphicsSwitching/MacGraphicsSwitching.uplugin
LogPluginManager: Loaded Plugin MobileLauncherProfileWizard, From C:/UE4/UnrealEngine/Epic Games/4.13/Engine/Plugins/Editor/MobileLauncherProfileWizard/MobileLauncherProfileWizard.uplugin
LogPluginManager: Loaded Plugin PluginBrowser, From C:/UE4/UnrealEngine/Epic Games/4.13/Engine/Plugins/Editor/PluginBrowser/PluginBrowser.uplugin
LogPluginManager: Loaded Plugin SpeedTreeImporter, From C:/UE4/UnrealEngine/Epic Games/4.13/Engine/Plugins/Editor/SpeedTreeImporter/SpeedTreeImporter.uplugin
LogPluginManager: Loaded Plugin SuperSearchEditor, From C:/UE4/UnrealEngine/Epic Games/4.13/Engine/Plugins/Editor/SuperSearchEditor/SuperSearchEditor.uplugin
LogPluginManager: Loaded Plugin AlembicImporter, From C:/UE4/UnrealEngine/Epic Games/4.13/Engine/Plugins/Experimental/AlembicImporter/AlembicImporter.uplugin
LogPluginManager: Loaded Plugin BlueprintStats, From C:/UE4/UnrealEngine/Epic Games/4.13/Engine/Plugins/Experimental/BlueprintStats/BlueprintStats.uplugin
LogPluginManager: Loaded Plugin CharacterAI, From C:/UE4/UnrealEngine/Epic Games/4.13/Engine/Plugins/Experimental/CharacterAI/CharacterAI.uplugin
LogPluginManager: Loaded Plugin CodeEditor, From C:/UE4/UnrealEngine/Epic Games/4.13/Engine/Plugins/Experimental/CodeEditor/CodeEditor.uplugin
LogPluginManager: Loaded Plugin CodeView, From C:/UE4/UnrealEngine/Epic Games/4.13/Engine/Plugins/Experimental/CodeView/CodeView.uplugin
LogPluginManager: Loaded Plugin HTML5Networking, From C:/UE4/UnrealEngine/Epic Games/4.13/Engine/Plugins/Experimental/HTML5Networking/HTML5Networking.uplugin
LogPluginManager: Loaded Plugin LiveEditor, From C:/UE4/UnrealEngine/Epic Games/4.13/Engine/Plugins/Experimental/LiveEditor/LiveEditor.uplugin
LogPluginManager: Loaded Plugin OSVR, From C:/UE4/UnrealEngine/Epic Games/4.13/Engine/Plugins/Experimental/OSVR/OSVR.uplugin
LogPluginManager: Loaded Plugin Phya, From C:/UE4/UnrealEngine/Epic Games/4.13/Engine/Plugins/Experimental/Phya/Phya.uplugin
LogPluginManager: Loaded Plugin SignificanceManager, From C:/UE4/UnrealEngine/Epic Games/4.13/Engine/Plugins/Experimental/SignificanceManager/SignificanceManager.uplugin
LogPluginManager: Loaded Plugin SimpleHMD, From C:/UE4/UnrealEngine/Epic Games/4.13/Engine/Plugins/Experimental/SimpleHMD/SimpleHMD.uplugin
LogPluginManager: Loaded Plugin StereoPanorama, From C:/UE4/UnrealEngine/Epic Games/4.13/Engine/Plugins/Experimental/StereoPanorama/StereoPanorama.uplugin
LogPluginManager: Loaded Plugin StructBox, From C:/UE4/UnrealEngine/Epic Games/4.13/Engine/Plugins/Experimental/StructBox/StructBox.uplugin
LogPluginManager: Loaded Plugin AndroidMedia, From C:/UE4/UnrealEngine/Epic Games/4.13/Engine/Plugins/Media/AndroidMedia/AndroidMedia.uplugin
LogPluginManager: Loaded Plugin AvfMedia, From C:/UE4/UnrealEngine/Epic Games/4.13/Engine/Plugins/Media/AvfMedia/AvfMedia.uplugin
LogPluginManager: Loaded Plugin MediaPlayerEditor, From C:/UE4/UnrealEngine/Epic Games/4.13/Engine/Plugins/Media/MediaPlayerEditor/MediaPlayerEditor.uplugin
LogPluginManager: Loaded Plugin WmfMedia, From C:/UE4/UnrealEngine/Epic Games/4.13/Engine/Plugins/Media/WmfMedia/WmfMedia.uplugin
LogPluginManager: Loaded Plugin MessagingDebugger, From C:/UE4/UnrealEngine/Epic Games/4.13/Engine/Plugins/Messaging/MessagingDebugger/MessagingDebugger.uplugin
LogPluginManager: Loaded Plugin TcpMessaging, From C:/UE4/UnrealEngine/Epic Games/4.13/Engine/Plugins/Messaging/TcpMessaging/TcpMessaging.uplugin
LogPluginManager: Loaded Plugin UdpMessaging, From C:/UE4/UnrealEngine/Epic Games/4.13/Engine/Plugins/Messaging/UdpMessaging/UdpMessaging.uplugin
LogPluginManager: Loaded Plugin LevelSequenceEditor, From C:/UE4/UnrealEngine/Epic Games/4.13/Engine/Plugins/MovieScene/LevelSequenceEditor/LevelSequenceEditor.uplugin
LogPluginManager: Loaded Plugin MatineeToLevelSequence, From C:/UE4/UnrealEngine/Epic Games/4.13/Engine/Plugins/MovieScene/MatineeToLevelSequence/MatineeToLevelSequence.uplugin
LogPluginManager: Loaded Plugin NetcodeUnitTest, From C:/UE4/UnrealEngine/Epic Games/4.13/Engine/Plugins/NetcodeUnitTest/NetcodeUnitTest/NetcodeUnitTest.uplugin
LogPluginManager: Loaded Plugin NUTUnrealEngine4, From C:/UE4/UnrealEngine/Epic Games/4.13/Engine/Plugins/NetcodeUnitTest/NUTUnrealEngine4/NUTUnrealEngine4.uplugin
LogPluginManager: Loaded Plugin OnlineSubsystemGooglePlay, From C:/UE4/UnrealEngine/Epic Games/4.13/Engine/Plugins/Online/Android/OnlineSubsystemGooglePlay/OnlineSubsystemGooglePlay.uplugin
LogPluginManager: Loaded Plugin OnlineSubsystemIOS, From C:/UE4/UnrealEngine/Epic Games/4.13/Engine/Plugins/Online/IOS/OnlineSubsystemIOS/OnlineSubsystemIOS.uplugin
LogPluginManager: Loaded Plugin OnlineFramework, From C:/UE4/UnrealEngine/Epic Games/4.13/Engine/Plugins/Online/OnlineFramework/OnlineFramework.uplugin
LogPluginManager: Loaded Plugin OnlineSubsystem, From C:/UE4/UnrealEngine/Epic Games/4.13/Engine/Plugins/Online/OnlineSubsystem/OnlineSubsystem.uplugin
LogPluginManager: Loaded Plugin OnlineSubsystemAmazon, From C:/UE4/UnrealEngine/Epic Games/4.13/Engine/Plugins/Online/OnlineSubsystemAmazon/OnlineSubsystemAmazon.uplugin
LogPluginManager: Loaded Plugin OnlineSubsystemFacebook, From C:/UE4/UnrealEngine/Epic Games/4.13/Engine/Plugins/Online/OnlineSubsystemFacebook/OnlineSubsystemFacebook.uplugin
LogPluginManager: Loaded Plugin OnlineSubsystemNull, From C:/UE4/UnrealEngine/Epic Games/4.13/Engine/Plugins/Online/OnlineSubsystemNull/OnlineSubsystemNull.uplugin
LogPluginManager: Loaded Plugin OnlineSubsystemOculus, From C:/UE4/UnrealEngine/Epic Games/4.13/Engine/Plugins/Online/OnlineSubsystemOculus/OnlineSubsystemOculus.uplugin
LogPluginManager: Loaded Plugin OnlineSubsystemSteam, From C:/UE4/UnrealEngine/Epic Games/4.13/Engine/Plugins/Online/OnlineSubsystemSteam/OnlineSubsystemSteam.uplugin
LogPluginManager: Loaded Plugin OnlineSubsystemUtils, From C:/UE4/UnrealEngine/Epic Games/4.13/Engine/Plugins/Online/OnlineSubsystemUtils/OnlineSubsystemUtils.uplugin
LogPluginManager: Loaded Plugin IOSTapJoy, From C:/UE4/UnrealEngine/Epic Games/4.13/Engine/Plugins/Runtime/Advertising/IOSTapJoy/IOSTapJoy.uplugin
LogPluginManager: Loaded Plugin AnalyticsBlueprintLibrary, From C:/UE4/UnrealEngine/Epic Games/4.13/Engine/Plugins/Runtime/Analytics/AnalyticsBlueprintLibrary/AnalyticsBlueprintLibrary.uplugin
LogPluginManager: Loaded Plugin AnalyticsMulticast, From C:/UE4/UnrealEngine/Epic Games/4.13/Engine/Plugins/Runtime/Analytics/AnalyticsMulticast/AnalyticsMulticast.uplugin
LogPluginManager: Loaded Plugin Apsalar, From C:/UE4/UnrealEngine/Epic Games/4.13/Engine/Plugins/Runtime/Analytics/Apsalar/Apsalar.uplugin
LogPluginManager: Loaded Plugin FileLogging, From C:/UE4/UnrealEngine/Epic Games/4.13/Engine/Plugins/Runtime/Analytics/FileLogging/FileLogging.uplugin
LogPluginManager: Loaded Plugin Flurry, From C:/UE4/UnrealEngine/Epic Games/4.13/Engine/Plugins/Runtime/Analytics/Flurry/Flurry.uplugin
LogPluginManager: Loaded Plugin AndroidDeviceProfileSelector, From C:/UE4/UnrealEngine/Epic Games/4.13/Engine/Plugins/Runtime/AndroidDeviceProfileSelector/AndroidDeviceProfileSelector.uplugin
LogPluginManager: Loaded Plugin AndroidMoviePlayer, From C:/UE4/UnrealEngine/Epic Games/4.13/Engine/Plugins/Runtime/AndroidMoviePlayer/AndroidMoviePlayer.uplugin
LogPluginManager: Loaded Plugin AppleMoviePlayer, From C:/UE4/UnrealEngine/Epic Games/4.13/Engine/Plugins/Runtime/AppleMoviePlayer/AppleMoviePlayer.uplugin
LogPluginManager: Loaded Plugin ArchVisCharacter, From C:/UE4/UnrealEngine/Epic Games/4.13/Engine/Plugins/Runtime/ArchVisCharacter/ArchVisCharacter.uplugin
LogPluginManager: Loaded Plugin CableComponent, From C:/UE4/UnrealEngine/Epic Games/4.13/Engine/Plugins/Runtime/CableComponent/CableComponent.uplugin
LogPluginManager: Loaded Plugin CustomMeshComponent, From C:/UE4/UnrealEngine/Epic Games/4.13/Engine/Plugins/Runtime/CustomMeshComponent/CustomMeshComponent.uplugin
LogPluginManager: Loaded Plugin ExampleDeviceProfileSelector, From C:/UE4/UnrealEngine/Epic Games/4.13/Engine/Plugins/Runtime/ExampleDeviceProfileSelector/ExampleDeviceProfileSelector.uplugin
LogPluginManager: Loaded Plugin GearVR, From C:/UE4/UnrealEngine/Epic Games/4.13/Engine/Plugins/Runtime/GearVR/GearVR.uplugin
LogPluginManager: Loaded Plugin GoogleVRController, From C:/UE4/UnrealEngine/Epic Games/4.13/Engine/Plugins/Runtime/GoogleVR/GoogleVRController/GoogleVRController.uplugin
LogPluginManager: Loaded Plugin GoogleVRHMD, From C:/UE4/UnrealEngine/Epic Games/4.13/Engine/Plugins/Runtime/GoogleVR/GoogleVRHMD/GoogleVRHMD.uplugin
LogPluginManager: Loaded Plugin IOSDeviceProfileSelector, From C:/UE4/UnrealEngine/Epic Games/4.13/Engine/Plugins/Runtime/IOSDeviceProfileSelector/IOSDeviceProfileSelector.uplugin
LogPluginManager: Loaded Plugin LeapMotion, From C:/UE4/UnrealEngine/Epic Games/4.13/Engine/Plugins/Runtime/LeapMotion/LeapMotion.uplugin
LogPluginManager: Loaded Plugin LinuxDeviceProfileSelector, From C:/UE4/UnrealEngine/Epic Games/4.13/Engine/Plugins/Runtime/LinuxDeviceProfileSelector/LinuxDeviceProfileSelector.uplugin
LogPluginManager: Loaded Plugin LiveEditorListenServer, From C:/UE4/UnrealEngine/Epic Games/4.13/Engine/Plugins/Runtime/LiveEditorListenServer/LiveEditorListenServer.uplugin
LogPluginManager: Loaded Plugin OculusAudio, From C:/UE4/UnrealEngine/Epic Games/4.13/Engine/Plugins/Runtime/OculusAudio/OculusAudio.uplugin
LogPluginManager: Loaded Plugin OculusInput, From C:/UE4/UnrealEngine/Epic Games/4.13/Engine/Plugins/Runtime/OculusInput/OculusInput.uplugin
LogPluginManager: Loaded Plugin OculusLibrary, From C:/UE4/UnrealEngine/Epic Games/4.13/Engine/Plugins/Runtime/OculusLibrary/OculusLibrary.uplugin
LogPluginManager: Loaded Plugin OculusRift, From C:/UE4/UnrealEngine/Epic Games/4.13/Engine/Plugins/Runtime/OculusRift/OculusRift.uplugin
LogPluginManager: Loaded Plugin Oodle, From C:/UE4/UnrealEngine/Epic Games/4.13/Engine/Plugins/Runtime/PacketHandlers/CompressionComponents/Oodle/Oodle.uplugin
LogPluginManager: Loaded Plugin ProceduralMeshComponent, From C:/UE4/UnrealEngine/Epic Games/4.13/Engine/Plugins/Runtime/ProceduralMeshComponent/ProceduralMeshComponent.uplugin
LogPluginManager: Loaded Plugin SoundMod, From C:/UE4/UnrealEngine/Epic Games/4.13/Engine/Plugins/Runtime/SoundMod/SoundMod.uplugin
LogPluginManager: Loaded Plugin SoundVisualizations, From C:/UE4/UnrealEngine/Epic Games/4.13/Engine/Plugins/Runtime/SoundVisualizations/SoundVisualizations.uplugin
LogPluginManager: Loaded Plugin SteamController, From C:/UE4/UnrealEngine/Epic Games/4.13/Engine/Plugins/Runtime/Steam/SteamController/SteamController.uplugin
LogPluginManager: Loaded Plugin SteamVR, From C:/UE4/UnrealEngine/Epic Games/4.13/Engine/Plugins/Runtime/Steam/SteamVR/SteamVR.uplugin
LogPluginManager: Loaded Plugin WebBrowserWidget, From C:/UE4/UnrealEngine/Epic Games/4.13/Engine/Plugins/Runtime/WebBrowserWidget/WebBrowserWidget.uplugin
LogPluginManager: Loaded Plugin WindowsDeviceProfileSelector, From C:/UE4/UnrealEngine/Epic Games/4.13/Engine/Plugins/Runtime/WindowsDeviceProfileSelector/WindowsDeviceProfileSelector.uplugin
LogPluginManager: Loaded Plugin WindowsMoviePlayer, From C:/UE4/UnrealEngine/Epic Games/4.13/Engine/Plugins/Runtime/WindowsMoviePlayer/WindowsMoviePlayer.uplugin
LogPluginManager: Loaded Plugin ScriptPlugin, From C:/UE4/UnrealEngine/Epic Games/4.13/Engine/Plugins/ScriptPlugin/ScriptPlugin.uplugin
LogPluginManager: Loaded Plugin SlateRemote, From C:/UE4/UnrealEngine/Epic Games/4.13/Engine/Plugins/Slate/SlateRemote/SlateRemote.uplugin
LogInit: Using libcurl 7.47.1
LogInit:  - built for x86_64-pc-win32
LogInit:  - supports SSL with WinSSL
LogInit:  - other features:
LogInit:      CURL_VERSION_SSL
LogInit:      CURL_VERSION_IPV6
LogInit:      CURL_VERSION_ASYNCHDNS
LogInit:      CURL_VERSION_LARGEFILE
LogInit:      CURL_VERSION_IDN
LogInit:  CurlRequestOptions (configurable via config and command line):
LogInit:  - bVerifyPeer = false  - Libcurl will NOT verify peer certificate
LogInit:  - bUseHttpProxy = false  - Libcurl will NOT use HTTP proxy
LogInit:  - bDontReuseConnections = false  - Libcurl will reuse connections
LogInit:  - CertBundlePath = nullptr  - Libcurl will use whatever was configured at build time.
LogInit: Build: ++UE4+Release-4.13-CL-3172292
LogInit: Engine Version: 4.13.2-3172292+++UE4+Release-4.13
LogInit: Compatible Engine Version: 4.13.0-3106830+++UE4+Release-4.13
LogInit: Net CL: 3172292
LogDevObjectVersion: Number of dev versions registered: 13
LogDevObjectVersion:   Dev-Blueprints (B0D832E4-1F89-4F0D-ACCF-7EB736FD4AA2): 5
LogDevObjectVersion:   Dev-Build (E1C64328-A22C-4D53-A36C-8E866417BD8C): 0
LogDevObjectVersion:   Dev-Core (375EC13C-06E4-48FB-B500-84F0262A717E): 1
LogDevObjectVersion:   Dev-Editor (E4B068ED-F494-42E9-A231-DA0B2E46BB41): 6
LogDevObjectVersion:   Dev-Framework (CFFC743F-43B0-4480-9391-14DF171D2073): 12
LogDevObjectVersion:   Dev-Mobile (B02B49B5-BB20-44E9-A304-32B752E40360): 0
LogDevObjectVersion:   Dev-Networking (A4E4105C-59A1-49B5-A7C5-40C4547EDFEE): 0
LogDevObjectVersion:   Dev-Online (39C831C9-5AE6-47DC-9A44-9C173E1C8E7C): 0
LogDevObjectVersion:   Dev-Physics (78F01B33-EBEA-4F98-B9B4-84EACCB95AA2): 0
LogDevObjectVersion:   Dev-Platform (6631380F-2D4D-43E0-8009-CF276956A95A): 0
LogDevObjectVersion:   Dev-Rendering (12F88B9F-8875-4AFC-A67C-D90C383ABD29): 4
LogDevObjectVersion:   Dev-Sequencer (7B5AE74C-D270-4C10-A958-57980B212A5A): 0
LogDevObjectVersion:   Dev-VR (D7296918-1DD6-4BDD-9DE2-64A83CC13884): 0
LogInit: Compiled (64-bit): Oct 24 2016 14:29:06
LogInit: Compiled with Visual C++: 19.00.23026.00
LogInit: Build Configuration: Development
LogInit: Branch Name: ++UE4+Release-4.13
LogInit: Command line:  
LogInit: Base directory: C:/UE4/UnrealEngine/Epic Games/4.13/Engine/Binaries/Win64/
LogInit: Installed Engine Build: 1
LogInit: Presizing for max 8388607 objects, including 0 objects not considered by GC, pre-allocating 0 bytes for permanent pool.
LogInit: Object subsystem initialized
[2016.12.09-09.22.01:130][  0]LogInit: Selected Device Profile: [Windows]
[2016.12.09-09.22.01:130][  0]LogInit: Applying CVar settings loaded from the selected device profile: [Windows]
[2016.12.09-09.22.01:142][  0]LogInit: Computer: K103-5010
[2016.12.09-09.22.01:142][  0]LogInit: User: cblondy
[2016.12.09-09.22.01:142][  0]LogInit: CPU Page size=65536, Cores=4
[2016.12.09-09.22.01:142][  0]LogInit: High frequency timer resolution =3.312788 MHz
[2016.12.09-09.22.01:142][  0]LogMemory: Memory total: Physical=12.0GB (12GB approx)
[2016.12.09-09.22.01:142][  0]LogMemory: Platform Memory Stats for Windows
[2016.12.09-09.22.01:142][  0]LogMemory: Process Physical Memory: 254.59 MB used, 254.59 MB peak
[2016.12.09-09.22.01:142][  0]LogMemory: Process Virtual Memory: 259.80 MB used, 259.80 MB peak
[2016.12.09-09.22.01:142][  0]LogMemory: Physical Memory: 9330.43 MB used, 12261.57 MB total
[2016.12.09-09.22.01:142][  0]LogMemory: Virtual Memory: 606.39 MB used, 134217728.00 MB total
[2016.12.09-09.22.01:165][  0]LogTextLocalizationManager: No translations for ('fr-FR') exist, falling back to 'en' for localization and internationalization data.
[2016.12.09-09.22.01:789][  0]LogD3D11RHI: D3D11 adapters:
[2016.12.09-09.22.01:806][  0]LogD3D11RHI:    0. 'NVIDIA GeForce GTX 670' (Feature Level 11_0)
[2016.12.09-09.22.01:806][  0]LogD3D11RHI:       1985/0/2048 MB DedicatedVideo/DedicatedSystem/SharedSystem, Outputs:1, VendorId:0x10de
[2016.12.09-09.22.01:807][  0]LogD3D11RHI:    1. 'Microsoft Basic Render Driver' (Feature Level 11_0)
[2016.12.09-09.22.01:807][  0]LogD3D11RHI:       0/0/256 MB DedicatedVideo/DedicatedSystem/SharedSystem, Outputs:0, VendorId:0x1414
[2016.12.09-09.22.01:807][  0]LogD3D11RHI: Chosen D3D11 Adapter: 0
[2016.12.09-09.22.01:811][  0]LogD3D11RHI: Creating new Direct3DDevice
[2016.12.09-09.22.01:811][  0]LogD3D11RHI:     GPU DeviceId: 0x1189 (for the marketing name, search the web for "GPU Device Id")
[2016.12.09-09.22.01:811][  0]LogWindows: EnumDisplayDevices:
[2016.12.09-09.22.01:812][  0]LogWindows:    0. 'NVIDIA GeForce GTX 670' (P:1 D:1)
[2016.12.09-09.22.01:812][  0]LogWindows:    1. 'NVIDIA GeForce GTX 670' (P:0 D:0)
[2016.12.09-09.22.01:812][  0]LogWindows:    2. 'NVIDIA GeForce GTX 670' (P:0 D:0)
[2016.12.09-09.22.01:812][  0]LogWindows:    3. 'NVIDIA GeForce GTX 670' (P:0 D:0)
[2016.12.09-09.22.01:812][  0]LogWindows: DebugString: FoundDriverCount:4 
[2016.12.09-09.22.01:812][  0]LogD3D11RHI:     Adapter Name: NVIDIA GeForce GTX 670
[2016.12.09-09.22.01:812][  0]LogD3D11RHI:   Driver Version: 368.69 (internal:10.18.13.6869, unified:368.69)
[2016.12.09-09.22.01:812][  0]LogD3D11RHI:      Driver Date: 6-29-2016
[2016.12.09-09.22.01:812][  0]LogRHI: Texture pool is 1361 MB (70% of 1945 MB)
[2016.12.09-09.22.01:821][  0]LogD3D11RHI: Async texture creation enabled
[2016.12.09-09.22.01:839][  0]LogD3D11RHI: GPU Timing Frequency: 1000.000000 (Debug: 2 2)
[2016.12.09-09.22.01:839][  0]LogShaderCompilers: Guid format shader working directory is -5 characters bigger than the processId version (../../../../../../../Users/c.blondy/Documents/GitHub/Ruiz/Intermediate/Shaders/WorkingDirectory/3800/).
[2016.12.09-09.22.01:839][  0]LogShaderCompilers: Cleaned the shader compiler working directory 'C:/Users/C3A18~1.BLO/AppData/Local/Temp/UnrealShaderWorkingDir/E7D6DC794A79379DB617F7AD3340BDC8/'.
[2016.12.09-09.22.01:839][  0]LogShaderCompilers:Display: Using Local Shader Compiler.
[2016.12.09-09.22.03:803][  0]LogTemp:Display: Loaded TP AllDesktopTargetPlatform
[2016.12.09-09.22.03:811][  0]LogTemp:Display: Loaded TP WindowsClientTargetPlatform
[2016.12.09-09.22.03:819][  0]LogTemp:Display: Loaded TP WindowsNoEditorTargetPlatform
[2016.12.09-09.22.03:828][  0]LogTemp:Display: Loaded TP WindowsServerTargetPlatform
[2016.12.09-09.22.03:836][  0]LogTemp:Display: Loaded TP WindowsTargetPlatform
[2016.12.09-09.22.03:847][  0]LogTemp:Display: Loaded TP AndroidTargetPlatform
[2016.12.09-09.22.03:854][  0]LogTemp:Display: Loaded TP Android_ASTCTargetPlatform
[2016.12.09-09.22.03:861][  0]LogTemp:Display: Loaded TP Android_ATCTargetPlatform
[2016.12.09-09.22.03:868][  0]LogTemp:Display: Loaded TP Android_DXTTargetPlatform
[2016.12.09-09.22.03:876][  0]LogTemp:Display: Loaded TP Android_ETC1TargetPlatform
[2016.12.09-09.22.03:883][  0]LogTemp:Display: Loaded TP Android_ETC2TargetPlatform
[2016.12.09-09.22.03:897][  0]LogTemp:Display: Loaded TP Android_MultiTargetPlatform
[2016.12.09-09.22.03:897][  0]LogTemp:Display: Loaded TP Android_PVRTCTargetPlatform
[2016.12.09-09.22.03:898][  0]LogTemp:Display: Loaded TP HTML5TargetPlatform
[2016.12.09-09.22.03:919][  0]LogTemp:Display: Loaded TP IOSTargetPlatform
[2016.12.09-09.22.03:926][  0]LogTemp:Display: Loaded TP TVOSTargetPlatform
[2016.12.09-09.22.03:933][  0]LogTemp:Display: Loaded TP LinuxClientTargetPlatform
[2016.12.09-09.22.03:941][  0]LogTemp:Display: Loaded TP LinuxNoEditorTargetPlatform
[2016.12.09-09.22.03:948][  0]LogTemp:Display: Loaded TP LinuxServerTargetPlatform
[2016.12.09-09.22.03:956][  0]LogTemp:Display: Loaded TP LinuxTargetPlatform
[2016.12.09-09.22.03:956][  0]LogTargetPlatformManager:Display: Building Assets For Windows
[2016.12.09-09.22.04:017][  0]LogDerivedDataCache:Display: Max Cache Size: 512 MB
[2016.12.09-09.22.04:114][  0]LogDerivedDataCache: Loaded boot cache 0.10s 62MB C:/Users/c.blondy/AppData/Local/UnrealEngine/4.13/DerivedDataCache/Boot.ddc.
[2016.12.09-09.22.04:114][  0]LogDerivedDataCache:Display: Loaded Boot cache: C:/Users/c.blondy/AppData/Local/UnrealEngine/4.13/DerivedDataCache/Boot.ddc
[2016.12.09-09.22.04:114][  0]LogDerivedDataCache: FDerivedDataBackendGraph:  Pak pak cache file ../../../../../../../Users/c.blondy/Documents/GitHub/Ruiz/DerivedDataCache/DDC.ddp not found, will not use a pak cache.
[2016.12.09-09.22.04:114][  0]LogDerivedDataCache: Unable to find inner node Pak for hierarchical cache Hierarchy.
[2016.12.09-09.22.04:114][  0]LogDerivedDataCache: FDerivedDataBackendGraph:  CompressedPak pak cache file ../../../../../../../Users/c.blondy/Documents/GitHub/Ruiz/DerivedDataCache/Compressed.ddp not found, will not use a pak cache.
[2016.12.09-09.22.04:114][  0]LogDerivedDataCache: Unable to find inner node CompressedPak for hierarchical cache Hierarchy.
[2016.12.09-09.22.04:132][  0]LogDerivedDataCache:Display: Pak cache opened for reading ../../../Engine/DerivedDataCache/Compressed.ddp.
[2016.12.09-09.22.04:144][  0]LogDerivedDataCache: Using Local data cache path C:/Users/c.blondy/AppData/Local/UnrealEngine/Common/DerivedDataCache: Writable
[2016.12.09-09.22.04:398][  0]LogInit: Selected Device Profile: [Windows]
[2016.12.09-09.22.04:402][  0]LogContentStreaming: Texture pool size is 0.00 MB
[2016.12.09-09.22.04:498][  0]LogMeshUtilities: No automatic mesh reduction module available
[2016.12.09-09.22.04:498][  0]LogMeshUtilities: No automatic mesh merging module available
[2016.12.09-09.22.04:498][  0]LogMeshUtilities: No distributed automatic mesh merging module available
[2016.12.09-09.22.04:571][  0]LogMaterial: Uniform references updated for custom material expression Custom.
[2016.12.09-09.22.04:921][  0]LogNetVersion: GetLocalNetworkVersion: CL: 3106830, ProjectName: myproject5, ProjectVersion: , EngineNetworkVersion: 1, GameNetworkVersion: 0, NetworkChecksum: 332664138
[2016.12.09-09.22.04:960][  0]LogAssetRegistry: FAssetRegistry took 0.0216 seconds to start up
[2016.12.09-09.22.04:973][  0]LogPackageLocalizationCache: Processed 3 localized package path(s) for 1 prioritized culture(s) in 0.011677 seconds
[2016.12.09-09.22.04:978][  0]LogUObjectArray: 29778 objects as part of root set at end of initial load.
[2016.12.09-09.22.04:978][  0]LogUObjectAllocator: 6125448 out of 0 bytes used by permanent object pool.
[2016.12.09-09.22.04:978][  0]LogUObjectArray: CloseDisregardForGC: 0/0 objects in disregard for GC pool
[2016.12.09-09.22.04:983][  0]LogInit: WinSock: version 1.1 (2.2), MaxSocks=32767, MaxUdp=65467
[2016.12.09-09.22.05:189][  0]LogSlate: SlateFontCache - WITH_FREETYPE: 1, WITH_HARFBUZZ: 1
[2016.12.09-09.22.05:189][  0]LogSlate: SlateFontCache - WITH_FREETYPE: 1, WITH_HARFBUZZ: 1
[2016.12.09-09.22.15:564][  0]LogTcpMessaging: Initializing TcpMessaging bridge
[2016.12.09-09.22.15:608][  0]LogUdpMessaging: Initializing bridge on interface 0.0.0.0:0 to multicast group 230.0.0.1:6666.
[2016.12.09-09.22.16:195][  0]SourceControl: Info Source control is disabled
[2016.12.09-09.22.16:196][  0]SourceControl: Info Source control is disabled
[2016.12.09-09.22.16:220][  0]SourceControl: Info Source control is disabled
[2016.12.09-09.22.16:244][  0]SourceControl: Info Source control is disabled
[2016.12.09-09.22.17:616][  0]LogEngine: Initializing Engine...
[2016.12.09-09.22.17:616][  0]LogHMD: Failed to initialize OpenVR with code 110
[2016.12.09-09.22.17:973][  0]LogAIModule: Creating AISystem for world Untitled
[2016.12.09-09.22.18:007][  0]LogInit: XAudio2 using 'Casque (Périphérique High Definition Audio)' : 2 channels at 44.1 kHz using 16 bits per sample (channel mask 0x3)
[2016.12.09-09.22.18:015][  0]LogInit: FAudioDevice initialized.
[2016.12.09-09.22.18:026][  0]LogDerivedDataCache:Error: Could not save memory cache C:/Users/c.blondy/AppData/Local/UnrealEngine/4.13/DerivedDataCache/Boot.ddc.
[2016.12.09-09.22.18:043][  0]LogInit: Texture streaming: Enabled
[2016.12.09-09.22.18:187][  0]LogInit: Transaction tracking system initialized
[2016.12.09-09.22.18:549][  0]BlueprintLog: New page: Editor Load
[2016.12.09-09.22.19:276][  0]LocalizationService: Info Localization service is disabled
[2016.12.09-09.22.19:760][  0]LogConsoleResponse:Display: 
[2016.12.09-09.22.22:379][  0]LogCook:Display: Max memory allowance for cook 16384mb min free memory 0mb
[2016.12.09-09.22.22:379][  0]LogCook:Display: Mobile HDR setting 1
[2016.12.09-09.22.23:170][  0]LogFileCache: Scanning file cache for directory 'C:/Users/c.blondy/Documents/GitHub/Ruiz/Content/' took 0.02s
[2016.12.09-09.22.24:621][  0]SourceControl: Info Source control is disabled
[2016.12.09-09.22.24:621][  0]Cmd: MAP LOAD FILE="../../../../../../../Users/c.blondy/Documents/GitHub/Ruiz/Content/StarterContent/Maps/StarterMap.umap" TEMPLATE=0 SHOWPROGRESS=1 FEATURELEVEL=3
[2016.12.09-09.22.24:669][  0]LightingResults: New page: Lighting Build
[2016.12.09-09.22.24:691][  0]MapCheck: New page: Map Check
[2016.12.09-09.22.24:691][  0]LightingResults: New page: Lighting Build
[2016.12.09-09.22.38:205][  0]LogTexture:Display: Building textures: T_Brick_Hewn_Stone_N (BC5)
[2016.12.09-09.22.39:057][  0]LogTexture:Display: Building textures: T_Brick_Hewn_Stone_M (AutoDXT)
[2016.12.09-09.22.43:623][  0]LogTexture:Display: Building textures: T_Brick_Hewn_Stone_D (AutoDXT)
[2016.12.09-09.22.46:656][  0]LogTexture:Display: Building textures: T_Detail_Rocky_N (BC5)
[2016.12.09-09.22.47:077][  0]LogTexture:Display: Building textures: T_Brick_Cut_Stone_N (BC5)
[2016.12.09-09.22.48:035][  0]LogTexture:Display: Building textures: T_Brick_Cut_Stone_D (AutoDXT)
[2016.12.09-09.22.51:445][  0]LogTexture:Display: Building textures: T_Concrete_Poured_N (BC5)
[2016.12.09-09.22.52:460][  0]LogTexture:Display: Building textures: T_Concrete_Poured_D (AutoDXT)
[2016.12.09-09.22.56:518][  0]LogTexture:Display: Building textures: T_Concrete_Panels_N (BC5)
[2016.12.09-09.22.57:345][  0]LogTexture:Display: Building textures: T_Concrete_Panels_D (AutoDXT)
[2016.12.09-09.23.01:173][  0]LogTexture:Display: Building textures: T_Metal_Rust_N (BC5)
[2016.12.09-09.23.02:542][  0]LogTexture:Display: Building textures: T_Concrete_Grime_D (AutoDXT)
[2016.12.09-09.23.06:207][  0]LogTexture:Display: Building textures: T_Chair_N (BC5)
[2016.12.09-09.23.06:869][  0]LogTexture:Display: Building textures: T_Chair_M (AutoDXT)
[2016.12.09-09.23.08:275][  0]LogTexture:Display: Building textures: T_Wood_Pine_N (BC5)
[2016.12.09-09.23.11:352][  0]LogTexture:Display: Building textures: T_Wood_Pine_D (AutoDXT)
[2016.12.09-09.23.16:338][  0]LogTexture:Display: Building textures: T_Wood_Oak_N (BC5)
[2016.12.09-09.23.17:122][  0]LogTexture:Display: Building textures: T_Wood_Oak_D (AutoDXT)
[2016.12.09-09.23.20:824][  0]LogTexture:Display: Building textures: T_Tech_Panel_N (BC5)
[2016.12.09-09.23.21:680][  0]LogTexture:Display: Building textures: T_Tech_Panel_M (AutoDXT)
[2016.12.09-09.23.22:837][  0]LogTexture:Display: Building textures: T_Ceramic_Tile_N (BC5)
[2016.12.09-09.23.23:488][  0]LogTexture:Display: Building textures: T_Rock_Marble_Polished_D (AutoDXT)
[2016.12.09-09.23.25:426][  0]LogTexture:Display: Building textures: T_Ceramic_Tile_M (DXT1)
[2016.12.09-09.23.26:339][  0]LogTexture:Display: Building textures: T_CobbleStone_Pebble_D (AutoDXT)
[2016.12.09-09.23.29:547][  0]LogTexture:Display: Building textures: T_CobbleStone_Pebble_N (BC5)
[2016.12.09-09.23.30:085][  0]LogTexture:Display: Building textures: T_CobbleStone_Pebble_M (AutoDXT)
[2016.12.09-09.23.31:885][  0]LogTexture:Display: Building textures: T_CobbleStone_Rough_D (AutoDXT)
[2016.12.09-09.23.33:159][  0]LogTexture:Display: Building textures: T_CobbleStone_Rough_N (BC5)
[2016.12.09-09.23.33:787][  0]LogTexture:Display: Building textures: T_Tech_Hex_Tile_N (BC5)
[2016.12.09-09.23.34:328][  0]LogTexture:Display: Building textures: T_Tech_Hex_Tile_M (AutoDXT)
[2016.12.09-09.23.34:757][  0]LogTexture:Display: Building textures: T_Tech_Dot_N (BC5)
[2016.12.09-09.23.34:791][  0]LogTexture:Display: Building textures: T_Tech_Dot_M (AutoDXT)
[2016.12.09-09.23.36:505][  0]LogTexture:Display: Building textures: T_Rock_Slate_N (BC5)
[2016.12.09-09.23.37:751][  0]LogTexture:Display: Building textures: T_Rock_Slate_D (AutoDXT)
[2016.12.09-09.23.41:748][  0]LogTexture:Display: Building textures: T_Rock_Basalt_N (BC5)
[2016.12.09-09.23.42:626][  0]LogTexture:Display: Building textures: T_Rock_Basalt_D (AutoDXT)
[2016.12.09-09.23.47:443][  0]LogTexture:Display: Building textures: T_Metal_Rust_D (AutoDXT)
[2016.12.09-09.23.51:949][  0]LogTexture:Display: Building textures: T_Metal_Aluminum_D (AutoDXT)
[2016.12.09-09.23.56:171][  0]LogTexture:Display: Building textures: T_Ground_Moss_N (BC5)
[2016.12.09-09.23.57:176][  0]LogTexture:Display: Building textures: T_ground_Moss_D (AutoDXT)
[2016.12.09-09.24.01:353][  0]LogTexture:Display: Building textures: T_Ground_Gravel_N (BC5)
[2016.12.09-09.24.02:780][  0]LogTexture:Display: Building textures: T_Ground_Gravel_D (AutoDXT)
[2016.12.09-09.24.06:504][  0]LogTexture:Display: Building textures: T_TableRound_N (BC5)
[2016.12.09-09.24.07:164][  0]LogTexture:Display: Building textures: T_TableRound_M (DXT1)
[2016.12.09-09.24.08:010][  0]LogTexture:Display: Building textures: T_Statue_N (BC5)
[2016.12.09-09.24.08:258][  0]LogTexture:Display: Building textures: T_Statue_M (AutoDXT)
[2016.12.09-09.24.20:955][  0]LogTexture:Display: Building textures: T_Frame_N (BC5)
[2016.12.09-09.24.22:091][  0]LogTexture:Display: Building textures: T_Frame_M (DXT1)
[2016.12.09-09.24.23:292][  0]LogTexture:Display: Building textures: T_Fire_SubUV (AutoDXT)
[2016.12.09-09.24.23:502][  0]LogTexture:Display: Building textures: T_Fire_Tiled_D (AutoDXT)
[2016.12.09-09.24.23:707][  0]LogTexture:Display: Building textures: ThumbnailTexture (DXT1)
[2016.12.09-09.24.26:490][  0]LogTexture:Display: Building textures: T_Spark_Core (AutoDXT)
[2016.12.09-09.24.26:563][  0]LogTexture:Display: Building textures: ThumbnailTexture (DXT1)
[2016.12.09-09.24.28:283][  0]LogTexture:Display: Building textures: T_Brick_Clay_Old_N (BC5)
[2016.12.09-09.24.29:763][  0]LogTexture:Display: Building textures: T_Brick_Clay_Old_D (AutoDXT)
[2016.12.09-09.24.33:643][  0]LogTexture:Display: Building textures: T_Brick_Clay_New_N (BC5)
[2016.12.09-09.24.34:702][  0]LogTexture:Display: Building textures: T_Brick_Clay_New_M (AutoDXT)
[2016.12.09-09.24.38:989][  0]LogTexture:Display: Building textures: T_Brick_Clay_New_D (AutoDXT)
[2016.12.09-09.24.42:586][  0]LogTexture:Display: Building textures: T_Brick_Clay_Beveled_N (BC5)
[2016.12.09-09.24.43:554][  0]LogTexture:Display: Building textures: T_Brick_Clay_Beveled_M (AutoDXT)
[2016.12.09-09.24.47:333][  0]LogTexture:Display: Building textures: T_Brick_Clay_Beveled_D (AutoDXT)
[2016.12.09-09.24.50:469][  0]LogTexture:Display: Building textures: T_Lamp_N (BC5)
[2016.12.09-09.24.50:956][  0]LogTexture:Display: Building textures: T_Lamp_M (AutoDXT)
[2016.12.09-09.24.52:205][  0]LogTexture:Display: Building textures: ThumbnailTexture (DXT1)
[2016.12.09-09.24.52:344][  0]LogTexture:Display: Building textures: HQ_Lightmap0_1 (AutoDXT)
[2016.12.09-09.24.52:858][  0]LogTexture:Display: Building textures: HQ_Lightmap0_2 (AutoDXT)
[2016.12.09-09.24.53:293][  0]LogTexture:Display: Building textures: HQ_Lightmap0_3 (AutoDXT)
[2016.12.09-09.24.53:623][  0]LogTexture:Display: Building textures: HQ_Lightmap0_4 (AutoDXT)
[2016.12.09-09.24.53:702][  0]LogTexture:Display: Building textures: HQ_Lightmap1_5 (AutoDXT)
[2016.12.09-09.24.53:709][  0]LogTexture:Display: Building textures: HQ_Lightmap1_6 (AutoDXT)
[2016.12.09-09.24.53:990][  0]LogTexture:Display: Building textures: LQ_Lightmap_0_1 (DXT1)
[2016.12.09-09.24.54:428][  0]LogTexture:Display: Building textures: LQ_Lightmap_0_2 (DXT1)
[2016.12.09-09.24.54:624][  0]LogTexture:Display: Building textures: LQ_Lightmap_0_3 (DXT1)
[2016.12.09-09.24.54:790][  0]LogTexture:Display: Building textures: LQ_Lightmap_0_4 (DXT1)
[2016.12.09-09.24.54:842][  0]LogTexture:Display: Building textures: LQ_Lightmap_1_5 (DXT1)
[2016.12.09-09.24.54:845][  0]LogTexture:Display: Building textures: LQ_Lightmap_1_6 (DXT1)
[2016.12.09-09.24.54:850][  0]LogTexture:Display: Building textures: ShadowMapTexture2D_10 (BGRA8)
[2016.12.09-09.24.54:879][  0]LogTexture:Display: Building textures: ShadowMapTexture2D_6 (BGRA8)
[2016.12.09-09.24.55:036][  0]LogTexture:Display: Building textures: ShadowMapTexture2D_7 (BGRA8)
[2016.12.09-09.24.55:075][  0]LogTexture:Display: Building textures: ShadowMapTexture2D_8 (BGRA8)
[2016.12.09-09.24.55:105][  0]LogTexture:Display: Building textures: ShadowMapTexture2D_9 (BGRA8)
[2016.12.09-09.24.55:251][  0]LogAIModule: Creating AISystem for world StarterMap
[2016.12.09-09.24.55:295][  0]LogEditorServer: Finished looking for orphan Actors (0.000 secs)
[2016.12.09-09.24.55:296][  0]Cmd: MAP CHECKDEP NOCLEARLOG
[2016.12.09-09.24.55:398][  0]MapCheck: Info Map check complete: 0 Error(s), 0 Warning(s), took 102.571ms to complete.
[2016.12.09-09.24.55:398][  0]LogFileHelpers: Loading map 'StarterMap' took 150.766
[2016.12.09-09.24.55:494][  0]LogCollectionManager: Loaded 0 collections in 0.001122 seconds
[2016.12.09-09.24.55:532][  0]LogFileCache: Scanning file cache for directory 'C:/Users/c.blondy/Documents/GitHub/Ruiz/Saved/Collections/' took 0.01s
[2016.12.09-09.24.55:532][  0]LogFileCache: Scanning file cache for directory 'C:/Users/c.blondy/Documents/GitHub/Ruiz/Content/Developers/cblondy/Collections/' took 0.01s
[2016.12.09-09.24.55:532][  0]LogFileCache: Scanning file cache for directory 'C:/Users/c.blondy/Documents/GitHub/Ruiz/Content/Collections/' took 0.01s
[2016.12.09-09.24.55:533][  0]LogCollectionManager: Rebuilt the GUID cache for 0 collections in 0.000003 seconds
[2016.12.09-09.24.55:543][  0]LogContentBrowser: Native class hierarchy populated in 0.0101 seconds. Added 2142 classes and 417 folders.
[2016.12.09-09.24.55:546][  0]LogStats: UGameplayTagsManager::ConstructGameplayTagTree: Construct from data asset -  0.000 s
[2016.12.09-09.24.55:546][  0]LogStats: UGameplayTagsManager::ConstructGameplayTagTree: GameplayTagTreeChangedEvent.Broadcast -  0.000 s
[2016.12.09-09.24.55:547][  0]LogContentBrowser: Native class hierarchy updated for 'GameplayTags' in 0.0005 seconds. Added 12 classes and 0 folders.
[2016.12.09-09.24.55:550][  0]LogContentBrowser: Native class hierarchy updated for 'WidgetCarousel' in 0.0003 seconds. Added 0 classes and 0 folders.
[2016.12.09-09.24.55:588][  0]LogContentBrowser: Native class hierarchy updated for 'AddContentDialog' in 0.0004 seconds. Added 0 classes and 0 folders.
[2016.12.09-09.24.55:648][  0]LogCrashTracker: Crashtracker disabled due to settings.
[2016.12.09-09.24.55:652][  0]LogUObjectGlobals:Warning: Failed to find object 'Class None.'
[2016.12.09-09.24.55:679][  0]LogContentBrowser: Native class hierarchy updated for 'HierarchicalLODOutliner' in 0.0006 seconds. Added 1 classes and 2 folders.
[2016.12.09-09.24.55:679][  0]LogLoad: (Engine Initialization) Total time: 175.55 seconds
[2016.12.09-09.24.55:679][  0]LogLoad: (Engine Initialization) Total Blueprint compile time: 0.10 seconds
[2016.12.09-09.24.55:679][  0]LogExternalProfiler: Found external profiler: VSPerf
[2016.12.09-09.24.55:679][  0]LogExternalProfiler: Using external profiler: VSPerf
[2016.12.09-09.24.55:688][  0]LogWindowsTextInputMethodSystem:Display: IME system now deactivated.
[2016.12.09-09.24.55:689][  0]LogOcInput: OculusInput pre-init called
[2016.12.09-09.24.55:732][  0]LogContentStreaming: Texture pool size now 1000 MB
[2016.12.09-09.24.55:897][  0]LogRenderer: Reallocating scene render targets to support 908x896 (Frame:2).
[2016.12.09-09.24.56:127][  2]LogAssetRegistry: Asset discovery search completed in 171.1750 seconds
[2016.12.09-09.24.56:127][  2]LogCollectionManager: Rebuilt the object cache for 0 collections in 0.000001 seconds (found 0 objects)
[2016.12.09-09.24.56:127][  2]LogCollectionManager: Fixed up redirectors for 0 collections in 0.000027 seconds (updated 0 objects)
[2016.12.09-09.25.05:959][ 41]LogEditorViewport: Clicking on Actor (double click): BP_Sky_Sphere_C (BP_Sky_Shere)
[2016.12.09-09.25.53:635][716]LogLinker:Warning: The file ../../../../../../../Users/c.blondy/Documents/GitHub/Ruiz/Content/FirstPersonBP/Blueprints/FirstPersonCharacter.uasset was saved by a previous version which is not backwards compatible with this one. Min Required Version: 214  Package Version: 0
[2016.12.09-09.25.53:635][716]LogLinker:Warning: The file ../../../../../../../Users/c.blondy/Documents/GitHub/Ruiz/Content/FirstPersonBP/Blueprints/FirstPersonCharacter.uasset was saved by a previous version which is not backwards compatible with this one. Min Required Version: 214  Package Version: 0
[2016.12.09-09.25.53:686][716]LogLinker:Warning: The file ../../../../../../../Users/c.blondy/Documents/GitHub/Ruiz/Content/FirstPersonBP/Blueprints/FirstPersonCharacter.uasset was saved by a previous version which is not backwards compatible with this one. Min Required Version: 214  Package Version: 0
[2016.12.09-09.25.53:687][716]LogLinker:Warning: The file ../../../../../../../Users/c.blondy/Documents/GitHub/Ruiz/Content/FirstPersonBP/Blueprints/FirstPersonCharacter.uasset was saved by a previous version which is not backwards compatible with this one. Min Required Version: 214  Package Version: 0
[2016.12.09-09.25.53:687][716]LogLinker:Warning: The file ../../../../../../../Users/c.blondy/Documents/GitHub/Ruiz/Content/FirstPersonBP/Blueprints/FirstPersonCharacter.uasset was saved by a previous version which is not backwards compatible with this one. Min Required Version: 214  Package Version: 0
[2016.12.09-09.25.53:688][716]LogLinker:Warning: The file ../../../../../../../Users/c.blondy/Documents/GitHub/Ruiz/Content/FirstPersonBP/Blueprints/FirstPersonCharacter.uasset was saved by a previous version which is not backwards compatible with this one. Min Required Version: 214  Package Version: 0
[2016.12.09-09.25.53:688][716]LogLinker:Warning: The file ../../../../../../../Users/c.blondy/Documents/GitHub/Ruiz/Content/FirstPersonBP/Blueprints/FirstPersonCharacter.uasset was saved by a previous version which is not backwards compatible with this one. Min Required Version: 214  Package Version: 0
[2016.12.09-09.25.53:688][716]LogLinker:Warning: The file ../../../../../../../Users/c.blondy/Documents/GitHub/Ruiz/Content/FirstPersonBP/Blueprints/FirstPersonCharacter.uasset was saved by a previous version which is not backwards compatible with this one. Min Required Version: 214  Package Version: 0
[2016.12.09-09.25.53:688][716]LogLinker:Warning: The file ../../../../../../../Users/c.blondy/Documents/GitHub/Ruiz/Content/FirstPersonBP/Blueprints/FirstPersonCharacter.uasset was saved by a previous version which is not backwards compatible with this one. Min Required Version: 214  Package Version: 0
[2016.12.09-09.25.53:688][716]LogLinker:Warning: The file ../../../../../../../Users/c.blondy/Documents/GitHub/Ruiz/Content/FirstPersonBP/Blueprints/FirstPersonCharacter.uasset was saved by a previous version which is not backwards compatible with this one. Min Required Version: 214  Package Version: 0
[2016.12.09-09.30.52:978][944]LogWindowsTextInputMethodSystem:Display: IME system now deactivated.
[2016.12.09-09.30.52:978][944]LogWindowsTextInputMethodSystem:Display: IME system now deactivated.
[2016.12.09-09.30.54:483][983]LogEditorViewport: Clicking on Actor (context menu): StaticMeshActor (Floor_37)
[2016.12.09-09.30.55:158][983]LogEditorViewport: Clicking on Actor (context menu): Blueprint_Effect_Steam_C (P_Steam_Lit_Blueprint)
[2016.12.09-09.30.55:261][983]LogEditorViewport: Clicking on Actor (context menu): StaticMeshActor (Floor_37)
[2016.12.09-09.30.55:631][ 17]LogEditorViewport: Clicking on Actor (LMB): BP_Sky_Sphere_C (BP_Sky_Shere)
[2016.12.09-09.31.04:614][869]LogContentBrowser: Native class hierarchy updated for 'BlueprintGraph' in 0.0009 seconds. Added 112 classes and 0 folders.
[2016.12.09-09.31.09:932][128]LogRenderer: Reallocating scene render targets to support 1144x896 (Frame:8425).
[2016.12.09-09.31.25:741][419]LogEditorViewport: Clicking on Actor (context menu): StaticMeshActor (Pillar)
[2016.12.09-09.31.25:802][419]LogEditorViewport: Clicking on Actor (context menu): StaticMeshActor (Wall_Door_400x301)
[2016.12.09-09.31.25:866][419]LogEditorViewport: Clicking on Actor (LMB): StaticMeshActor (Wall_Door_400x301)
[2016.12.09-09.31.51:926][935]LogEditorViewport: Clicking on Actor (LMB): StaticMeshActor (Wall_Door_400x300)
[2016.12.09-09.31.53:280][ 87]LogEditorViewport: Clicking on Actor (LMB): StaticMeshActor (Wall_Door_400x300)
[2016.12.09-09.31.55:712][336]LogEditorViewport: Clicking on Actor (LMB): StaticMeshActor (Statue)
[2016.12.09-09.31.57:070][470]LogEditorViewport: Clicking on Actor (LMB): StaticMeshActor (Table)
[2016.12.09-09.31.58:152][571]LogEditorViewport: Clicking on Actor (LMB): StaticMeshActor (Chair)
[2016.12.09-09.31.59:188][668]LogEditorViewport: Clicking on Actor (LMB): StaticMeshActor (Chair)
[2016.12.09-09.32.05:898][ 95]LogEditorViewport: Clicking on Actor (LMB): StaticMeshActor (Pillar)
[2016.12.09-09.32.06:644][164]LogEditorViewport: Clicking on Actor (LMB): StaticMeshActor (Floor_2)
[2016.12.09-09.32.35:022][673]LogEditorViewport: Clicking on Actor (LMB): StaticMeshActor (Pillar)
[2016.12.09-09.32.42:311][430]LogEditorViewport: Clicking on Actor (LMB): StaticMeshActor (PillarCorner)
[2016.12.09-09.32.43:441][537]LogEditorViewport: Clicking on Actor (LMB): Blueprint_Effect_Fire_C (P_Fire_Blueprint)
[2016.12.09-09.32.44:811][665]LogEditorViewport: Clicking on Actor (LMB): StaticMeshActor (Pillar)
[2016.12.09-09.32.47:006][872]LogEditorViewport: Clicking on Actor (LMB): Blueprint_Effect_Fire_C (P_Fire_Blueprint)
[2016.12.09-09.32.56:532][839]LogEditorViewport: Clicking on Actor (LMB): Blueprint_Effect_Fire_C (P_Fire_Blueprint)
[2016.12.09-09.35.01:149][108]LogSavePackage: Save=2941.81ms
[2016.12.09-09.35.01:154][108]LogSavePackage: Moving '../../../../../../../Users/c.blondy/Documents/GitHub/Ruiz/Saved/StarterMap_Auto1E0F98C194C9373CF9FB914821AF01596.tmp' to '../../../../../../../Users/c.blondy/Documents/GitHub/Ruiz/Saved/Autosaves/Game/StarterContent/Maps/StarterMap_Auto1.umap'
[2016.12.09-09.35.01:155][108]LogSavePackage:Display: Finished SavePackage ../../../../../../../Users/c.blondy/Documents/GitHub/Ruiz/Saved/Autosaves/Game/StarterContent/Maps/StarterMap_Auto1.umap
[2016.12.09-09.35.02:658][108]LogFileHelpers: Editor autosave (incl. sublevels) for '/Game/StarterContent/Maps/StarterMap' took 6.595
[2016.12.09-09.35.02:658][108]LogFileHelpers: Editor autosave (incl. sublevels) for all levels took 6.595
[2016.12.09-09.51.00:907][545]Cmd: QUIT_EDITOR
[2016.12.09-09.51.01:343][545]LogWindowsTextInputMethodSystem:Display: IME system now deactivated.
[2016.12.09-09.51.01:488][545]LogExit: Preparing to exit.
[2016.12.09-09.51.04:456][545]LogDirectoryWatcher: A directory notification for 'C:/Users/c.blondy/Documents/GitHub/Ruiz/Content/' was aborted.
[2016.12.09-09.51.04:981][545]LogExit: Editor shut down
[2016.12.09-09.51.04:991][545]LogExit: Transaction tracking system shut down
[2016.12.09-09.51.12:591][545]LogObj: Freed 0b from 0 cluster array pools.
[2016.12.09-09.51.12:591][545]LogExit: Object subsystem successfully closed.
[2016.12.09-09.51.14:500][545]LogD3D11RHI: Shutdown
[2016.12.09-09.51.14:500][545]LogD3D11RHI: CleanupD3DDevice
[2016.12.09-09.51.15:842][545]LogD3D11RHI: ~FD3D11DynamicRHI
[2016.12.09-09.51.17:895][545]LogModuleManager: Shutting down and abandoning module BlueprintGraph (236)
[2016.12.09-09.51.17:895][545]LogModuleManager: Shutting down and abandoning module BlueprintProfiler (235)
[2016.12.09-09.51.17:954][545]LogModuleManager: Shutting down and abandoning module ExternalImagePicker (234)
[2016.12.09-09.51.17:954][545]LogModuleManager: Shutting down and abandoning module HierarchicalLODOutliner (233)
[2016.12.09-09.51.17:967][545]LogModuleManager: Shutting down and abandoning module CrashTracker (232)
[2016.12.09-09.51.18:141][545]LogModuleManager: Shutting down and abandoning module WidgetCarousel (231)
[2016.12.09-09.51.18:141][545]LogModuleManager: Shutting down and abandoning module AddContentDialog (230)
[2016.12.09-09.51.18:150][545]LogDirectoryWatcher: A directory notification for 'C:/UE4/UnrealEngine/Epic Games/4.13/FeaturePacks/' was aborted.
[2016.12.09-09.51.18:184][545]LogModuleManager: Shutting down and abandoning module GameplayTags (229)
[2016.12.09-09.51.18:185][545]LogModuleManager: Shutting down and abandoning module EditorWidgets (228)
[2016.12.09-09.51.18:185][545]LogModuleManager: Shutting down and abandoning module CollectionManager (227)
[2016.12.09-09.51.18:409][545]LogDirectoryWatcher: A directory notification for 'C:/Users/c.blondy/Documents/GitHub/Ruiz/Content/Collections/' was aborted.
[2016.12.09-09.51.18:409][545]LogDirectoryWatcher: A directory notification for 'C:/Users/c.blondy/Documents/GitHub/Ruiz/Content/Developers/cblondy/Collections/' was aborted.
[2016.12.09-09.51.18:409][545]LogDirectoryWatcher: A directory notification for 'C:/Users/c.blondy/Documents/GitHub/Ruiz/Saved/Collections/' was aborted.
[2016.12.09-09.51.18:409][545]LogModuleManager: Shutting down and abandoning module SceneOutliner (226)
[2016.12.09-09.51.18:409][545]LogModuleManager: Shutting down and abandoning module StatsViewer (225)
[2016.12.09-09.51.18:525][545]LogModuleManager: Shutting down and abandoning module FoliageEdit (224)
[2016.12.09-09.51.18:552][545]LogModuleManager: Shutting down and abandoning module LandscapeEditor (223)
[2016.12.09-09.51.18:737][545]LogModuleManager: Shutting down and abandoning module SceneDepthPickerMode (222)
[2016.12.09-09.51.18:737][545]LogModuleManager: Shutting down and abandoning module ActorPickerMode (221)
[2016.12.09-09.51.18:737][545]LogModuleManager: Shutting down and abandoning module GeometryMode (220)
[2016.12.09-09.51.18:737][545]LogModuleManager: Shutting down and abandoning module TextureAlignMode (219)
[2016.12.09-09.51.18:737][545]LogModuleManager: Shutting down and abandoning module BspMode (218)
[2016.12.09-09.51.18:778][545]LogModuleManager: Shutting down and abandoning module HardwareSurvey (217)
[2016.12.09-09.51.18:812][545]LogModuleManager: Shutting down and abandoning module SequenceRecorderSections (216)
[2016.12.09-09.51.18:812][545]LogModuleManager: Shutting down and abandoning module SequenceRecorder (215)
[2016.12.09-09.51.18:847][545]LogModuleManager: Shutting down and abandoning module AutomationWorker (214)
[2016.12.09-09.51.18:862][545]LogModuleManager: Shutting down and abandoning module MatineeToLevelSequence (213)
[2016.12.09-09.51.18:862][545]LogModuleManager: Shutting down and abandoning module PlacementMode (212)
[2016.12.09-09.51.18:875][545]LogModuleManager: Shutting down and abandoning module LevelSequenceEditor (211)
[2016.12.09-09.51.19:144][545]LogModuleManager: Shutting down and abandoning module WmfMediaFactory (210)
[2016.12.09-09.51.19:144][545]LogModuleManager: Shutting down and abandoning module WmfMediaEditor (209)
[2016.12.09-09.51.19:144][545]LogModuleManager: Shutting down and abandoning module AvfMediaFactory (208)
[2016.12.09-09.51.19:144][545]LogModuleManager: Shutting down and abandoning module AvfMediaEditor (207)
[2016.12.09-09.51.19:144][545]LogModuleManager: Shutting down and abandoning module Media (206)
[2016.12.09-09.51.19:144][545]LogModuleManager: Shutting down and abandoning module AndroidMediaFactory (205)
[2016.12.09-09.51.19:144][545]LogModuleManager: Shutting down and abandoning module AndroidMediaEditor (204)
[2016.12.09-09.51.19:144][545]LogModuleManager: Shutting down and abandoning module CharacterAI (203)
[2016.12.09-09.51.19:144][545]LogModuleManager: Shutting down and abandoning module SmartSnapping (202)
[2016.12.09-09.51.19:144][545]LogModuleManager: Shutting down and abandoning module SessionServices (201)
[2016.12.09-09.51.19:144][545]LogModuleManager: Shutting down and abandoning module ViewportSnapping (200)
[2016.12.09-09.51.19:145][545]LogModuleManager: Shutting down and abandoning module ViewportInteraction (199)
[2016.12.09-09.51.19:145][545]LogModuleManager: Shutting down and abandoning module LogVisualizer (198)
[2016.12.09-09.51.19:159][545]LogModuleManager: Shutting down and abandoning module GameProjectGeneration (197)
[2016.12.09-09.51.19:193][545]LogModuleManager: Shutting down and abandoning module IntroTutorials (196)
[2016.12.09-09.51.19:578][545]LogModuleManager: Shutting down and abandoning module EditorLiveStreaming (195)
[2016.12.09-09.51.19:578][545]LogModuleManager: Shutting down and abandoning module IOSPlatformEditor (194)
[2016.12.09-09.51.19:599][545]LogModuleManager: Shutting down and abandoning module HTML5PlatformEditor (193)
[2016.12.09-09.51.19:599][545]LogModuleManager: Shutting down and abandoning module AndroidDeviceDetection (192)
[2016.12.09-09.51.20:423][545]LogModuleManager: Shutting down and abandoning module AndroidPlatformEditor (191)
[2016.12.09-09.51.20:462][545]LogModuleManager: Shutting down and abandoning module IOSRuntimeSettings (190)
[2016.12.09-09.51.20:462][545]LogModuleManager: Shutting down and abandoning module AndroidRuntimeSettings (189)
[2016.12.09-09.51.20:462][545]LogModuleManager: Shutting down and abandoning module NiagaraEditor (188)
[2016.12.09-09.51.20:612][545]LogModuleManager: Shutting down and abandoning module MergeActors (187)
[2016.12.09-09.51.20:618][545]LogModuleManager: Shutting down and abandoning module SizeMap (186)
[2016.12.09-09.51.20:712][545]LogModuleManager: Shutting down and abandoning module TreeMap (185)
[2016.12.09-09.51.20:759][545]LogModuleManager: Shutting down and abandoning module ReferenceViewer (184)
[2016.12.09-09.51.20:759][545]LogModuleManager: Shutting down and abandoning module LocalizationService (183)
[2016.12.09-09.51.20:793][545]LogModuleManager: Shutting down and abandoning module LocalizationDashboard (182)
[2016.12.09-09.51.20:806][545]LogModuleManager: Shutting down and abandoning module HardwareTargeting (181)
[2016.12.09-09.51.20:828][545]LogModuleManager: Shutting down and abandoning module DeviceProfileEditor (180)
[2016.12.09-09.51.20:881][545]LogModuleManager: Shutting down and abandoning module UndoHistory (179)
[2016.12.09-09.51.20:928][545]LogModuleManager: Shutting down and abandoning module UserFeedback (178)
[2016.12.09-09.51.20:928][545]LogModuleManager: Shutting down and abandoning module XmlParser (177)
[2016.12.09-09.51.20:947][545]LogModuleManager: Shutting down and abandoning module Blutility (176)
[2016.12.09-09.51.20:953][545]LogModuleManager: Shutting down and abandoning module ProjectTargetPlatformEditor (175)
[2016.12.09-09.51.20:953][545]LogModuleManager: Shutting down and abandoning module ProjectSettingsViewer (174)
[2016.12.09-09.51.20:953][545]LogModuleManager: Shutting down and abandoning module InputBindingEditor (173)
[2016.12.09-09.51.21:017][545]LogModuleManager: Shutting down and abandoning module EditorSettingsViewer (172)
[2016.12.09-09.51.21:043][545]LogModuleManager: Shutting down and abandoning module SettingsEditor (171)
[2016.12.09-09.51.21:043][545]LogModuleManager: Shutting down and abandoning module ProjectLauncher (170)
[2016.12.09-09.51.21:117][545]LogModuleManager: Shutting down and abandoning module SessionFrontend (169)
[2016.12.09-09.51.21:140][545]LogModuleManager: Shutting down and abandoning module ProfilerClient (168)
[2016.12.09-09.51.21:176][545]LogModuleManager: Shutting down and abandoning module TargetDeviceServices (167)
[2016.12.09-09.51.21:176][545]LogModuleManager: Shutting down and abandoning module DeviceManager (166)
[2016.12.09-09.51.21:260][545]LogModuleManager: Shutting down and abandoning module AutomationController (165)
[2016.12.09-09.51.21:269][545]LogModuleManager: Shutting down and abandoning module AutomationWindow (164)
[2016.12.09-09.51.21:334][545]LogModuleManager: Shutting down and abandoning module Layers (163)
[2016.12.09-09.51.21:444][545]LogModuleManager: Shutting down and abandoning module ComponentVisualizers (162)
[2016.12.09-09.51.21:444][545]LogModuleManager: Shutting down and abandoning module DetailCustomizations (161)
[2016.12.09-09.51.21:454][545]LogModuleManager: Shutting down and abandoning module PackagesDialog (160)
[2016.12.09-09.51.21:454][545]LogModuleManager: Shutting down and abandoning module AnimGraph (159)
[2016.12.09-09.51.21:454][545]LogModuleManager: Shutting down and abandoning module Persona (158)
[2016.12.09-09.51.21:564][545]LogModuleManager: Shutting down and abandoning module Kismet (157)
[2016.12.09-09.51.21:638][545]LogModuleManager: Shutting down and abandoning module GraphEditor (156)
[2016.12.09-09.51.21:638][545]LogModuleManager: Shutting down and abandoning module ClassViewer (155)
[2016.12.09-09.51.21:649][545]LogModuleManager: Shutting down and abandoning module Toolbox (154)
[2016.12.09-09.51.21:684][545]LogModuleManager: Shutting down and abandoning module ModuleUI (153)
[2016.12.09-09.51.21:725][545]LogModuleManager: Shutting down and abandoning module MovieSceneTools (152)
[2016.12.09-09.51.21:795][545]LogModuleManager: Shutting down and abandoning module OutputLog (151)
[2016.12.09-09.51.21:796][545]LogModuleManager: Shutting down and abandoning module GammaUI (150)
[2016.12.09-09.51.21:820][545]LogModuleManager: Shutting down and abandoning module Documentation (149)
[2016.12.09-09.51.21:820][545]LogModuleManager: Shutting down and abandoning module Niagara (148)
[2016.12.09-09.51.21:848][545]LogModuleManager: Shutting down and abandoning module StreamingPauseRendering (147)
[2016.12.09-09.51.21:848][545]LogModuleManager: Shutting down and abandoning module AnalyticsET (146)
[2016.12.09-09.51.21:848][545]LogModuleManager: Shutting down and abandoning module PortalServices (145)
[2016.12.09-09.51.21:848][545]LogModuleManager: Shutting down and abandoning module PortalRpc (144)
[2016.12.09-09.51.21:848][545]LogModuleManager: Shutting down and abandoning module MessagingRpc (143)
[2016.12.09-09.51.21:848][545]LogModuleManager: Shutting down and abandoning module GameplayDebugger (142)
[2016.12.09-09.51.21:853][545]LogModuleManager: Shutting down and abandoning module AITestSuite (141)
[2016.12.09-09.51.21:871][545]LogModuleManager: Shutting down and abandoning module AIModule (140)
[2016.12.09-09.51.21:871][545]LogModuleManager: Shutting down and abandoning module ProfilerService (139)
[2016.12.09-09.51.22:052][545]LogModuleManager: Shutting down and abandoning module TaskGraph (138)
[2016.12.09-09.51.22:532][545]LogModuleManager: Shutting down and abandoning module SlateRemote (137)
[2016.12.09-09.51.22:532][545]LogModuleManager: Shutting down and abandoning module SteamVRController (136)
[2016.12.09-09.51.22:532][545]LogModuleManager: Shutting down and abandoning module SteamVR (135)
[2016.12.09-09.51.22:532][545]LogModuleManager: Shutting down and abandoning module ProceduralMeshComponentEditor (134)
[2016.12.09-09.51.22:573][545]LogModuleManager: Shutting down and abandoning module ProceduralMeshComponent (133)
[2016.12.09-09.51.22:573][545]LogModuleManager: Shutting down and abandoning module OculusLibrary (132)
[2016.12.09-09.51.22:573][545]LogModuleManager: Shutting down and abandoning module OculusInput (131)
[2016.12.09-09.51.22:573][545]LogModuleManager: Shutting down and abandoning module CustomMeshComponent (130)
[2016.12.09-09.51.22:573][545]LogModuleManager: Shutting down and abandoning module CableComponent (129)
[2016.12.09-09.51.22:573][545]LogModuleManager: Shutting down and abandoning module ArchVisCharacter (128)
[2016.12.09-09.51.22:573][545]LogModuleManager: Shutting down and abandoning module MediaPlayerEditor (126)
[2016.12.09-09.51.22:630][545]LogModuleManager: Shutting down and abandoning module HTML5Networking (125)
[2016.12.09-09.51.22:630][545]LogModuleManager: Shutting down and abandoning module GeometryCacheEd (124)
[2016.12.09-09.51.22:630][545]LogModuleManager: Shutting down and abandoning module GeometryCache (123)
[2016.12.09-09.51.22:630][545]LogModuleManager: Shutting down and abandoning module AlembicLibrary (122)
[2016.12.09-09.51.22:630][545]LogModuleManager: Shutting down and abandoning module AlembicImporter (121)
[2016.12.09-09.51.22:647][545]LogModuleManager: Shutting down and abandoning module SuperSearch (120)
[2016.12.09-09.51.22:647][545]LogModuleManager: Shutting down and abandoning module SuperSearchEditor (119)
[2016.12.09-09.51.22:647][545]LogModuleManager: Shutting down and abandoning module SpeedTreeImporter (118)
[2016.12.09-09.51.22:647][545]LogModuleManager: Shutting down and abandoning module PluginBrowser (117)
[2016.12.09-09.51.22:655][545]LogModuleManager: Shutting down and abandoning module MobileLauncherProfileWizard (116)
[2016.12.09-09.51.22:736][545]LogModuleManager: Shutting down and abandoning module EpicSurvey (115)
[2016.12.09-09.51.22:741][545]LogModuleManager: Shutting down and abandoning module DesktopPlatform (114)
[2016.12.09-09.51.22:748][545]LogModuleManager: Shutting down and abandoning module VisualStudioSourceCodeAccess (113)
[2016.12.09-09.51.22:759][545]LogModuleManager: Shutting down and abandoning module UObjectPlugin (112)
[2016.12.09-09.51.22:759][545]LogModuleManager: Shutting down and abandoning module SubversionSourceControl (111)
[2016.12.09-09.51.22:770][545]LogModuleManager: Shutting down and abandoning module PerforceSourceControl (110)
[2016.12.09-09.51.22:840][545]LogModuleManager: Shutting down and abandoning module SourceControl (109)
[2016.12.09-09.51.22:858][545]LogModuleManager: Shutting down and abandoning module GitSourceControl (108)
[2016.12.09-09.51.22:901][545]LogModuleManager: Shutting down and abandoning module LightPropagationVolumeEditor (107)
[2016.12.09-09.51.22:901][545]LogModuleManager: Shutting down and abandoning module PaperTiledImporter (106)
[2016.12.09-09.51.22:971][545]LogModuleManager: Shutting down and abandoning module PaperSpriteSheetImporter (105)
[2016.12.09-09.51.22:971][545]LogModuleManager: Shutting down and abandoning module MeshPaint (104)
[2016.12.09-09.51.22:971][545]LogModuleManager: Shutting down and abandoning module FbxAutomationBuilderModule (103)
[2016.12.09-09.51.23:026][545]LogModuleManager: Shutting down and abandoning module PixelInspectorModule (102)
[2016.12.09-09.51.23:045][545]LogModuleManager: Shutting down and abandoning module HotReload (101)
[2016.12.09-09.51.23:207][545]LogModuleManager: Shutting down and abandoning module MainFrame (100)
[2016.12.09-09.51.23:207][545]LogModuleManager: Shutting down and abandoning module LevelEditor (99)
[2016.12.09-09.51.23:231][545]LogModuleManager: Shutting down and abandoning module ContentBrowser (98)
[2016.12.09-09.51.23:232][545]LogModuleManager: Shutting down and abandoning module Paper2DEditor (97)
[2016.12.09-09.51.23:276][545]LogModuleManager: Shutting down and abandoning module UdpMessaging (96)
[2016.12.09-09.51.23:377][545]LogModuleManager: Shutting down and abandoning module TcpMessaging (95)
[2016.12.09-09.51.23:666][545]LogModuleManager: Shutting down and abandoning module LightPropagationVolumeRuntime (94)
[2016.12.09-09.51.23:667][545]LogModuleManager: Shutting down and abandoning module Paper2D (93)
[2016.12.09-09.51.23:673][545]LogModuleManager: Shutting down and abandoning module WindowsMoviePlayer (92)
[2016.12.09-09.51.23:690][545]LogModuleManager: Shutting down and abandoning module WmfMedia (91)
[2016.12.09-09.51.23:762][545]LogModuleManager: Shutting down and abandoning module MediaAssets (90)
[2016.12.09-09.51.23:763][545]LogModuleManager: Shutting down and abandoning module GameLiveStreaming (89)
[2016.12.09-09.51.23:783][545]LogModuleManager: Shutting down and abandoning module GameplayTagsEditor (88)
[2016.12.09-09.51.23:816][545]LogModuleManager: Shutting down and abandoning module VREditor (87)
[2016.12.09-09.51.23:816][545]LogModuleManager: Shutting down and abandoning module GameplayTasksEditor (86)
[2016.12.09-09.51.23:816][545]LogModuleManager: Shutting down and abandoning module PropertyEditor (85)
[2016.12.09-09.51.23:816][545]LogModuleManager: Shutting down and abandoning module BehaviorTreeEditor (84)
[2016.12.09-09.51.23:959][545]LogModuleManager: Shutting down and abandoning module FunctionalTesting (83)
[2016.12.09-09.51.23:959][545]LogModuleManager: Shutting down and abandoning module CollisionAnalyzer (82)
[2016.12.09-09.51.23:996][545]LogModuleManager: Shutting down and abandoning module Sequencer (81)
[2016.12.09-09.51.24:136][545]LogModuleManager: Shutting down and abandoning module WorkspaceMenuStructure (80)
[2016.12.09-09.51.24:136][545]LogModuleManager: Shutting down and abandoning module MessageLog (79)
[2016.12.09-09.51.24:136][545]LogModuleManager: Shutting down and abandoning module AssetTools (78)
[2016.12.09-09.51.24:171][545]LogModuleManager: Shutting down and abandoning module UMGEditor (77)
[2016.12.09-09.51.24:235][545]LogModuleManager: Shutting down and abandoning module UMG (76)
[2016.12.09-09.51.24:276][545]LogModuleManager: Shutting down and abandoning module SlateReflector (75)
[2016.12.09-09.51.24:335][545]LogModuleManager: Shutting down and abandoning module Slate (74)
[2016.12.09-09.51.24:335][545]LogModuleManager: Shutting down and abandoning module EditorStyle (73)
[2016.12.09-09.51.24:365][545]LogModuleManager: Shutting down and abandoning module SourceCodeAccess (72)
[2016.12.09-09.51.24:365][545]LogModuleManager: Shutting down and abandoning module HeadMountedDisplay (71)
[2016.12.09-09.51.24:365][545]LogModuleManager: Shutting down and abandoning module XAudio2 (70)
[2016.12.09-09.51.24:365][545]LogModuleManager: Shutting down and abandoning module Networking (68)
[2016.12.09-09.51.24:365][545]LogModuleManager: Shutting down and abandoning module Core (67)
[2016.12.09-09.51.24:365][545]LogModuleManager: Shutting down and abandoning module DirectoryWatcher (66)
[2016.12.09-09.51.24:365][545]LogDirectoryWatcher: A directory notification for '../../../Engine/Content/' was aborted.
[2016.12.09-09.51.24:365][545]LogDirectoryWatcher: A directory notification for '../../../../../../../Users/c.blondy/Documents/GitHub/Ruiz/Content/' was aborted.
[2016.12.09-09.51.24:365][545]LogDirectoryWatcher: A directory notification for '../../../Engine/Plugins/2D/Paper2D/Content/' was aborted.
[2016.12.09-09.51.24:377][545]LogModuleManager: Shutting down and abandoning module AssetRegistry (65)
[2016.12.09-09.51.24:582][545]LogModuleManager: Shutting down and abandoning module KismetCompiler (64)
[2016.12.09-09.51.24:582][545]LogModuleManager: Shutting down and abandoning module PhysXFormats (63)
[2016.12.09-09.51.24:586][545]LogModuleManager: Shutting down and abandoning module MeshUtilities (62)
[2016.12.09-09.51.24:595][545]LogModuleManager: Shutting down and abandoning module DerivedDataCache (61)
[2016.12.09-09.51.24:644][545]LogDerivedDataCache: Shutdown
[2016.12.09-09.51.24:644][545]LogModuleManager: Shutting down and abandoning module VulkanShaderFormat (60)
[2016.12.09-09.51.24:679][545]LogModuleManager: Shutting down and abandoning module ShaderFormatOpenGL (59)
[2016.12.09-09.51.24:708][545]LogModuleManager: Shutting down and abandoning module ShaderFormatD3D (58)
[2016.12.09-09.51.24:737][545]LogModuleManager: Shutting down and abandoning module MetalShaderFormat (57)
[2016.12.09-09.51.24:750][545]LogModuleManager: Shutting down and abandoning module TextureFormatUncompressed (56)
[2016.12.09-09.51.24:750][545]LogModuleManager: Shutting down and abandoning module TextureFormatPVR (55)
[2016.12.09-09.51.24:768][545]LogModuleManager: Shutting down and abandoning module TextureFormatDXT (54)
[2016.12.09-09.51.24:768][545]LogModuleManager: Shutting down and abandoning module TextureFormatIntelISPCTexComp (53)
[2016.12.09-09.51.24:963][545]LogModuleManager: Shutting down and abandoning module ImageWrapper (52)
[2016.12.09-09.51.24:963][545]LogModuleManager: Shutting down and abandoning module TextureFormatASTC (51)
[2016.12.09-09.51.24:963][545]LogModuleManager: Shutting down and abandoning module TextureFormatAndroid (50)
[2016.12.09-09.51.24:963][545]LogModuleManager: Shutting down and abandoning module AudioFormatOpus (49)
[2016.12.09-09.51.24:995][545]LogModuleManager: Shutting down and abandoning module AudioFormatOgg (48)
[2016.12.09-09.51.25:004][545]LogModuleManager: Shutting down and abandoning module AudioFormatADPCM (47)
[2016.12.09-09.51.25:010][545]LogModuleManager: Shutting down and abandoning module LinuxTargetPlatform (46)
[2016.12.09-09.51.25:010][545]LogModuleManager: Shutting down and abandoning module LinuxServerTargetPlatform (45)
[2016.12.09-09.51.25:018][545]LogModuleManager: Shutting down and abandoning module LinuxNoEditorTargetPlatform (44)
[2016.12.09-09.51.25:063][545]LogModuleManager: Shutting down and abandoning module LinuxClientTargetPlatform (43)
[2016.12.09-09.51.25:064][545]LogModuleManager: Shutting down and abandoning module TVOSTargetPlatform (42)
[2016.12.09-09.51.25:064][545]LogModuleManager: Shutting down and abandoning module Messaging (41)
[2016.12.09-09.51.25:064][545]LogModuleManager: Shutting down and abandoning module IOSTargetPlatform (40)
[2016.12.09-09.51.25:064][545]LogModuleManager: Shutting down and abandoning module HTML5TargetPlatform (39)
[2016.12.09-09.51.25:064][545]LogModuleManager: Shutting down and abandoning module Android_PVRTCTargetPlatform (38)
[2016.12.09-09.51.25:064][545]LogModuleManager: Shutting down and abandoning module Android_MultiTargetPlatform (37)
[2016.12.09-09.51.25:064][545]LogModuleManager: Shutting down and abandoning module Android_ETC2TargetPlatform (36)
[2016.12.09-09.51.25:064][545]LogModuleManager: Shutting down and abandoning module Android_ETC1TargetPlatform (35)
[2016.12.09-09.51.25:064][545]LogModuleManager: Shutting down and abandoning module Android_DXTTargetPlatform (34)
[2016.12.09-09.51.25:064][545]LogModuleManager: Shutting down and abandoning module Android_ATCTargetPlatform (33)
[2016.12.09-09.51.25:064][545]LogModuleManager: Shutting down and abandoning module Android_ASTCTargetPlatform (32)
[2016.12.09-09.51.25:064][545]LogModuleManager: Shutting down and abandoning module AndroidTargetPlatform (31)
[2016.12.09-09.51.25:064][545]LogModuleManager: Shutting down and abandoning module WindowsTargetPlatform (30)
[2016.12.09-09.51.25:064][545]LogModuleManager: Shutting down and abandoning module WindowsServerTargetPlatform (29)
[2016.12.09-09.51.25:096][545]LogModuleManager: Shutting down and abandoning module WindowsNoEditorTargetPlatform (28)
[2016.12.09-09.51.25:119][545]LogModuleManager: Shutting down and abandoning module WindowsClientTargetPlatform (27)
[2016.12.09-09.51.25:135][545]LogModuleManager: Shutting down and abandoning module AllDesktopTargetPlatform (26)
[2016.12.09-09.51.25:135][545]LogModuleManager: Shutting down and abandoning module TargetPlatform (25)
[2016.12.09-09.51.25:135][545]LogModuleManager: Shutting down and abandoning module InputCore (24)
[2016.12.09-09.51.25:135][545]LogModuleManager: Shutting down and abandoning module Settings (23)
[2016.12.09-09.51.25:184][545]LogModuleManager: Shutting down and abandoning module OculusRift (22)
[2016.12.09-09.51.25:349][545]LogModuleManager: Shutting down and abandoning module GearVR (21)
[2016.12.09-09.51.25:349][545]LogModuleManager: Shutting down and abandoning module ExampleDeviceProfileSelector (20)
[2016.12.09-09.51.25:349][545]LogModuleManager: Shutting down and abandoning module OnlineBlueprintSupport (19)
[2016.12.09-09.51.25:349][545]LogModuleManager: Shutting down and abandoning module OnlineSubsystem (17)
[2016.12.09-09.51.25:479][545]LogOnline:Display: Unloading online subsystem: NULL
[2016.12.09-09.51.25:586][545]LogModuleManager: Shutting down and abandoning module HTTP (16)
[2016.12.09-09.51.25:586][545]LogHttp:Display: Http module shutting down, but needs to wait on 1 outstanding Http requests:
[2016.12.09-09.51.25:586][545]LogHttp:Display: 	verb=[POST] url=[https://datarouter.ol.epicgames.com/datarouter/api/v1/public/data?SessionID=%7BCDD9B146-475B-7820-5A49-A6A00C732E21%7D&AppID=UEEditor.Rocket.Release&AppVersion=4.13.2-3172292%2B%2B%2BUE4%2BRelease-4.13&UserID=09828cb64f0f498f5aef9f9e1781a474%7C08d8f69df2854539b227171ac072b661%7Cf1acecb5-a286-4689-9dd6-aeb44955405c&AppEnvironment=datacollector-binary&UploadType=eteventstream] status=Processing
[2016.12.09-09.51.25:653][545]LogModuleManager: Shutting down and abandoning module XMPP (15)
[2016.12.09-09.51.25:696][545]LogModuleManager: Shutting down and abandoning module TextureCompressor (14)
[2016.12.09-09.51.25:696][545]LogModuleManager: Shutting down and abandoning module ShaderCore (13)
[2016.12.09-09.51.25:696][545]LogModuleManager: Shutting down and abandoning module Landscape (12)
[2016.12.09-09.51.25:696][545]LogModuleManager: Shutting down and abandoning module SlateRHIRenderer (11)
[2016.12.09-09.51.25:736][545]LogModuleManager: Shutting down and abandoning module OpenGLDrv (10)
[2016.12.09-09.51.25:746][545]LogModuleManager: Shutting down and abandoning module D3D11RHI (9)
[2016.12.09-09.51.25:746][545]LogModuleManager: Shutting down and abandoning module AnimGraphRuntime (8)
[2016.12.09-09.51.25:746][545]LogModuleManager: Shutting down and abandoning module Renderer (7)
[2016.12.09-09.51.25:746][545]LogModuleManager: Shutting down and abandoning module Engine (6)
[2016.12.09-09.51.25:746][545]LogModuleManager: Shutting down and abandoning module CoreUObject (5)
[2016.12.09-09.51.25:746][545]LogModuleManager: Shutting down and abandoning module NetworkFile (4)
[2016.12.09-09.51.25:775][545]LogModuleManager: Shutting down and abandoning module StreamingFile (3)
[2016.12.09-09.51.25:782][545]LogModuleManager: Shutting down and abandoning module SandboxFile (2)
[2016.12.09-09.51.25:803][545]LogModuleManager: Shutting down and abandoning module PakFile (1)
[2016.12.09-09.51.25:937][545]LogExit: Exiting.
[2016.12.09-09.51.26:314][545]Log file closed, 12/09/16 10:51:26
